[ +760 ms] Artifact Instance of 'MaterialFonts' is not required, skipping update.
[        ] Artifact Instance of 'GradleWrapper' is not required, skipping update.
[        ] Artifact Instance of 'AndroidGenSnapshotArtifacts' is not required, skipping update.
[        ] Artifact Instance of 'AndroidInternalBuildArtifacts' is not required, skipping update.
[        ] Artifact Instance of 'IOSEngineArtifacts' is not required, skipping update.
[        ] Artifact Instance of 'FlutterWebSdk' is not required, skipping update.
[   +1 ms] Artifact Instance of 'LegacyCanvasKitRemover' is not required, skipping update.
[        ] Artifact Instance of 'FlutterSdk' is not required, skipping update.
[        ] Artifact Instance of 'WindowsEngineArtifacts' is not required, skipping update.
[        ] Artifact Instance of 'MacOSEngineArtifacts' is not required, skipping update.
[        ] Artifact Instance of 'LinuxEngineArtifacts' is not required, skipping update.
[        ] Artifact Instance of 'LinuxFuchsiaSDKArtifacts' is not required, skipping update.
[        ] Artifact Instance of 'MacOSFuchsiaSDKArtifacts' is not required, skipping update.
[        ] Artifact Instance of 'FlutterRunnerSDKArtifacts' is not required, skipping update.
[        ] Artifact Instance of 'FlutterRunnerDebugSymbols' is not required, skipping update.
[        ] Artifact Instance of 'IosUsbArtifacts' is not required, skipping update.
[        ] Artifact Instance of 'IosUsbArtifacts' is not required, skipping update.
[        ] Artifact Instance of 'IosUsbArtifacts' is not required, skipping update.
[        ] Artifact Instance of 'IosUsbArtifacts' is not required, skipping update.
[        ] Artifact Instance of 'IosUsbArtifacts' is not required, skipping update.
[        ] Artifact Instance of 'IosUsbArtifacts' is not required, skipping update.
[        ] Artifact Instance of 'FontSubsetArtifacts' is not required, skipping update.
[        ] Artifact Instance of 'PubDependencies' is not required, skipping update.
[   +1 ms] executing: [C:\src\flutter/] git -c log.showSignature=false log HEAD -n 1 --pretty=format:%ad --date=iso
[ +107 ms] Exit code 0 from: git -c log.showSignature=false log HEAD -n 1 --pretty=format:%ad --date=iso
[        ] 2026-01-13 13:47:42 -0800
[  +78 ms] Artifact Instance of 'AndroidGenSnapshotArtifacts' is not required, skipping update.
[        ] Artifact Instance of 'AndroidInternalBuildArtifacts' is not required, skipping update.
[        ] Artifact Instance of 'IOSEngineArtifacts' is not required, skipping update.
[        ] Artifact Instance of 'FlutterWebSdk' is not required, skipping update.
[        ] Artifact Instance of 'FlutterEngineStamp' is not required, skipping update.
[        ] Artifact Instance of 'LegacyCanvasKitRemover' is not required, skipping update.
[  +21 ms] Artifact Instance of 'WindowsEngineArtifacts' is not required, skipping update.
[        ] Artifact Instance of 'MacOSEngineArtifacts' is not required, skipping update.
[        ] Artifact Instance of 'LinuxEngineArtifacts' is not required, skipping update.
[        ] Artifact Instance of 'LinuxFuchsiaSDKArtifacts' is not required, skipping update.
[        ] Artifact Instance of 'MacOSFuchsiaSDKArtifacts' is not required, skipping update.
[        ] Artifact Instance of 'FlutterRunnerSDKArtifacts' is not required, skipping update.
[        ] Artifact Instance of 'FlutterRunnerDebugSymbols' is not required, skipping update.
[ +213 ms] executing: C:\Users\lucas\AppData\Local\Android\Sdk\platform-tools\adb.exe devices -l
[ +271 ms] List of devices attached
           ZF525JPNLN             device product:lagos_g model:moto_g06 device:lagos transport_id:3
[   +6 ms] C:\Users\lucas\AppData\Local\Android\Sdk\platform-tools\adb.exe -s ZF525JPNLN shell getprop
[ +269 ms] Artifact Instance of 'AndroidInternalBuildArtifacts' is not required, skipping update.
[        ] Artifact Instance of 'IOSEngineArtifacts' is not required, skipping update.
[   +1 ms] Artifact Instance of 'FlutterEngineStamp' is not required, skipping update.
[   +9 ms] Artifact Instance of 'MacOSEngineArtifacts' is not required, skipping update.
[        ] Artifact Instance of 'LinuxEngineArtifacts' is not required, skipping update.
[        ] Artifact Instance of 'LinuxFuchsiaSDKArtifacts' is not required, skipping update.
[        ] Artifact Instance of 'MacOSFuchsiaSDKArtifacts' is not required, skipping update.
[        ] Artifact Instance of 'FlutterRunnerSDKArtifacts' is not required, skipping update.
[        ] Artifact Instance of 'FlutterRunnerDebugSymbols' is not required, skipping update.
[ +173 ms] executing: [C:\Users\lucas\OneDrive\Desktop\app pagly\smartcart-ui-refresh\mobile_flutter/] C:\src\flutter\bin\cache\dart-sdk\bin\dart pub --suppress-analytics --directory . get --example
Resolving dependencies...
Downloading packages...
  app_links 6.4.1 (7.0.0 available)
  archive 3.6.1 (4.0.7 available)
  camera 0.10.6 (0.11.3 available)
  characters 1.4.0 (1.4.1 available)
  file_picker 6.2.1 (10.3.10 available)
  flutter_dotenv 5.2.1 (6.0.0 available)
  flutter_lints 3.0.2 (6.0.0 available)
  flutter_riverpod 2.6.1 (3.2.0 available)
  go_router 13.2.5 (17.0.1 available)
  google_fonts 6.3.3 (8.0.0 available)
  google_mlkit_commons 0.6.1 (0.11.0 available)
  google_mlkit_text_recognition 0.11.0 (0.15.0 available)
  image 4.3.0 (4.7.2 available)
  intl 0.19.0 (0.20.2 available)
  lints 3.0.0 (6.1.0 available)
  matcher 0.12.17 (0.12.18 available)
  material_color_utilities 0.11.1 (0.13.0 available)
  meta 1.17.0 (1.18.1 available)
  mime 1.0.6 (2.0.0 available)
  riverpod 2.6.1 (3.2.0 available)
  share_plus 7.2.2 (12.0.1 available)
  share_plus_platform_interface 3.4.0 (6.1.0 available)
  test_api 0.7.7 (0.7.9 available)
Got dependencies!
23 packages have newer versions incompatible with dependency constraints.
Try `flutter pub outdated` for more information.
[+1788 ms] Found plugin url_launcher at C:\Users\lucas\AppData\Local\Pub\Cache\hosted\pub.dev\url_launcher-6.3.2\
[   +5 ms] Found plugin url_launcher_windows at C:\Users\lucas\AppData\Local\Pub\Cache\hosted\pub.dev\url_launcher_windows-3.1.5\
[   +7 ms] Found plugin url_launcher_web at C:\Users\lucas\AppData\Local\Pub\Cache\hosted\pub.dev\url_launcher_web-2.4.2\
[   +3 ms] Found plugin url_launcher_macos at C:\Users\lucas\AppData\Local\Pub\Cache\hosted\pub.dev\url_launcher_macos-3.2.5\
[   +2 ms] Found plugin url_launcher_linux at C:\Users\lucas\AppData\Local\Pub\Cache\hosted\pub.dev\url_launcher_linux-3.2.2\
[   +8 ms] Found plugin url_launcher_ios at C:\Users\lucas\AppData\Local\Pub\Cache\hosted\pub.dev\url_launcher_ios-6.3.6\
[   +3 ms] Found plugin url_launcher_android at C:\Users\lucas\AppData\Local\Pub\Cache\hosted\pub.dev\url_launcher_android-6.3.28\
[  +45 ms] Found plugin shared_preferences at C:\Users\lucas\AppData\Local\Pub\Cache\hosted\pub.dev\shared_preferences-2.5.4\
[   +2 ms] Found plugin shared_preferences_windows at C:\Users\lucas\AppData\Local\Pub\Cache\hosted\pub.dev\shared_preferences_windows-2.4.1\
[   +7 ms] Found plugin path_provider_windows at C:\Users\lucas\AppData\Local\Pub\Cache\hosted\pub.dev\path_provider_windows-2.3.0\
[  +17 ms] Found plugin shared_preferences_web at C:\Users\lucas\AppData\Local\Pub\Cache\hosted\pub.dev\shared_preferences_web-2.4.3\
[   +4 ms] Found plugin shared_preferences_linux at C:\Users\lucas\AppData\Local\Pub\Cache\hosted\pub.dev\shared_preferences_linux-2.4.1\
[   +4 ms] Found plugin path_provider_linux at C:\Users\lucas\AppData\Local\Pub\Cache\hosted\pub.dev\path_provider_linux-2.2.1\
[   +4 ms] Found plugin shared_preferences_foundation at C:\Users\lucas\AppData\Local\Pub\Cache\hosted\pub.dev\shared_preferences_foundation-2.5.6\
[   +2 ms] Found plugin shared_preferences_android at C:\Users\lucas\AppData\Local\Pub\Cache\hosted\pub.dev\shared_preferences_android-2.4.20\
[   +3 ms] Found plugin path_provider at C:\Users\lucas\AppData\Local\Pub\Cache\hosted\pub.dev\path_provider-2.1.5\
[   +4 ms] Found plugin path_provider_foundation at C:\Users\lucas\AppData\Local\Pub\Cache\hosted\pub.dev\path_provider_foundation-2.6.0\
[  +12 ms] Found plugin path_provider_android at C:\Users\lucas\AppData\Local\Pub\Cache\hosted\pub.dev\path_provider_android-2.2.22\
[   +1 ms] Found plugin app_links at C:\Users\lucas\AppData\Local\Pub\Cache\hosted\pub.dev\app_links-6.4.1\
[   +1 ms] Found plugin app_links_web at C:\Users\lucas\AppData\Local\Pub\Cache\hosted\pub.dev\app_links_web-1.0.4\
[   +2 ms] Found plugin app_links_linux at C:\Users\lucas\AppData\Local\Pub\Cache\hosted\pub.dev\app_links_linux-1.0.3\
[   +2 ms] Found plugin gtk at C:\Users\lucas\AppData\Local\Pub\Cache\hosted\pub.dev\gtk-2.1.0\
[   +3 ms] Found plugin share_plus at C:\Users\lucas\AppData\Local\Pub\Cache\hosted\pub.dev\share_plus-7.2.2\
[  +13 ms] Found plugin printing at C:\Users\lucas\AppData\Local\Pub\Cache\hosted\pub.dev\printing-5.14.2\
[  +22 ms] Found plugin image_picker at C:\Users\lucas\AppData\Local\Pub\Cache\hosted\pub.dev\image_picker-1.2.1\
[   +2 ms] Found plugin image_picker_windows at C:\Users\lucas\AppData\Local\Pub\Cache\hosted\pub.dev\image_picker_windows-0.2.2\
[   +4 ms] Found plugin file_selector_windows at C:\Users\lucas\AppData\Local\Pub\Cache\hosted\pub.dev\file_selector_windows-0.9.3+5\
[   +4 ms] Found plugin image_picker_macos at C:\Users\lucas\AppData\Local\Pub\Cache\hosted\pub.dev\image_picker_macos-0.2.2+1\
[   +1 ms] Found plugin file_selector_macos at C:\Users\lucas\AppData\Local\Pub\Cache\hosted\pub.dev\file_selector_macos-0.9.5\
[   +2 ms] Found plugin image_picker_linux at C:\Users\lucas\AppData\Local\Pub\Cache\hosted\pub.dev\image_picker_linux-0.2.2\
[   +2 ms] Found plugin file_selector_linux at C:\Users\lucas\AppData\Local\Pub\Cache\hosted\pub.dev\file_selector_linux-0.9.4\
[   +2 ms] Found plugin image_picker_ios at C:\Users\lucas\AppData\Local\Pub\Cache\hosted\pub.dev\image_picker_ios-0.8.13+6\
[   +2 ms] Found plugin image_picker_for_web at C:\Users\lucas\AppData\Local\Pub\Cache\hosted\pub.dev\image_picker_for_web-3.1.1\
[   +2 ms] Found plugin image_picker_android at C:\Users\lucas\AppData\Local\Pub\Cache\hosted\pub.dev\image_picker_android-0.8.13+13\
[   +2 ms] Found plugin flutter_plugin_android_lifecycle at C:\Users\lucas\AppData\Local\Pub\Cache\hosted\pub.dev\flutter_plugin_android_lifecycle-2.0.33\
[   +2 ms] Found plugin google_mlkit_text_recognition at C:\Users\lucas\AppData\Local\Pub\Cache\hosted\pub.dev\google_mlkit_text_recognition-0.11.0\
[   +2 ms] Found plugin google_mlkit_commons at C:\Users\lucas\AppData\Local\Pub\Cache\hosted\pub.dev\google_mlkit_commons-0.6.1\
[  +23 ms] Found plugin file_picker at C:\Users\lucas\AppData\Local\Pub\Cache\hosted\pub.dev\file_picker-6.2.1\
[   +5 ms] Found plugin camera at C:\Users\lucas\AppData\Local\Pub\Cache\hosted\pub.dev\camera-0.10.6\
[   +1 ms] Found plugin camera_web at C:\Users\lucas\AppData\Local\Pub\Cache\hosted\pub.dev\camera_web-0.3.5+3\
[   +4 ms] Found plugin camera_avfoundation at C:\Users\lucas\AppData\Local\Pub\Cache\hosted\pub.dev\camera_avfoundation-0.9.22+9\
[   +1 ms] Found plugin camera_android at C:\Users\lucas\AppData\Local\Pub\Cache\hosted\pub.dev\camera_android-0.10.10+14\
[   +6 ms] Found plugin sqflite at C:\Users\lucas\AppData\Local\Pub\Cache\hosted\pub.dev\sqflite-2.4.2\
[   +5 ms] Found plugin sqflite_darwin at C:\Users\lucas\AppData\Local\Pub\Cache\hosted\pub.dev\sqflite_darwin-2.4.2\
[   +1 ms] Found plugin sqflite_android at C:\Users\lucas\AppData\Local\Pub\Cache\hosted\pub.dev\sqflite_android-2.4.2+2\
[  +10 ms] Package file_picker:linux references file_picker:linux as the default plugin, but it does not provide an inline implementation.
           Ask the maintainers of file_picker to either avoid referencing a default implementation via `platforms: linux: default_package: file_picker` or add an inline implementation to file_picker via `platforms: linux:` `pluginClass` or `dartPluginClass`.

[   +2 ms] Package file_picker:macos references file_picker:macos as the default plugin, but it does not provide an inline implementation.
           Ask the maintainers of file_picker to either avoid referencing a default implementation via `platforms: macos: default_package: file_picker` or add an inline implementation to file_picker via `platforms: macos:` `pluginClass` or `dartPluginClass`.

[        ] Package file_picker:windows references file_picker:windows as the default plugin, but it does not provide an inline implementation.
           Ask the maintainers of file_picker to either avoid referencing a default implementation via `platforms: windows: default_package: file_picker` or add an inline implementation to file_picker via `platforms: windows:` `pluginClass` or `dartPluginClass`.

[  +69 ms] Found plugin url_launcher at C:\Users\lucas\AppData\Local\Pub\Cache\hosted\pub.dev\url_launcher-6.3.2\
[   +2 ms] Found plugin url_launcher_windows at C:\Users\lucas\AppData\Local\Pub\Cache\hosted\pub.dev\url_launcher_windows-3.1.5\
[   +4 ms] Found plugin url_launcher_web at C:\Users\lucas\AppData\Local\Pub\Cache\hosted\pub.dev\url_launcher_web-2.4.2\
[   +2 ms] Found plugin url_launcher_macos at C:\Users\lucas\AppData\Local\Pub\Cache\hosted\pub.dev\url_launcher_macos-3.2.5\
[   +1 ms] Found plugin url_launcher_linux at C:\Users\lucas\AppData\Local\Pub\Cache\hosted\pub.dev\url_launcher_linux-3.2.2\
[   +1 ms] Found plugin url_launcher_ios at C:\Users\lucas\AppData\Local\Pub\Cache\hosted\pub.dev\url_launcher_ios-6.3.6\
[   +1 ms] Found plugin url_launcher_android at C:\Users\lucas\AppData\Local\Pub\Cache\hosted\pub.dev\url_launcher_android-6.3.28\
[  +32 ms] Found plugin shared_preferences at C:\Users\lucas\AppData\Local\Pub\Cache\hosted\pub.dev\shared_preferences-2.5.4\
[   +2 ms] Found plugin shared_preferences_windows at C:\Users\lucas\AppData\Local\Pub\Cache\hosted\pub.dev\shared_preferences_windows-2.4.1\
[   +2 ms] Found plugin path_provider_windows at C:\Users\lucas\AppData\Local\Pub\Cache\hosted\pub.dev\path_provider_windows-2.3.0\
[   +6 ms] Found plugin shared_preferences_web at C:\Users\lucas\AppData\Local\Pub\Cache\hosted\pub.dev\shared_preferences_web-2.4.3\
[   +2 ms] Found plugin shared_preferences_linux at C:\Users\lucas\AppData\Local\Pub\Cache\hosted\pub.dev\shared_preferences_linux-2.4.1\
[   +2 ms] Found plugin path_provider_linux at C:\Users\lucas\AppData\Local\Pub\Cache\hosted\pub.dev\path_provider_linux-2.2.1\
[   +3 ms] Found plugin shared_preferences_foundation at C:\Users\lucas\AppData\Local\Pub\Cache\hosted\pub.dev\shared_preferences_foundation-2.5.6\
[   +2 ms] Found plugin shared_preferences_android at C:\Users\lucas\AppData\Local\Pub\Cache\hosted\pub.dev\shared_preferences_android-2.4.20\
[   +2 ms] Found plugin path_provider at C:\Users\lucas\AppData\Local\Pub\Cache\hosted\pub.dev\path_provider-2.1.5\
[   +1 ms] Found plugin path_provider_foundation at C:\Users\lucas\AppData\Local\Pub\Cache\hosted\pub.dev\path_provider_foundation-2.6.0\
[   +9 ms] Found plugin path_provider_android at C:\Users\lucas\AppData\Local\Pub\Cache\hosted\pub.dev\path_provider_android-2.2.22\
[   +2 ms] Found plugin app_links at C:\Users\lucas\AppData\Local\Pub\Cache\hosted\pub.dev\app_links-6.4.1\
[   +1 ms] Found plugin app_links_web at C:\Users\lucas\AppData\Local\Pub\Cache\hosted\pub.dev\app_links_web-1.0.4\
[   +1 ms] Found plugin app_links_linux at C:\Users\lucas\AppData\Local\Pub\Cache\hosted\pub.dev\app_links_linux-1.0.3\
[   +1 ms] Found plugin gtk at C:\Users\lucas\AppData\Local\Pub\Cache\hosted\pub.dev\gtk-2.1.0\
[   +2 ms] Found plugin share_plus at C:\Users\lucas\AppData\Local\Pub\Cache\hosted\pub.dev\share_plus-7.2.2\
[   +5 ms] Found plugin printing at C:\Users\lucas\AppData\Local\Pub\Cache\hosted\pub.dev\printing-5.14.2\
[  +11 ms] Found plugin image_picker at C:\Users\lucas\AppData\Local\Pub\Cache\hosted\pub.dev\image_picker-1.2.1\
[   +1 ms] Found plugin image_picker_windows at C:\Users\lucas\AppData\Local\Pub\Cache\hosted\pub.dev\image_picker_windows-0.2.2\
[   +2 ms] Found plugin file_selector_windows at C:\Users\lucas\AppData\Local\Pub\Cache\hosted\pub.dev\file_selector_windows-0.9.3+5\
[   +2 ms] Found plugin image_picker_macos at C:\Users\lucas\AppData\Local\Pub\Cache\hosted\pub.dev\image_picker_macos-0.2.2+1\
[   +1 ms] Found plugin file_selector_macos at C:\Users\lucas\AppData\Local\Pub\Cache\hosted\pub.dev\file_selector_macos-0.9.5\
[   +1 ms] Found plugin image_picker_linux at C:\Users\lucas\AppData\Local\Pub\Cache\hosted\pub.dev\image_picker_linux-0.2.2\
[   +1 ms] Found plugin file_selector_linux at C:\Users\lucas\AppData\Local\Pub\Cache\hosted\pub.dev\file_selector_linux-0.9.4\
[   +1 ms] Found plugin image_picker_ios at C:\Users\lucas\AppData\Local\Pub\Cache\hosted\pub.dev\image_picker_ios-0.8.13+6\
[   +1 ms] Found plugin image_picker_for_web at C:\Users\lucas\AppData\Local\Pub\Cache\hosted\pub.dev\image_picker_for_web-3.1.1\
[   +1 ms] Found plugin image_picker_android at C:\Users\lucas\AppData\Local\Pub\Cache\hosted\pub.dev\image_picker_android-0.8.13+13\
[   +1 ms] Found plugin flutter_plugin_android_lifecycle at C:\Users\lucas\AppData\Local\Pub\Cache\hosted\pub.dev\flutter_plugin_android_lifecycle-2.0.33\
[   +1 ms] Found plugin google_mlkit_text_recognition at C:\Users\lucas\AppData\Local\Pub\Cache\hosted\pub.dev\google_mlkit_text_recognition-0.11.0\
[   +1 ms] Found plugin google_mlkit_commons at C:\Users\lucas\AppData\Local\Pub\Cache\hosted\pub.dev\google_mlkit_commons-0.6.1\
[  +21 ms] Found plugin file_picker at C:\Users\lucas\AppData\Local\Pub\Cache\hosted\pub.dev\file_picker-6.2.1\
[   +4 ms] Found plugin camera at C:\Users\lucas\AppData\Local\Pub\Cache\hosted\pub.dev\camera-0.10.6\
[   +1 ms] Found plugin camera_web at C:\Users\lucas\AppData\Local\Pub\Cache\hosted\pub.dev\camera_web-0.3.5+3\
[   +3 ms] Found plugin camera_avfoundation at C:\Users\lucas\AppData\Local\Pub\Cache\hosted\pub.dev\camera_avfoundation-0.9.22+9\
[   +2 ms] Found plugin camera_android at C:\Users\lucas\AppData\Local\Pub\Cache\hosted\pub.dev\camera_android-0.10.10+14\
[   +7 ms] Found plugin sqflite at C:\Users\lucas\AppData\Local\Pub\Cache\hosted\pub.dev\sqflite-2.4.2\
[   +5 ms] Found plugin sqflite_darwin at C:\Users\lucas\AppData\Local\Pub\Cache\hosted\pub.dev\sqflite_darwin-2.4.2\
[   +2 ms] Found plugin sqflite_android at C:\Users\lucas\AppData\Local\Pub\Cache\hosted\pub.dev\sqflite_android-2.4.2+2\
[   +2 ms] Package file_picker:linux references file_picker:linux as the default plugin, but it does not provide an inline implementation.
           Ask the maintainers of file_picker to either avoid referencing a default implementation via `platforms: linux: default_package: file_picker` or add an inline implementation to file_picker via `platforms: linux:` `pluginClass` or `dartPluginClass`.

[        ] Package file_picker:macos references file_picker:macos as the default plugin, but it does not provide an inline implementation.
           Ask the maintainers of file_picker to either avoid referencing a default implementation via `platforms: macos: default_package: file_picker` or add an inline implementation to file_picker via `platforms: macos:` `pluginClass` or `dartPluginClass`.

[        ] Package file_picker:windows references file_picker:windows as the default plugin, but it does not provide an inline implementation.
           Ask the maintainers of file_picker to either avoid referencing a default implementation via `platforms: windows: default_package: file_picker` or add an inline implementation to file_picker via `platforms: windows:` `pluginClass` or `dartPluginClass`.

[  +14 ms] Skipping generating web_plugin_registrant.dart because it is up-to-date.
[  +61 ms] Found plugin url_launcher at C:\Users\lucas\AppData\Local\Pub\Cache\hosted\pub.dev\url_launcher-6.3.2\
[   +1 ms] Found plugin url_launcher_windows at C:\Users\lucas\AppData\Local\Pub\Cache\hosted\pub.dev\url_launcher_windows-3.1.5\
[   +4 ms] Found plugin url_launcher_web at C:\Users\lucas\AppData\Local\Pub\Cache\hosted\pub.dev\url_launcher_web-2.4.2\
[   +3 ms] Found plugin url_launcher_macos at C:\Users\lucas\AppData\Local\Pub\Cache\hosted\pub.dev\url_launcher_macos-3.2.5\
[   +2 ms] Found plugin url_launcher_linux at C:\Users\lucas\AppData\Local\Pub\Cache\hosted\pub.dev\url_launcher_linux-3.2.2\
[   +1 ms] Found plugin url_launcher_ios at C:\Users\lucas\AppData\Local\Pub\Cache\hosted\pub.dev\url_launcher_ios-6.3.6\
[   +2 ms] Found plugin url_launcher_android at C:\Users\lucas\AppData\Local\Pub\Cache\hosted\pub.dev\url_launcher_android-6.3.28\
[  +27 ms] Found plugin shared_preferences at C:\Users\lucas\AppData\Local\Pub\Cache\hosted\pub.dev\shared_preferences-2.5.4\
[   +1 ms] Found plugin shared_preferences_windows at C:\Users\lucas\AppData\Local\Pub\Cache\hosted\pub.dev\shared_preferences_windows-2.4.1\
[   +3 ms] Found plugin path_provider_windows at C:\Users\lucas\AppData\Local\Pub\Cache\hosted\pub.dev\path_provider_windows-2.3.0\
[   +7 ms] Found plugin shared_preferences_web at C:\Users\lucas\AppData\Local\Pub\Cache\hosted\pub.dev\shared_preferences_web-2.4.3\
[   +3 ms] Found plugin shared_preferences_linux at C:\Users\lucas\AppData\Local\Pub\Cache\hosted\pub.dev\shared_preferences_linux-2.4.1\
[   +2 ms] Found plugin path_provider_linux at C:\Users\lucas\AppData\Local\Pub\Cache\hosted\pub.dev\path_provider_linux-2.2.1\
[   +5 ms] Found plugin shared_preferences_foundation at C:\Users\lucas\AppData\Local\Pub\Cache\hosted\pub.dev\shared_preferences_foundation-2.5.6\
[   +2 ms] Found plugin shared_preferences_android at C:\Users\lucas\AppData\Local\Pub\Cache\hosted\pub.dev\shared_preferences_android-2.4.20\
[   +2 ms] Found plugin path_provider at C:\Users\lucas\AppData\Local\Pub\Cache\hosted\pub.dev\path_provider-2.1.5\
[   +2 ms] Found plugin path_provider_foundation at C:\Users\lucas\AppData\Local\Pub\Cache\hosted\pub.dev\path_provider_foundation-2.6.0\
[  +10 ms] Found plugin path_provider_android at C:\Users\lucas\AppData\Local\Pub\Cache\hosted\pub.dev\path_provider_android-2.2.22\
[   +1 ms] Found plugin app_links at C:\Users\lucas\AppData\Local\Pub\Cache\hosted\pub.dev\app_links-6.4.1\
[   +1 ms] Found plugin app_links_web at C:\Users\lucas\AppData\Local\Pub\Cache\hosted\pub.dev\app_links_web-1.0.4\
[   +2 ms] Found plugin app_links_linux at C:\Users\lucas\AppData\Local\Pub\Cache\hosted\pub.dev\app_links_linux-1.0.3\
[   +1 ms] Found plugin gtk at C:\Users\lucas\AppData\Local\Pub\Cache\hosted\pub.dev\gtk-2.1.0\
[   +3 ms] Found plugin share_plus at C:\Users\lucas\AppData\Local\Pub\Cache\hosted\pub.dev\share_plus-7.2.2\
[   +5 ms] Found plugin printing at C:\Users\lucas\AppData\Local\Pub\Cache\hosted\pub.dev\printing-5.14.2\
[  +14 ms] Found plugin image_picker at C:\Users\lucas\AppData\Local\Pub\Cache\hosted\pub.dev\image_picker-1.2.1\
[   +1 ms] Found plugin image_picker_windows at C:\Users\lucas\AppData\Local\Pub\Cache\hosted\pub.dev\image_picker_windows-0.2.2\
[   +2 ms] Found plugin file_selector_windows at C:\Users\lucas\AppData\Local\Pub\Cache\hosted\pub.dev\file_selector_windows-0.9.3+5\
[   +3 ms] Found plugin image_picker_macos at C:\Users\lucas\AppData\Local\Pub\Cache\hosted\pub.dev\image_picker_macos-0.2.2+1\
[   +1 ms] Found plugin file_selector_macos at C:\Users\lucas\AppData\Local\Pub\Cache\hosted\pub.dev\file_selector_macos-0.9.5\
[   +1 ms] Found plugin image_picker_linux at C:\Users\lucas\AppData\Local\Pub\Cache\hosted\pub.dev\image_picker_linux-0.2.2\
[   +1 ms] Found plugin file_selector_linux at C:\Users\lucas\AppData\Local\Pub\Cache\hosted\pub.dev\file_selector_linux-0.9.4\
[   +2 ms] Found plugin image_picker_ios at C:\Users\lucas\AppData\Local\Pub\Cache\hosted\pub.dev\image_picker_ios-0.8.13+6\
[   +1 ms] Found plugin image_picker_for_web at C:\Users\lucas\AppData\Local\Pub\Cache\hosted\pub.dev\image_picker_for_web-3.1.1\
[   +1 ms] Found plugin image_picker_android at C:\Users\lucas\AppData\Local\Pub\Cache\hosted\pub.dev\image_picker_android-0.8.13+13\
[   +1 ms] Found plugin flutter_plugin_android_lifecycle at C:\Users\lucas\AppData\Local\Pub\Cache\hosted\pub.dev\flutter_plugin_android_lifecycle-2.0.33\
[   +2 ms] Found plugin google_mlkit_text_recognition at C:\Users\lucas\AppData\Local\Pub\Cache\hosted\pub.dev\google_mlkit_text_recognition-0.11.0\
[   +2 ms] Found plugin google_mlkit_commons at C:\Users\lucas\AppData\Local\Pub\Cache\hosted\pub.dev\google_mlkit_commons-0.6.1\
[  +17 ms] Found plugin file_picker at C:\Users\lucas\AppData\Local\Pub\Cache\hosted\pub.dev\file_picker-6.2.1\
[   +5 ms] Found plugin camera at C:\Users\lucas\AppData\Local\Pub\Cache\hosted\pub.dev\camera-0.10.6\
[   +1 ms] Found plugin camera_web at C:\Users\lucas\AppData\Local\Pub\Cache\hosted\pub.dev\camera_web-0.3.5+3\
[   +3 ms] Found plugin camera_avfoundation at C:\Users\lucas\AppData\Local\Pub\Cache\hosted\pub.dev\camera_avfoundation-0.9.22+9\
[   +1 ms] Found plugin camera_android at C:\Users\lucas\AppData\Local\Pub\Cache\hosted\pub.dev\camera_android-0.10.10+14\
[   +6 ms] Found plugin sqflite at C:\Users\lucas\AppData\Local\Pub\Cache\hosted\pub.dev\sqflite-2.4.2\
[   +6 ms] Found plugin sqflite_darwin at C:\Users\lucas\AppData\Local\Pub\Cache\hosted\pub.dev\sqflite_darwin-2.4.2\
[   +1 ms] Found plugin sqflite_android at C:\Users\lucas\AppData\Local\Pub\Cache\hosted\pub.dev\sqflite_android-2.4.2+2\
[   +3 ms] Package file_picker:linux references file_picker:linux as the default plugin, but it does not provide an inline implementation.
           Ask the maintainers of file_picker to either avoid referencing a default implementation via `platforms: linux: default_package: file_picker` or add an inline implementation to file_picker via `platforms: linux:` `pluginClass` or `dartPluginClass`.

[        ] Package file_picker:macos references file_picker:macos as the default plugin, but it does not provide an inline implementation.
           Ask the maintainers of file_picker to either avoid referencing a default implementation via `platforms: macos: default_package: file_picker` or add an inline implementation to file_picker via `platforms: macos:` `pluginClass` or `dartPluginClass`.

[        ] Package file_picker:windows references file_picker:windows as the default plugin, but it does not provide an inline implementation.
           Ask the maintainers of file_picker to either avoid referencing a default implementation via `platforms: windows: default_package: file_picker` or add an inline implementation to file_picker via `platforms: windows:` `pluginClass` or `dartPluginClass`.

[  +30 ms] Generating C:\Users\lucas\OneDrive\Desktop\app pagly\smartcart-ui-refresh\mobile_flutter\android\app\src\main\java\io\flutter\plugins\GeneratedPluginRegistrant.java
[   +4 ms] Skipping generating GeneratedPluginRegistrant.java because it is up-to-date.
[   +1 ms] Package file_picker:linux references file_picker:linux as the default plugin, but it does not provide an inline implementation.
           Ask the maintainers of file_picker to either avoid referencing a default implementation via `platforms: linux: default_package: file_picker` or add an inline implementation to file_picker via `platforms: linux:` `pluginClass` or `dartPluginClass`.

[        ] Package file_picker:macos references file_picker:macos as the default plugin, but it does not provide an inline implementation.
           Ask the maintainers of file_picker to either avoid referencing a default implementation via `platforms: macos: default_package: file_picker` or add an inline implementation to file_picker via `platforms: macos:` `pluginClass` or `dartPluginClass`.

[        ] Package file_picker:windows references file_picker:windows as the default plugin, but it does not provide an inline implementation.
           Ask the maintainers of file_picker to either avoid referencing a default implementation via `platforms: windows: default_package: file_picker` or add an inline implementation to file_picker via `platforms: windows:` `pluginClass` or `dartPluginClass`.

[   +3 ms] Skipping generating GeneratedPluginRegistrant.h because it is up-to-date.
[   +3 ms] Skipping generating GeneratedPluginRegistrant.m because it is up-to-date.
[  +56 ms] ro.hardware = mt6768
[        ] ro.build.characteristics = default
[ +118 ms] Initializing file store
[   +5 ms] Done initializing file store
[  +31 ms] Skipping target: gen_localizations
[   +4 ms] gen_dart_plugin_registrant: Starting due to {InvalidatedReasonKind.inputChanged: The following inputs have updated contents: C:\Users\lucas\OneDrive\Desktop\app pagly\smartcart-ui-refresh\mobile_flutter\.dart_tool\package_config.json,C:\Users\lucas\OneDrive\Desktop\app pagly\smartcart-ui-refresh\mobile_flutter\.dart_tool\flutter_build\dart_plugin_registrant.dart}
[  +87 ms] Found plugin url_launcher at C:\Users\lucas\AppData\Local\Pub\Cache\hosted\pub.dev\url_launcher-6.3.2\
[   +1 ms] Found plugin url_launcher_windows at C:\Users\lucas\AppData\Local\Pub\Cache\hosted\pub.dev\url_launcher_windows-3.1.5\
[   +5 ms] Found plugin url_launcher_web at C:\Users\lucas\AppData\Local\Pub\Cache\hosted\pub.dev\url_launcher_web-2.4.2\
[  +55 ms] Found plugin url_launcher_macos at C:\Users\lucas\AppData\Local\Pub\Cache\hosted\pub.dev\url_launcher_macos-3.2.5\
[   +2 ms] Found plugin url_launcher_linux at C:\Users\lucas\AppData\Local\Pub\Cache\hosted\pub.dev\url_launcher_linux-3.2.2\
[   +2 ms] Found plugin url_launcher_ios at C:\Users\lucas\AppData\Local\Pub\Cache\hosted\pub.dev\url_launcher_ios-6.3.6\
[   +2 ms] Found plugin url_launcher_android at C:\Users\lucas\AppData\Local\Pub\Cache\hosted\pub.dev\url_launcher_android-6.3.28\
[  +39 ms] Found plugin shared_preferences at C:\Users\lucas\AppData\Local\Pub\Cache\hosted\pub.dev\shared_preferences-2.5.4\
[   +2 ms] Found plugin shared_preferences_windows at C:\Users\lucas\AppData\Local\Pub\Cache\hosted\pub.dev\shared_preferences_windows-2.4.1\
[   +3 ms] Found plugin path_provider_windows at C:\Users\lucas\AppData\Local\Pub\Cache\hosted\pub.dev\path_provider_windows-2.3.0\
[   +8 ms] Found plugin shared_preferences_web at C:\Users\lucas\AppData\Local\Pub\Cache\hosted\pub.dev\shared_preferences_web-2.4.3\
[   +4 ms] Found plugin shared_preferences_linux at C:\Users\lucas\AppData\Local\Pub\Cache\hosted\pub.dev\shared_preferences_linux-2.4.1\
[   +3 ms] Found plugin path_provider_linux at C:\Users\lucas\AppData\Local\Pub\Cache\hosted\pub.dev\path_provider_linux-2.2.1\
[   +4 ms] Found plugin shared_preferences_foundation at C:\Users\lucas\AppData\Local\Pub\Cache\hosted\pub.dev\shared_preferences_foundation-2.5.6\
[   +1 ms] Found plugin shared_preferences_android at C:\Users\lucas\AppData\Local\Pub\Cache\hosted\pub.dev\shared_preferences_android-2.4.20\
[   +2 ms] Found plugin path_provider at C:\Users\lucas\AppData\Local\Pub\Cache\hosted\pub.dev\path_provider-2.1.5\
[   +2 ms] Found plugin path_provider_foundation at C:\Users\lucas\AppData\Local\Pub\Cache\hosted\pub.dev\path_provider_foundation-2.6.0\
[  +15 ms] Found plugin path_provider_android at C:\Users\lucas\AppData\Local\Pub\Cache\hosted\pub.dev\path_provider_android-2.2.22\
[   +4 ms] Found plugin app_links at C:\Users\lucas\AppData\Local\Pub\Cache\hosted\pub.dev\app_links-6.4.1\
[   +3 ms] Found plugin app_links_web at C:\Users\lucas\AppData\Local\Pub\Cache\hosted\pub.dev\app_links_web-1.0.4\
[   +6 ms] Found plugin app_links_linux at C:\Users\lucas\AppData\Local\Pub\Cache\hosted\pub.dev\app_links_linux-1.0.3\
[   +4 ms] Found plugin gtk at C:\Users\lucas\AppData\Local\Pub\Cache\hosted\pub.dev\gtk-2.1.0\
[   +6 ms] Found plugin share_plus at C:\Users\lucas\AppData\Local\Pub\Cache\hosted\pub.dev\share_plus-7.2.2\
[  +63 ms] Found plugin printing at C:\Users\lucas\AppData\Local\Pub\Cache\hosted\pub.dev\printing-5.14.2\
[  +35 ms] Found plugin image_picker at C:\Users\lucas\AppData\Local\Pub\Cache\hosted\pub.dev\image_picker-1.2.1\
[   +2 ms] Found plugin image_picker_windows at C:\Users\lucas\AppData\Local\Pub\Cache\hosted\pub.dev\image_picker_windows-0.2.2\
[   +3 ms] Found plugin file_selector_windows at C:\Users\lucas\AppData\Local\Pub\Cache\hosted\pub.dev\file_selector_windows-0.9.3+5\
[   +2 ms] Found plugin image_picker_macos at C:\Users\lucas\AppData\Local\Pub\Cache\hosted\pub.dev\image_picker_macos-0.2.2+1\
[   +1 ms] Found plugin file_selector_macos at C:\Users\lucas\AppData\Local\Pub\Cache\hosted\pub.dev\file_selector_macos-0.9.5\
[   +1 ms] Found plugin image_picker_linux at C:\Users\lucas\AppData\Local\Pub\Cache\hosted\pub.dev\image_picker_linux-0.2.2\
[   +1 ms] Found plugin file_selector_linux at C:\Users\lucas\AppData\Local\Pub\Cache\hosted\pub.dev\file_selector_linux-0.9.4\
[   +3 ms] Found plugin image_picker_ios at C:\Users\lucas\AppData\Local\Pub\Cache\hosted\pub.dev\image_picker_ios-0.8.13+6\
[   +1 ms] Found plugin image_picker_for_web at C:\Users\lucas\AppData\Local\Pub\Cache\hosted\pub.dev\image_picker_for_web-3.1.1\
[   +1 ms] Found plugin image_picker_android at C:\Users\lucas\AppData\Local\Pub\Cache\hosted\pub.dev\image_picker_android-0.8.13+13\
[   +1 ms] Found plugin flutter_plugin_android_lifecycle at C:\Users\lucas\AppData\Local\Pub\Cache\hosted\pub.dev\flutter_plugin_android_lifecycle-2.0.33\
[   +1 ms] Found plugin google_mlkit_text_recognition at C:\Users\lucas\AppData\Local\Pub\Cache\hosted\pub.dev\google_mlkit_text_recognition-0.11.0\
[   +1 ms] Found plugin google_mlkit_commons at C:\Users\lucas\AppData\Local\Pub\Cache\hosted\pub.dev\google_mlkit_commons-0.6.1\
[  +20 ms] Found plugin file_picker at C:\Users\lucas\AppData\Local\Pub\Cache\hosted\pub.dev\file_picker-6.2.1\
[  +26 ms] Found plugin camera at C:\Users\lucas\AppData\Local\Pub\Cache\hosted\pub.dev\camera-0.10.6\
[   +2 ms] Found plugin camera_web at C:\Users\lucas\AppData\Local\Pub\Cache\hosted\pub.dev\camera_web-0.3.5+3\
[   +4 ms] Found plugin camera_avfoundation at C:\Users\lucas\AppData\Local\Pub\Cache\hosted\pub.dev\camera_avfoundation-0.9.22+9\
[   +2 ms] Found plugin camera_android at C:\Users\lucas\AppData\Local\Pub\Cache\hosted\pub.dev\camera_android-0.10.10+14\
[   +6 ms] Found plugin sqflite at C:\Users\lucas\AppData\Local\Pub\Cache\hosted\pub.dev\sqflite-2.4.2\
[   +7 ms] Found plugin sqflite_darwin at C:\Users\lucas\AppData\Local\Pub\Cache\hosted\pub.dev\sqflite_darwin-2.4.2\
[   +2 ms] Found plugin sqflite_android at C:\Users\lucas\AppData\Local\Pub\Cache\hosted\pub.dev\sqflite_android-2.4.2+2\
[   +5 ms] Package file_picker:linux references file_picker:linux as the default plugin, but it does not provide an inline implementation.
           Ask the maintainers of file_picker to either avoid referencing a default implementation via `platforms: linux: default_package: file_picker` or add an inline implementation to file_picker via `platforms: linux:` `pluginClass` or `dartPluginClass`.

[        ] Package file_picker:macos references file_picker:macos as the default plugin, but it does not provide an inline implementation.
           Ask the maintainers of file_picker to either avoid referencing a default implementation via `platforms: macos: default_package: file_picker` or add an inline implementation to file_picker via `platforms: macos:` `pluginClass` or `dartPluginClass`.

[   +1 ms] Package file_picker:windows references file_picker:windows as the default plugin, but it does not provide an inline implementation.
           Ask the maintainers of file_picker to either avoid referencing a default implementation via `platforms: windows: default_package: file_picker` or add an inline implementation to file_picker via `platforms: windows:` `pluginClass` or `dartPluginClass`.

[  +13 ms] Skipping generating dart_plugin_registrant.dart because it is up-to-date.
[        ] gen_dart_plugin_registrant: Complete
[   +4 ms] Skipping target: _composite
[   +2 ms] complete
[   +9 ms] Launching lib\main.dart on moto g06 in debug mode...
[   +6 ms] C:\src\flutter\bin\cache\dart-sdk\bin\dartaotruntime.exe C:\src\flutter\bin\cache\dart-sdk\bin\snapshots\frontend_server_aot.dart.snapshot --sdk-root C:\src\flutter\bin\cache\artifacts\engine\common\flutter_patched_sdk/ --incremental --target=flutter --experimental-emit-debug-metadata -DFLUTTER_VERSION=3.38.7 -DFLUTTER_CHANNEL=stable -DFLUTTER_GIT_URL=https://github.com/flutter/flutter.git -DFLUTTER_FRAMEWORK_REVISION=3b62efc2a3 -DFLUTTER_ENGINE_REVISION=78fc3012e4 -DFLUTTER_DART_VERSION=3.10.7 --output-dill C:\Users\lucas\AppData\Local\Temp\flutter_tools.b5a8fcd8\flutter_tool.7d98cd25\app.dill --packages C:\Users\lucas\OneDrive\Desktop\app pagly\smartcart-ui-refresh\mobile_flutter\.dart_tool\package_config.json -Ddart.vm.profile=false -Ddart.vm.product=false --enable-asserts --track-widget-creation --filesystem-scheme org-dartlang-root --initialize-from-dill build\199e63d12aae48772fe1ad268adc4fc7.cache.dill.track.dill --source file:///C:/Users/lucas/OneDrive/Desktop/app%20pagly/smartcart-ui-refresh/mobile_flutter/.dart_tool/flutter_build/dart_plugin_registrant.dart --source package:flutter/src/dart_plugin_registrant.dart -Dflutter.dart_plugin_registrant=file:///C:/Users/lucas/OneDrive/Desktop/app%20pagly/smartcart-ui-refresh/mobile_flutter/.dart_tool/flutter_build/dart_plugin_registrant.dart --verbosity=error --enable-experiment=alternative-invalidation-strategy
[  +21 ms] executing: C:\Users\lucas\AppData\Local\Android\Sdk\platform-tools\adb.exe -s ZF525JPNLN shell -x logcat -v time -t 1
[  +41 ms] <- compile package:mobile_flutter/main.dart
[ +609 ms] --------- beginning of main
           01-31 04:02:07.603 I/WifiHAL ( 2951): feature_set=0x8488341a
[  +72 ms] executing: C:\Users\lucas\AppData\Local\Android\Sdk\platform-tools\adb.exe version
[  +99 ms] Android Debug Bridge version 1.0.41
           Version 36.0.2-14143358
           Installed as C:\Users\lucas\AppData\Local\Android\Sdk\platform-tools\adb.exe
           Running on Windows 10.0.26200
[   +2 ms] executing: C:\Users\lucas\AppData\Local\Android\Sdk\platform-tools\adb.exe start-server
[ +141 ms] Building APK
[  +20 ms] executing: C:\Program Files\Android\Android Studio\jbr\bin\java -version
[ +271 ms] Exit code 0 from: C:\Program Files\Android\Android Studio\jbr\bin\java -version
[        ] openjdk version "21.0.8" 2025-07-15
           OpenJDK Runtime Environment (build 21.0.8+-14196175-b1038.72)
           OpenJDK 64-Bit Server VM (build 21.0.8+-14196175-b1038.72, mixed mode)
[   +2 ms] executing: C:\Program Files\Android\Android Studio\jbr\bin\java -version
[ +265 ms] Exit code 0 from: C:\Program Files\Android\Android Studio\jbr\bin\java -version
[        ] openjdk version "21.0.8" 2025-07-15
           OpenJDK Runtime Environment (build 21.0.8+-14196175-b1038.72)
           OpenJDK 64-Bit Server VM (build 21.0.8+-14196175-b1038.72, mixed mode)
[  +15 ms] Top-level Gradle build file not found, skipping migration of task "clean".
[   +3 ms] executing: C:\Program Files\Android\Android Studio\jbr\bin\java --version
[ +278 ms] Exit code 0 from: C:\Program Files\Android\Android Studio\jbr\bin\java --version
[        ] openjdk 21.0.8 2025-07-15
           OpenJDK Runtime Environment (build 21.0.8+-14196175-b1038.72)
           OpenJDK 64-Bit Server VM (build 21.0.8+-14196175-b1038.72, mixed mode)
[   +3 ms] Version of Java is different than impacted version, no migration attempted.
[  +26 ms] CMake project not found, skipping support Android 15 16k page size migration.
[  +15 ms] Using gradle from C:\Users\lucas\OneDrive\Desktop\app pagly\smartcart-ui-refresh\mobile_flutter\android\gradlew.bat.
[  +25 ms] LocalFile: 'C:\Users\lucas\OneDrive\Desktop\app pagly\smartcart-ui-refresh\mobile_flutter\android\build.gradle.kts' doesn't provide an AGP version. Checking settings.
[   +2 ms] LocalFile: 'C:\Users\lucas\OneDrive\Desktop\app pagly\smartcart-ui-refresh\mobile_flutter\android\settings.gradle.kts' provides AGP version: 8.11.1
[  +14 ms] Running Gradle task 'assembleDebug'...
[   +1 ms] executing: [C:\Users\lucas\OneDrive\Desktop\app pagly\smartcart-ui-refresh\mobile_flutter\android/] C:\Users\lucas\OneDrive\Desktop\app pagly\smartcart-ui-refresh\mobile_flutter\android\gradlew.bat --full-stacktrace --info -Pverbose=true -Ptarget-platform=android-arm64 -Ptarget=C:\Users\lucas\OneDrive\Desktop\app pagly\smartcart-ui-refresh\mobile_flutter\lib\main.dart -Pbase-application-name=android.app.Application -Pdart-defines=RkxVVFRFUl9WRVJTSU9OPTMuMzguNw==,RkxVVFRFUl9DSEFOTkVMPXN0YWJsZQ==,RkxVVFRFUl9HSVRfVVJMPWh0dHBzOi8vZ2l0aHViLmNvbS9mbHV0dGVyL2ZsdXR0ZXIuZ2l0,RkxVVFRFUl9GUkFNRVdPUktfUkVWSVNJT049M2I2MmVmYzJhMw==,RkxVVFRFUl9FTkdJTkVfUkVWSVNJT049NzhmYzMwMTJlNA==,RkxVVFRFUl9EQVJUX1ZFUlNJT049My4xMC43 -Pdart-obfuscation=false -Ptrack-widget-creation=true -Ptree-shake-icons=false -Pfilesystem-scheme=org-dartlang-root assembleDebug
[+1878 ms] Initialized native services in: C:\Users\lucas\.gradle\native
[        ] Initialized jansi services in: C:\Users\lucas\.gradle\native
[ +993 ms] Removing 0 daemon stop events from registry
[  +44 ms] Previous Daemon (8748) stopped at Sat Jan 31 03:52:08 BRT 2026 other compatible daemons were started and after being idle for 0 minutes and not recently used
[        ] Starting a Gradle Daemon, 2 busy and 1 stopped Daemons could not be reused, use --status for details
[+1996 ms] Starting process 'Gradle build daemon'. Working directory: C:\Users\lucas\.gradle\daemon\8.14 Command: C:\Program Files\Android\Android Studio\jbr\bin\java.exe --add-opens=java.base/java.lang=ALL-UNNAMED --add-opens=java.base/java.lang.invoke=ALL-UNNAMED --add-opens=java.base/java.util=ALL-UNNAMED --add-opens=java.prefs/java.util.prefs=ALL-UNNAMED --add-exports=jdk.compiler/com.sun.tools.javac.api=ALL-UNNAMED --add-exports=jdk.compiler/com.sun.tools.javac.util=ALL-UNNAMED --add-opens=java.base/java.util=ALL-UNNAMED --add-opens=java.prefs/java.util.prefs=ALL-UNNAMED --add-opens=java.base/java.nio.charset=ALL-UNNAMED --add-opens=java.base/java.net=ALL-UNNAMED --add-opens=java.base/java.util.concurrent.atomic=ALL-UNNAMED --add-opens=java.xml/javax.xml.namespace=ALL-UNNAMED -XX:MaxMetaspaceSize=4G -XX:ReservedCodeCacheSize=512m -XX:+HeapDumpOnOutOfMemoryError -Xmx8G -Dfile.encoding=UTF-8 -Duser.country=BR -Duser.language=pt -Duser.variant -cp C:\Users\lucas\.gradle\wrapper\dists\gradle-8.14-all\c2qonpi39x1mddn7hk5gh9iqj\gradle-8.14\lib\gradle-daemon-main-8.14.jar -javaagent:C:\Users\lucas\.gradle\wrapper\dists\gradle-8.14-all\c2qonpi39x1mddn7hk5gh9iqj\gradle-8.14\lib\agents\gradle-instrumentation-agent-8.14.jar org.gradle.launcher.daemon.bootstrap.GradleDaemon 8.14
[ +108 ms] Successfully started process 'Gradle build daemon'
[+20424 ms] An attempt to start the daemon took 20.577 secs.
[ +374 ms] The client will now receive all logging from the daemon (pid: 12748). The daemon log file: C:\Users\lucas\.gradle\daemon\8.14\daemon-12748.out.log
[        ] Starting build in new daemon [memory: 8 GiB]
[+1289 ms] Using 8 worker leases.
[ +710 ms] Received JVM installation metadata from 'C:\Program Files\Android\Android Studio\jbr': {JAVA_HOME=C:\Program Files\Android\Android Studio\jbr, JAVA_VERSION=21.0.8, JAVA_VENDOR=JetBrains s.r.o., RUNTIME_NAME=OpenJDK Runtime Environment, RUNTIME_VERSION=21.0.8+-14196175-b1038.72, VM_NAME=OpenJDK 64-Bit Server VM, VM_VERSION=21.0.8+-14196175-b1038.72, VM_VENDOR=JetBrains s.r.o., OS_ARCH=amd64}
[ +500 ms] Watching the file system is configured to be enabled if available
[        ] Now considering [C:\Users\lucas\OneDrive\Desktop\app pagly\smartcart-ui-refresh\mobile_flutter\android] as hierarchies to watch
[        ] File system watching is active
[ +889 ms] Starting Build
[+1609 ms] Now considering [C:\src\flutter\packages\flutter_tools\gradle, C:\Users\lucas\OneDrive\Desktop\app pagly\smartcart-ui-refresh\mobile_flutter\android] as hierarchies to watch
[+2287 ms] > Configure project :gradle
[        ] Evaluating project ':gradle' using build file 'C:\src\flutter\packages\flutter_tools\gradle\build.gradle.kts'.
[        ] Resolved plugin [id: 'org.gradle.java-gradle-plugin']
[        ] Resolved plugin [id: 'org.gradle.groovy']
[        ] Resolved plugin [id: 'org.gradle.kotlin.kotlin-dsl', version: '5.2.0']
[        ] Resolved plugin [id: 'org.jetbrains.kotlin.jvm', version: '1.9.20']
[ +102 ms] lib/data/repositories/cart_repository.dart:78:47: Error: The operator '+' isn't defined for the type 'FutureOr<double>'.
[        ] Try correcting the operator to an existing operator, or defining a '+' operator.
[        ]     return items.fold(0.0, (sum, item) => sum + item.total);
[        ]                                               ^
[+1100 ms] Using Kotlin Gradle Plugin gradle85 variant
[ +699 ms] kotlin scripting plugin: created the scripting discovery configuration: kotlinScriptDef
[  +92 ms] kotlin scripting plugin: created the scripting discovery configuration: testKotlinScriptDef
[ +409 ms] file or directory 'C:\src\flutter\packages\flutter_tools\gradle\src\main\java', not found
[ +793 ms] Resolved plugin [id: 'dev.flutter.flutter-plugin-loader', version: '1.0.0']
[        ] Resolved plugin [id: 'com.android.application', version: '8.11.1', apply: false]
[        ] Resolved plugin [id: 'org.jetbrains.kotlin.android', version: '2.2.20', apply: false]
[ +402 ms] Resolve mutations for :gradle:checkKotlinGradlePluginConfigurationErrors (Thread[#81,Execution worker Thread 4,5,main]) started.
[        ] :gradle:checkKotlinGradlePluginConfigurationErrors (Thread[#81,Execution worker Thread 4,5,main]) started.
[  +94 ms] > Task :gradle:checkKotlinGradlePluginConfigurationErrors SKIPPED
[        ] Skipping task ':gradle:checkKotlinGradlePluginConfigurationErrors' as task onlyIf 'errorDiagnostics are present' is false.
[        ] Resolve mutations for :gradle:compileKotlin (Thread[#81,Execution worker Thread 4,5,main]) started.
[        ] :gradle:compileKotlin (Thread[#81,Execution worker Thread 4,5,main]) started.
[ +517 ms] > Task :gradle:compileKotlin UP-TO-DATE
[        ] Caching disabled for task ':gradle:compileKotlin' because:
[        ]   Build cache is disabled
[        ] Skipping task ':gradle:compileKotlin' as it is up-to-date.
[        ] Resolve mutations for :gradle:compileJava (Thread[#81,Execution worker Thread 4,5,main]) started.
[        ] :gradle:compileJava (Thread[#81,Execution worker Thread 4,5,main]) started.
[        ] > Task :gradle:compileJava NO-SOURCE
[        ] Skipping task ':gradle:compileJava' as it has no source files and no previous output files.
[        ] Resolve mutations for :gradle:compileGroovy (Thread[#81,Execution worker Thread 4,5,main]) started.
[        ] :gradle:compileGroovy (Thread[#81,Execution worker Thread 4,5,main]) started.
[        ] > Task :gradle:compileGroovy NO-SOURCE
[        ] Skipping task ':gradle:compileGroovy' as it has no source files and no previous output files.
[        ] Resolve mutations for :gradle:pluginDescriptors (Thread[#81,Execution worker Thread 4,5,main]) started.
[  +87 ms] :gradle:pluginDescriptors (Thread[#81,Execution worker Thread 4,5,main]) started.
[        ] > Task :gradle:pluginDescriptors UP-TO-DATE
[        ] Caching disabled for task ':gradle:pluginDescriptors' because:
[        ]   Build cache is disabled
[        ]   Not worth caching
[        ] Skipping task ':gradle:pluginDescriptors' as it is up-to-date.
[        ] Resolve mutations for :gradle:processResources (Thread[#81,Execution worker Thread 4,5,main]) started.
[        ] :gradle:processResources (Thread[#81,Execution worker Thread 4,5,main]) started.
[        ] > Task :gradle:processResources UP-TO-DATE
[        ] Caching disabled for task ':gradle:processResources' because:
[        ]   Build cache is disabled
[        ]   Not worth caching
[        ] Skipping task ':gradle:processResources' as it is up-to-date.
[        ] Resolve mutations for :gradle:classes (Thread[#81,Execution worker Thread 4,5,main]) started.
[        ] :gradle:classes (Thread[#81,Execution worker Thread 4,5,main]) started.
[        ] > Task :gradle:classes UP-TO-DATE
[        ] Skipping task ':gradle:classes' as it has no actions.
[        ] Resolve mutations for :gradle:jar (Thread[#81,Execution worker Thread 4,5,main]) started.
[        ] :gradle:jar (Thread[#81,Execution worker Thread 4,5,main]) started.
[        ] > Task :gradle:jar UP-TO-DATE
[        ] Caching disabled for task ':gradle:jar' because:
[        ]   Build cache is disabled
[        ]   Not worth caching
[        ] Skipping task ':gradle:jar' as it is up-to-date.
[+2599 ms] Settings evaluated using settings file 'C:\Users\lucas\OneDrive\Desktop\app pagly\smartcart-ui-refresh\mobile_flutter\android\settings.gradle.kts'.
[        ] Projects loaded. Root project using build file 'C:\Users\lucas\OneDrive\Desktop\app pagly\smartcart-ui-refresh\mobile_flutter\android\build.gradle.kts'.
[   +1 ms] Included projects: [root project 'android', project ':app', project ':app_links', project ':camera_android', project ':file_picker', project ':flutter_plugin_android_lifecycle', project ':google_mlkit_commons', project ':google_mlkit_text_recognition', project ':image_picker_android', project ':path_provider_android', project ':printing', project ':share_plus', project ':shared_preferences_android', project ':sqflite_android', project ':url_launcher_android']
[+1998 ms] > Configure project :
[        ] Evaluating root project 'android' using build file 'C:\Users\lucas\OneDrive\Desktop\app pagly\smartcart-ui-refresh\mobile_flutter\android\build.gradle.kts'.
[+8284 ms] > Configure project :app
[        ] Evaluating project ':app' using build file 'C:\Users\lucas\OneDrive\Desktop\app pagly\smartcart-ui-refresh\mobile_flutter\android\app\build.gradle.kts'.
[        ] Resolved plugin [id: 'com.android.application']
[        ] Resolved plugin [id: 'kotlin-android']
[        ] Resolved plugin [id: 'dev.flutter.flutter-gradle-plugin']
[        ] Using default execution profile
[        ] Build d832e3ee-a4e6-42a9-8d32-b8567631aebe is started
[        ] Using Kotlin Gradle Plugin gradle813 variant
[        ] C/C++: android.ndkVersion from module build.gradle is [28.2.13676358]
[        ] C/C++: android.ndkPath from module build.gradle is not set
[        ] C/C++: ndk.dir in local.properties is not set
[        ] C/C++: Not considering ANDROID_NDK_HOME because support was removed after deprecation period.
[        ] C/C++: sdkFolder is C:\Users\lucas\AppData\Local\Android\Sdk
[        ] C/C++: android.ndkVersion from module build.gradle is [28.2.13676358]
[        ] C/C++: android.ndkPath from module build.gradle is not set
[        ] C/C++: ndk.dir in local.properties is not set
[        ] C/C++: Not considering ANDROID_NDK_HOME because support was removed after deprecation period.
[        ] C/C++: sdkFolder is C:\Users\lucas\AppData\Local\Android\Sdk
[        ] C/C++: android.ndkVersion from module build.gradle is [28.2.13676358]
[        ] C/C++: android.ndkPath from module build.gradle is not set
[        ] C/C++: ndk.dir in local.properties is not set
[        ] C/C++: Not considering ANDROID_NDK_HOME because support was removed after deprecation period.
[        ] C/C++: sdkFolder is C:\Users\lucas\AppData\Local\Android\Sdk
[        ] C/C++: android.ndkVersion from module build.gradle is [28.2.13676358]
[        ] C/C++: android.ndkPath from module build.gradle is not set
[        ] C/C++: ndk.dir in local.properties is not set
[        ] C/C++: Not considering ANDROID_NDK_HOME because support was removed after deprecation period.
[        ] C/C++: sdkFolder is C:\Users\lucas\AppData\Local\Android\Sdk
[   +6 ms] C/C++: android.ndkVersion from module build.gradle is [28.2.13676358]
[        ] C/C++: android.ndkPath from module build.gradle is not set
[        ] C/C++: ndk.dir in local.properties is not set
[        ] C/C++: Not considering ANDROID_NDK_HOME because support was removed after deprecation period.
[        ] C/C++: sdkFolder is C:\Users\lucas\AppData\Local\Android\Sdk
[        ] C/C++: android.ndkVersion from module build.gradle is [28.2.13676358]
[        ] C/C++: android.ndkPath from module build.gradle is not set
[        ] C/C++: ndk.dir in local.properties is not set
[        ] C/C++: Not considering ANDROID_NDK_HOME because support was removed after deprecation period.
[        ] C/C++: sdkFolder is C:\Users\lucas\AppData\Local\Android\Sdk
[        ] C/C++: android.ndkVersion from module build.gradle is [28.2.13676358]
[        ] C/C++: android.ndkPath from module build.gradle is not set
[        ] C/C++: ndk.dir in local.properties is not set
[        ] C/C++: Not considering ANDROID_NDK_HOME because support was removed after deprecation period.
[        ] C/C++: sdkFolder is C:\Users\lucas\AppData\Local\Android\Sdk
[        ] C/C++: android.ndkVersion from module build.gradle is [28.2.13676358]
[        ] C/C++: android.ndkPath from module build.gradle is not set
[        ] C/C++: ndk.dir in local.properties is not set
[        ] C/C++: Not considering ANDROID_NDK_HOME because support was removed after deprecation period.
[        ] C/C++: sdkFolder is C:\Users\lucas\AppData\Local\Android\Sdk
[        ] C/C++: android.ndkVersion from module build.gradle is [28.2.13676358]
[        ] C/C++: android.ndkPath from module build.gradle is not set
[        ] C/C++: ndk.dir in local.properties is not set
[        ] C/C++: Not considering ANDROID_NDK_HOME because support was removed after deprecation period.
[        ] C/C++: sdkFolder is C:\Users\lucas\AppData\Local\Android\Sdk
[        ] C/C++: android.ndkVersion from module build.gradle is [28.2.13676358]
[        ] C/C++: android.ndkPath from module build.gradle is not set
[        ] C/C++: ndk.dir in local.properties is not set
[        ] C/C++: Not considering ANDROID_NDK_HOME because support was removed after deprecation period.
[        ] C/C++: sdkFolder is C:\Users\lucas\AppData\Local\Android\Sdk
[        ] C/C++: android.ndkVersion from module build.gradle is [28.2.13676358]
[        ] C/C++: android.ndkPath from module build.gradle is not set
[   +2 ms] C/C++: ndk.dir in local.properties is not set
[        ] C/C++: Not considering ANDROID_NDK_HOME because support was removed after deprecation period.
[   +3 ms] C/C++: sdkFolder is C:\Users\lucas\AppData\Local\Android\Sdk
[        ] C/C++: android.ndkVersion from module build.gradle is [28.2.13676358]
[        ] C/C++: android.ndkPath from module build.gradle is not set
[   +1 ms] C/C++: ndk.dir in local.properties is not set
[        ] C/C++: Not considering ANDROID_NDK_HOME because support was removed after deprecation period.
[        ] C/C++: sdkFolder is C:\Users\lucas\AppData\Local\Android\Sdk
[        ] C/C++: android.ndkVersion from module build.gradle is [28.2.13676358]
[        ] C/C++: android.ndkPath from module build.gradle is not set
[        ] C/C++: ndk.dir in local.properties is not set
[        ] C/C++: Not considering ANDROID_NDK_HOME because support was removed after deprecation period.
[        ] C/C++: sdkFolder is C:\Users\lucas\AppData\Local\Android\Sdk
[        ] C/C++: android.ndkVersion from module build.gradle is [28.2.13676358]
[        ] C/C++: android.ndkPath from module build.gradle is not set
[        ] C/C++: ndk.dir in local.properties is not set
[        ] C/C++: Not considering ANDROID_NDK_HOME because support was removed after deprecation period.
[        ] C/C++: sdkFolder is C:\Users\lucas\AppData\Local\Android\Sdk
[        ] C/C++: android.ndkVersion from module build.gradle is [28.2.13676358]
[        ] C/C++: android.ndkPath from module build.gradle is not set
[        ] C/C++: ndk.dir in local.properties is not set
[        ] C/C++: Not considering ANDROID_NDK_HOME because support was removed after deprecation period.
[        ] C/C++: sdkFolder is C:\Users\lucas\AppData\Local\Android\Sdk
[        ] C/C++: android.ndkVersion from module build.gradle is [28.2.13676358]
[        ] C/C++: android.ndkPath from module build.gradle is not set
[        ] C/C++: ndk.dir in local.properties is not set
[        ] C/C++: Not considering ANDROID_NDK_HOME because support was removed after deprecation period.
[        ] C/C++: sdkFolder is C:\Users\lucas\AppData\Local\Android\Sdk
[        ] C/C++: android.ndkVersion from module build.gradle is [28.2.13676358]
[        ] C/C++: android.ndkPath from module build.gradle is not set
[        ] C/C++: ndk.dir in local.properties is not set
[        ] C/C++: Not considering ANDROID_NDK_HOME because support was removed after deprecation period.
[        ] C/C++: sdkFolder is C:\Users\lucas\AppData\Local\Android\Sdk
[        ] C/C++: android.ndkVersion from module build.gradle is [28.2.13676358]
[        ] C/C++: android.ndkPath from module build.gradle is not set
[        ] C/C++: ndk.dir in local.properties is not set
[        ] C/C++: Not considering ANDROID_NDK_HOME because support was removed after deprecation period.
[        ] C/C++: sdkFolder is C:\Users\lucas\AppData\Local\Android\Sdk
[        ] C/C++: android.ndkVersion from module build.gradle is [28.2.13676358]
[        ] C/C++: android.ndkPath from module build.gradle is not set
[        ] C/C++: ndk.dir in local.properties is not set
[        ] C/C++: Not considering ANDROID_NDK_HOME because support was removed after deprecation period.
[        ] C/C++: sdkFolder is C:\Users\lucas\AppData\Local\Android\Sdk
[+1972 ms] > Configure project :app_links
[        ] Evaluating project ':app_links' using build file 'C:\Users\lucas\AppData\Local\Pub\Cache\hosted\pub.dev\app_links-6.4.1\android\build.gradle'.
[        ] Using default execution profile
[+2497 ms] > Configure project :camera_android
[        ] Evaluating project ':camera_android' using build file 'C:\Users\lucas\AppData\Local\Pub\Cache\hosted\pub.dev\camera_android-0.10.10+14\android\build.gradle'.
[        ] Using default execution profile
[+1099 ms] > Configure project :file_picker
[        ] Evaluating project ':file_picker' using build file 'C:\Users\lucas\AppData\Local\Pub\Cache\hosted\pub.dev\file_picker-6.2.1\android\build.gradle'.
[        ] Using default execution profile
[ +294 ms] > Configure project :flutter_plugin_android_lifecycle
[        ] Evaluating project ':flutter_plugin_android_lifecycle' using build file 'C:\Users\lucas\AppData\Local\Pub\Cache\hosted\pub.dev\flutter_plugin_android_lifecycle-2.0.33\android\build.gradle'.
[        ] Using default execution profile
[+1106 ms] > Configure project :google_mlkit_commons
[        ] Evaluating project ':google_mlkit_commons' using build file 'C:\Users\lucas\AppData\Local\Pub\Cache\hosted\pub.dev\google_mlkit_commons-0.6.1\android\build.gradle'.
[        ] Using default execution profile
[ +212 ms] > Configure project :google_mlkit_text_recognition
[        ] Evaluating project ':google_mlkit_text_recognition' using build file 'C:\Users\lucas\AppData\Local\Pub\Cache\hosted\pub.dev\google_mlkit_text_recognition-0.11.0\android\build.gradle'.
[        ] Using default execution profile
[ +285 ms] > Configure project :image_picker_android
[        ] Evaluating project ':image_picker_android' using build file 'C:\Users\lucas\AppData\Local\Pub\Cache\hosted\pub.dev\image_picker_android-0.8.13+13\android\build.gradle'.
[        ] Using default execution profile
[ +187 ms] > Configure project :path_provider_android
[        ] Evaluating project ':path_provider_android' using build file 'C:\Users\lucas\AppData\Local\Pub\Cache\hosted\pub.dev\path_provider_android-2.2.22\android\build.gradle'.
[        ] Using default execution profile
[ +516 ms] > Configure project :printing
[        ] Evaluating project ':printing' using build file 'C:\Users\lucas\AppData\Local\Pub\Cache\hosted\pub.dev\printing-5.14.2\android\build.gradle'.
[        ] Using default execution profile
[+1280 ms] > Configure project :share_plus
[        ] Evaluating project ':share_plus' using build file 'C:\Users\lucas\AppData\Local\Pub\Cache\hosted\pub.dev\share_plus-7.2.2\android\build.gradle'.
[        ] Using default execution profile
[        ] Using Kotlin Gradle Plugin gradle813 variant
[ +815 ms] > Configure project :shared_preferences_android
[        ] Evaluating project ':shared_preferences_android' using build file 'C:\Users\lucas\AppData\Local\Pub\Cache\hosted\pub.dev\shared_preferences_android-2.4.20\android\build.gradle'.
[        ] Using default execution profile
[        ] Using Kotlin Gradle Plugin gradle813 variant
[ +499 ms] > Configure project :sqflite_android
[        ] Evaluating project ':sqflite_android' using build file 'C:\Users\lucas\AppData\Local\Pub\Cache\hosted\pub.dev\sqflite_android-2.4.2+2\android\build.gradle'.
[        ] Using default execution profile
[  +90 ms] > Configure project :url_launcher_android
[        ] Evaluating project ':url_launcher_android' using build file 'C:\Users\lucas\AppData\Local\Pub\Cache\hosted\pub.dev\url_launcher_android-6.3.28\android\build.gradle'.
[        ] Using default execution profile
[        ] All projects evaluated.
[  +90 ms] Task name matched 'assembleDebug'
[        ] Selected primary task 'assembleDebug' from project :
[+1000 ms] Adding -Xuse-inline-scopes-numbers Kotlin compiler flag for task :app:compileDebugKotlin
[+1519 ms] SDK Manager found the following installed packages: build-tools;35.0.0 build-tools;36.0.0 build-tools;36.1.0 cmake;3.22.1 emulator extras;google;Android_Emulator_Hypervisor_Driver ndk;27.1.12297006 ndk;28.2.13676358 platform-tools platforms;android-33 platforms;android-33-ext4 platforms;android-33-ext5 platforms;android-35 platforms;android-36 sources;android-33 sources;android-36 system-images;android-33;google_apis;x86_64 system-images;android-36.1;google_apis_playstore;x86_64
[ +182 ms] SDK Manager found the following installed packages: build-tools;35.0.0 build-tools;36.0.0 build-tools;36.1.0 cmake;3.22.1 emulator extras;google;Android_Emulator_Hypervisor_Driver ndk;27.1.12297006 ndk;28.2.13676358 platform-tools platforms;android-33 platforms;android-33-ext4 platforms;android-33-ext5 platforms;android-35 platforms;android-36 sources;android-33 sources;android-36 system-images;android-33;google_apis;x86_64 system-images;android-36.1;google_apis_playstore;x86_64
[+2740 ms] Checking the license for package Android SDK Platform 29 in C:\Users\lucas\AppData\Local\Android\Sdk\licenses
[   +5 ms] License for package Android SDK Platform 29 accepted.
[ +169 ms] Preparing "Install Android SDK Platform 29 (revision 5)".
[+27003 ms] "Install Android SDK Platform 29 (revision 5)" failed.
[ +490 ms] Build d832e3ee-a4e6-42a9-8d32-b8567631aebe is closed
[  +94 ms] [Incubating] Problems report is available at: file:///C:/Users/lucas/OneDrive/Desktop/app%20pagly/smartcart-ui-refresh/mobile_flutter/build/reports/problems/problems-report.html
[ +144 ms] FAILURE: Build failed with an exception.
[   +4 ms] * What went wrong:
[        ] Could not determine the dependencies of task ':google_mlkit_commons:generateDebugRFile'.
[        ] > Failed to install the following SDK components:
[        ]       platforms;android-29 Android SDK Platform 29
[        ]   Install the missing components using the SDK manager in Android Studio.
[        ] * Try:
[        ] > Run with --debug option to get more log output.
[        ] > Run with --scan to get full insights.
[        ] > Get more help at https://help.gradle.org.
[        ] * Exception is:
[        ] org.gradle.api.internal.tasks.TaskDependencyResolveException: Could not determine the dependencies of task ':google_mlkit_commons:generateDebugRFile'.
[        ] 	at org.gradle.api.internal.tasks.CachingTaskDependencyResolveContext.getDependencies(CachingTaskDependencyResolveContext.java:70)
[        ] 	at org.gradle.execution.plan.TaskDependencyResolver.resolveDependenciesFor(TaskDependencyResolver.java:49)
[        ] 	at org.gradle.execution.plan.LocalTaskNode.getDependencies(LocalTaskNode.java:151)
[        ] 	at org.gradle.execution.plan.LocalTaskNode.resolveDependencies(LocalTaskNode.java:125)
[        ] 	at org.gradle.execution.plan.DefaultExecutionPlan.discoverNodeRelationships(DefaultExecutionPlan.java:182)
[        ] 	at org.gradle.execution.plan.DefaultExecutionPlan.doAddEntryNodes(DefaultExecutionPlan.java:154)
[        ] 	at org.gradle.execution.plan.DefaultExecutionPlan.addEntryTasks(DefaultExecutionPlan.java:129)
[        ] 	at org.gradle.execution.plan.DefaultExecutionPlan.addEntryTasks(DefaultExecutionPlan.java:121)
[        ] 	at org.gradle.execution.TaskNameResolvingBuildTaskScheduler.scheduleRequestedTasks(TaskNameResolvingBuildTaskScheduler.java:61)
[        ] 	at org.gradle.execution.DefaultTasksBuildTaskScheduler.scheduleRequestedTasks(DefaultTasksBuildTaskScheduler.java:72)
[        ] 	at org.gradle.initialization.DefaultTaskExecutionPreparer.lambda$scheduleRequestedTasks$0(DefaultTaskExecutionPreparer.java:48)
[        ] 	at org.gradle.internal.Factories$1.create(Factories.java:31)
[        ] 	at org.gradle.internal.work.DefaultWorkerLeaseService.withReplacedLocks(DefaultWorkerLeaseService.java:359)
[        ] 	at org.gradle.api.internal.project.DefaultProjectStateRegistry$DefaultBuildProjectRegistry.withMutableStateOfAllProjects(DefaultProjectStateRegistry.java:239)
[        ] 	at org.gradle.api.internal.project.DefaultProjectStateRegistry$DefaultBuildProjectRegistry.withMutableStateOfAllProjects(DefaultProjectStateRegistry.java:232)
[        ] 	at org.gradle.initialization.DefaultTaskExecutionPreparer.scheduleRequestedTasks(DefaultTaskExecutionPreparer.java:47)
[        ] 	at org.gradle.initialization.VintageBuildModelController.lambda$scheduleRequestedTasks$0(VintageBuildModelController.java:76)
[        ] 	at org.gradle.internal.model.StateTransitionController.lambda$inState$1(StateTransitionController.java:99)
[        ] 	at org.gradle.internal.model.StateTransitionController.lambda$inState$2(StateTransitionController.java:114)
[        ] 	at org.gradle.internal.work.DefaultSynchronizer.withLock(DefaultSynchronizer.java:46)
[        ] 	at org.gradle.internal.model.StateTransitionController.inState(StateTransitionController.java:110)
[   +1 ms] 	at org.gradle.internal.model.StateTransitionController.inState(StateTransitionController.java:98)
[        ] 	at org.gradle.initialization.VintageBuildModelController.scheduleRequestedTasks(VintageBuildModelController.java:76)
[        ] 	at org.gradle.internal.build.DefaultBuildLifecycleController$DefaultWorkGraphBuilder.addRequestedTasks(DefaultBuildLifecycleController.java:404)
[   +2 ms] 	at org.gradle.internal.buildtree.DefaultBuildTreeWorkPreparer.lambda$scheduleRequestedTasks$0(DefaultBuildTreeWorkPreparer.java:41)
[        ] 	at org.gradle.internal.build.DefaultBuildLifecycleController.lambda$populateWorkGraph$7(DefaultBuildLifecycleController.java:189)
[        ] 	at org.gradle.internal.build.DefaultBuildWorkPreparer.populateWorkGraph(DefaultBuildWorkPreparer.java:42)
[        ] 	at org.gradle.internal.build.BuildOperationFiringBuildWorkPreparer$PopulateWorkGraph.populateTaskGraph(BuildOperationFiringBuildWorkPreparer.java:106)
[        ] 	at org.gradle.internal.build.BuildOperationFiringBuildWorkPreparer$PopulateWorkGraph.run(BuildOperationFiringBuildWorkPreparer.java:92)
[        ] 	at org.gradle.internal.operations.DefaultBuildOperationRunner$1.execute(DefaultBuildOperationRunner.java:30)
[        ] 	at org.gradle.internal.operations.DefaultBuildOperationRunner$1.execute(DefaultBuildOperationRunner.java:27)
[        ] 	at org.gradle.internal.operations.DefaultBuildOperationRunner$2.execute(DefaultBuildOperationRunner.java:67)
[        ] 	at org.gradle.internal.operations.DefaultBuildOperationRunner$2.execute(DefaultBuildOperationRunner.java:60)
[        ] 	at org.gradle.internal.operations.DefaultBuildOperationRunner.execute(DefaultBuildOperationRunner.java:167)
[        ] 	at org.gradle.internal.operations.DefaultBuildOperationRunner.execute(DefaultBuildOperationRunner.java:60)
[        ] 	at org.gradle.internal.operations.DefaultBuildOperationRunner.run(DefaultBuildOperationRunner.java:48)
[        ] 	at org.gradle.internal.build.BuildOperationFiringBuildWorkPreparer.populateWorkGraph(BuildOperationFiringBuildWorkPreparer.java:67)
[        ] 	at org.gradle.internal.build.DefaultBuildLifecycleController.lambda$populateWorkGraph$8(DefaultBuildLifecycleController.java:189)
[        ] 	at org.gradle.internal.model.StateTransitionController.lambda$inState$1(StateTransitionController.java:99)
[        ] 	at org.gradle.internal.model.StateTransitionController.lambda$inState$2(StateTransitionController.java:114)
[        ] 	at org.gradle.internal.work.DefaultSynchronizer.withLock(DefaultSynchronizer.java:46)
[        ] 	at org.gradle.internal.model.StateTransitionController.inState(StateTransitionController.java:110)
[        ] 	at org.gradle.internal.model.StateTransitionController.inState(StateTransitionController.java:98)
[        ] 	at org.gradle.internal.build.DefaultBuildLifecycleController.populateWorkGraph(DefaultBuildLifecycleController.java:189)
[        ] 	at org.gradle.internal.build.DefaultBuildWorkGraphController$DefaultBuildWorkGraph.populateWorkGraph(DefaultBuildWorkGraphController.java:169)
[        ] 	at org.gradle.composite.internal.DefaultBuildController.populateWorkGraph(DefaultBuildController.java:76)
[        ] 	at org.gradle.composite.internal.DefaultIncludedBuildTaskGraph$DefaultBuildTreeWorkGraphBuilder.withWorkGraph(DefaultIncludedBuildTaskGraph.java:153)
[        ] 	at org.gradle.internal.buildtree.DefaultBuildTreeWorkPreparer.lambda$scheduleRequestedTasks$1(DefaultBuildTreeWorkPreparer.java:41)
[        ] 	at org.gradle.composite.internal.DefaultIncludedBuildTaskGraph$DefaultBuildTreeWorkGraph$1.run(DefaultIncludedBuildTaskGraph.java:209)
[        ] 	at org.gradle.internal.operations.DefaultBuildOperationRunner$1.execute(DefaultBuildOperationRunner.java:30)
[        ] 	at org.gradle.internal.operations.DefaultBuildOperationRunner$1.execute(DefaultBuildOperationRunner.java:27)
[        ] 	at org.gradle.internal.operations.DefaultBuildOperationRunner$2.execute(DefaultBuildOperationRunner.java:67)
[        ] 	at org.gradle.internal.operations.DefaultBuildOperationRunner$2.execute(DefaultBuildOperationRunner.java:60)
[        ] 	at org.gradle.internal.operations.DefaultBuildOperationRunner.execute(DefaultBuildOperationRunner.java:167)
[        ] 	at org.gradle.internal.operations.DefaultBuildOperationRunner.execute(DefaultBuildOperationRunner.java:60)
[   +1 ms] 	at org.gradle.internal.operations.DefaultBuildOperationRunner.run(DefaultBuildOperationRunner.java:48)
[        ] 	at org.gradle.composite.internal.DefaultIncludedBuildTaskGraph$DefaultBuildTreeWorkGraph.scheduleWork(DefaultIncludedBuildTaskGraph.java:204)
[   +1 ms] 	at org.gradle.internal.buildtree.DefaultBuildTreeWorkPreparer.scheduleRequestedTasks(DefaultBuildTreeWorkPreparer.java:37)
[        ] 	at org.gradle.internal.cc.impl.VintageBuildTreeWorkController$scheduleAndRunRequestedTasks$1.apply(VintageBuildTreeWorkController.kt:36)
[        ] 	at org.gradle.internal.cc.impl.VintageBuildTreeWorkController$scheduleAndRunRequestedTasks$1.apply(VintageBuildTreeWorkController.kt:35)
[        ] 	at org.gradle.composite.internal.DefaultIncludedBuildTaskGraph.withNewWorkGraph(DefaultIncludedBuildTaskGraph.java:112)
[        ] 	at org.gradle.internal.cc.impl.VintageBuildTreeWorkController.scheduleAndRunRequestedTasks(VintageBuildTreeWorkController.kt:35)
[        ] 	at org.gradle.internal.buildtree.DefaultBuildTreeLifecycleController.lambda$scheduleAndRunTasks$1(DefaultBuildTreeLifecycleController.java:77)
[        ] 	at org.gradle.internal.buildtree.DefaultBuildTreeLifecycleController.lambda$runBuild$4(DefaultBuildTreeLifecycleController.java:120)
[        ] 	at org.gradle.internal.model.StateTransitionController.lambda$transition$6(StateTransitionController.java:169)
[        ] 	at org.gradle.internal.model.StateTransitionController.doTransition(StateTransitionController.java:266)
[        ] 	at org.gradle.internal.model.StateTransitionController.lambda$transition$7(StateTransitionController.java:169)
[        ] 	at org.gradle.internal.work.DefaultSynchronizer.withLock(DefaultSynchronizer.java:46)
[        ] 	at org.gradle.internal.model.StateTransitionController.transition(StateTransitionController.java:169)
[        ] 	at org.gradle.internal.buildtree.DefaultBuildTreeLifecycleController.runBuild(DefaultBuildTreeLifecycleController.java:117)
[        ] 	at org.gradle.internal.buildtree.DefaultBuildTreeLifecycleController.scheduleAndRunTasks(DefaultBuildTreeLifecycleController.java:77)
[        ] 	at org.gradle.internal.buildtree.DefaultBuildTreeLifecycleController.scheduleAndRunTasks(DefaultBuildTreeLifecycleController.java:72)
[        ] 	at org.gradle.tooling.internal.provider.ExecuteBuildActionRunner.run(ExecuteBuildActionRunner.java:31)
[        ] 	at org.gradle.launcher.exec.ChainingBuildActionRunner.run(ChainingBuildActionRunner.java:35)
[        ] 	at org.gradle.internal.buildtree.ProblemReportingBuildActionRunner.run(ProblemReportingBuildActionRunner.java:49)
[        ] 	at org.gradle.launcher.exec.BuildOutcomeReportingBuildActionRunner.run(BuildOutcomeReportingBuildActionRunner.java:71)
[        ] 	at org.gradle.tooling.internal.provider.FileSystemWatchingBuildActionRunner.run(FileSystemWatchingBuildActionRunner.java:135)
[        ] 	at org.gradle.launcher.exec.BuildCompletionNotifyingBuildActionRunner.run(BuildCompletionNotifyingBuildActionRunner.java:41)
[        ] 	at org.gradle.launcher.exec.RootBuildLifecycleBuildActionExecutor.lambda$execute$0(RootBuildLifecycleBuildActionExecutor.java:54)
[        ] 	at org.gradle.composite.internal.DefaultRootBuildState.run(DefaultRootBuildState.java:130)
[        ] 	at org.gradle.launcher.exec.RootBuildLifecycleBuildActionExecutor.execute(RootBuildLifecycleBuildActionExecutor.java:54)
[   +1 ms] 	at org.gradle.internal.buildtree.InitDeprecationLoggingActionExecutor.execute(InitDeprecationLoggingActionExecutor.java:62)
[        ] 	at org.gradle.internal.buildtree.InitProblems.execute(InitProblems.java:36)
[        ] 	at org.gradle.internal.buildtree.DefaultBuildTreeContext.execute(DefaultBuildTreeContext.java:40)
[        ] 	at org.gradle.launcher.exec.BuildTreeLifecycleBuildActionExecutor.lambda$execute$0(BuildTreeLifecycleBuildActionExecutor.java:71)
[        ] 	at org.gradle.internal.buildtree.BuildTreeState.run(BuildTreeState.java:60)
[        ] 	at org.gradle.launcher.exec.BuildTreeLifecycleBuildActionExecutor.execute(BuildTreeLifecycleBuildActionExecutor.java:71)
[        ] 	at org.gradle.launcher.exec.RunAsBuildOperationBuildActionExecutor$2.call(RunAsBuildOperationBuildActionExecutor.java:67)
[        ] 	at org.gradle.launcher.exec.RunAsBuildOperationBuildActionExecutor$2.call(RunAsBuildOperationBuildActionExecutor.java:63)
[        ] 	at org.gradle.internal.operations.DefaultBuildOperationRunner$CallableBuildOperationWorker.execute(DefaultBuildOperationRunner.java:210)
[   +2 ms] 	at org.gradle.internal.operations.DefaultBuildOperationRunner$CallableBuildOperationWorker.execute(DefaultBuildOperationRunner.java:205)
[        ] 	at org.gradle.internal.operations.DefaultBuildOperationRunner$2.execute(DefaultBuildOperationRunner.java:67)
[        ] 	at org.gradle.internal.operations.DefaultBuildOperationRunner$2.execute(DefaultBuildOperationRunner.java:60)
[        ] 	at org.gradle.internal.operations.DefaultBuildOperationRunner.execute(DefaultBuildOperationRunner.java:167)
[        ] 	at org.gradle.internal.operations.DefaultBuildOperationRunner.execute(DefaultBuildOperationRunner.java:60)
[        ] 	at org.gradle.internal.operations.DefaultBuildOperationRunner.call(DefaultBuildOperationRunner.java:54)
[        ] 	at org.gradle.launcher.exec.RunAsBuildOperationBuildActionExecutor.execute(RunAsBuildOperationBuildActionExecutor.java:63)
[        ] 	at org.gradle.launcher.exec.RunAsWorkerThreadBuildActionExecutor.lambda$execute$0(RunAsWorkerThreadBuildActionExecutor.java:36)
[        ] 	at org.gradle.internal.work.DefaultWorkerLeaseService.withLocks(DefaultWorkerLeaseService.java:263)
[        ] 	at org.gradle.internal.work.DefaultWorkerLeaseService.runAsWorkerThread(DefaultWorkerLeaseService.java:127)
[   +1 ms] 	at org.gradle.launcher.exec.RunAsWorkerThreadBuildActionExecutor.execute(RunAsWorkerThreadBuildActionExecutor.java:36)
[        ] 	at org.gradle.tooling.internal.provider.continuous.ContinuousBuildActionExecutor.execute(ContinuousBuildActionExecutor.java:110)
[        ] 	at org.gradle.tooling.internal.provider.SubscribableBuildActionExecutor.execute(SubscribableBuildActionExecutor.java:64)
[        ] 	at org.gradle.internal.session.DefaultBuildSessionContext.execute(DefaultBuildSessionContext.java:46)
[        ] 	at org.gradle.internal.buildprocess.execution.BuildSessionLifecycleBuildActionExecutor$ActionImpl.apply(BuildSessionLifecycleBuildActionExecutor.java:92)
[        ] 	at org.gradle.internal.buildprocess.execution.BuildSessionLifecycleBuildActionExecutor$ActionImpl.apply(BuildSessionLifecycleBuildActionExecutor.java:80)
[        ] 	at org.gradle.internal.session.BuildSessionState.run(BuildSessionState.java:73)
[        ] 	at org.gradle.internal.buildprocess.execution.BuildSessionLifecycleBuildActionExecutor.execute(BuildSessionLifecycleBuildActionExecutor.java:62)
[        ] 	at org.gradle.internal.buildprocess.execution.BuildSessionLifecycleBuildActionExecutor.execute(BuildSessionLifecycleBuildActionExecutor.java:41)
[        ] 	at org.gradle.internal.buildprocess.execution.StartParamsValidatingActionExecutor.execute(StartParamsValidatingActionExecutor.java:64)
[        ] 	at org.gradle.internal.buildprocess.execution.StartParamsValidatingActionExecutor.execute(StartParamsValidatingActionExecutor.java:32)
[        ] 	at org.gradle.internal.buildprocess.execution.SessionFailureReportingActionExecutor.execute(SessionFailureReportingActionExecutor.java:51)
[        ] 	at org.gradle.internal.buildprocess.execution.SessionFailureReportingActionExecutor.execute(SessionFailureReportingActionExecutor.java:39)
[        ] 	at org.gradle.internal.buildprocess.execution.SetupLoggingActionExecutor.execute(SetupLoggingActionExecutor.java:47)
[        ] 	at org.gradle.internal.buildprocess.execution.SetupLoggingActionExecutor.execute(SetupLoggingActionExecutor.java:31)
[        ] 	at org.gradle.launcher.daemon.server.exec.ExecuteBuild.doBuild(ExecuteBuild.java:70)
[        ] 	at org.gradle.launcher.daemon.server.exec.BuildCommandOnly.execute(BuildCommandOnly.java:37)
[   +1 ms] 	at org.gradle.launcher.daemon.server.api.DaemonCommandExecution.proceed(DaemonCommandExecution.java:104)
[        ] 	at org.gradle.launcher.daemon.server.exec.WatchForDisconnection.execute(WatchForDisconnection.java:39)
[        ] 	at org.gradle.launcher.daemon.server.api.DaemonCommandExecution.proceed(DaemonCommandExecution.java:104)
[        ] 	at org.gradle.launcher.daemon.server.exec.ResetDeprecationLogger.execute(ResetDeprecationLogger.java:29)
[        ] 	at org.gradle.launcher.daemon.server.api.DaemonCommandExecution.proceed(DaemonCommandExecution.java:104)
[        ] 	at org.gradle.launcher.daemon.server.exec.RequestStopIfSingleUsedDaemon.execute(RequestStopIfSingleUsedDaemon.java:35)
[        ] 	at org.gradle.launcher.daemon.server.api.DaemonCommandExecution.proceed(DaemonCommandExecution.java:104)
[        ] 	at org.gradle.launcher.daemon.server.exec.ForwardClientInput.lambda$execute$0(ForwardClientInput.java:40)
[        ] 	at org.gradle.internal.daemon.clientinput.ClientInputForwarder.forwardInput(ClientInputForwarder.java:80)
[        ] 	at org.gradle.launcher.daemon.server.exec.ForwardClientInput.execute(ForwardClientInput.java:37)
[        ] 	at org.gradle.launcher.daemon.server.api.DaemonCommandExecution.proceed(DaemonCommandExecution.java:104)
[        ] 	at org.gradle.launcher.daemon.server.exec.LogAndCheckHealth.execute(LogAndCheckHealth.java:64)
[        ] 	at org.gradle.launcher.daemon.server.api.DaemonCommandExecution.proceed(DaemonCommandExecution.java:104)
[        ] 	at org.gradle.launcher.daemon.server.exec.LogToClient.doBuild(LogToClient.java:63)
[        ] 	at org.gradle.launcher.daemon.server.exec.BuildCommandOnly.execute(BuildCommandOnly.java:37)
[        ] 	at org.gradle.launcher.daemon.server.api.DaemonCommandExecution.proceed(DaemonCommandExecution.java:104)
[        ] 	at org.gradle.launcher.daemon.server.exec.EstablishBuildEnvironment.doBuild(EstablishBuildEnvironment.java:84)
[        ] 	at org.gradle.launcher.daemon.server.exec.BuildCommandOnly.execute(BuildCommandOnly.java:37)
[        ] 	at org.gradle.launcher.daemon.server.api.DaemonCommandExecution.proceed(DaemonCommandExecution.java:104)
[        ] 	at org.gradle.launcher.daemon.server.exec.StartBuildOrRespondWithBusy$1.run(StartBuildOrRespondWithBusy.java:52)
[        ] 	at org.gradle.launcher.daemon.server.DaemonStateCoordinator.lambda$runCommand$0(DaemonStateCoordinator.java:321)
[        ] 	at org.gradle.internal.concurrent.ExecutorPolicy$CatchAndRecordFailures.onExecute(ExecutorPolicy.java:64)
[        ] 	at org.gradle.internal.concurrent.AbstractManagedExecutor$1.run(AbstractManagedExecutor.java:48)
[        ] 	at java.base/java.util.concurrent.ThreadPoolExecutor.runWorker(Unknown Source)
[        ] 	at java.base/java.util.concurrent.ThreadPoolExecutor$Worker.run(Unknown Source)
[        ] 	at java.base/java.lang.Thread.run(Unknown Source)
[        ] Caused by: com.android.builder.errors.EvalIssueException: Failed to install the following SDK components:
[        ]     platforms;android-29 Android SDK Platform 29
[        ] Install the missing components using the SDK manager in Android Studio.
[        ] 	at com.android.builder.errors.IssueReporter.reportError(IssueReporter.kt:119)
[        ] 	at com.android.builder.errors.IssueReporter.reportError$default(IssueReporter.kt:114)
[        ] 	at com.android.builder.errors.IssueReporter.reportError(IssueReporter.kt)
[        ] 	at com.android.build.gradle.internal.SdkHandler.initTarget(SdkHandler.java:147)
[        ] 	at com.android.build.gradle.internal.SdkFullLoadingStrategy.init(SdkFullLoadingStrategy.kt:49)
[        ] 	at com.android.build.gradle.internal.SdkFullLoadingStrategy.getFileFromTarget(SdkFullLoadingStrategy.kt:64)
[        ] 	at com.android.build.gradle.internal.SdkFullLoadingStrategy.getAndroidJar(SdkFullLoadingStrategy.kt:66)
[        ] 	at com.android.build.gradle.internal.SdkLoadingStrategy.getAndroidJar(SdkLoadingStrategy.kt:30)
[        ] 	at com.android.build.gradle.internal.SdkComponentsBuildService$VersionedSdkLoader$androidJarProvider$1.call(SdkComponents.kt:228)
[        ] 	at com.android.build.gradle.internal.SdkComponentsBuildService$VersionedSdkLoader$androidJarProvider$1.call(SdkComponents.kt:227)
[        ] 	at org.gradle.api.internal.provider.DefaultProvider.calculateOwnValue(DefaultProvider.java:73)
[        ] 	at org.gradle.api.internal.provider.AbstractMinimalProvider.calculateValue(AbstractMinimalProvider.java:117)
[        ] 	at org.gradle.api.internal.provider.FlatMapProvider.calculateOwnValue(FlatMapProvider.java:54)
[        ] 	at org.gradle.api.internal.provider.AbstractMinimalProvider.getOrNull(AbstractMinimalProvider.java:107)
[        ] 	at com.android.build.gradle.internal.TaskManager$addAndroidJarDependency$1.call(TaskManager.kt:2015)
[        ] 	at com.android.build.gradle.internal.TaskManager$addAndroidJarDependency$1.call(TaskManager.kt:2011)
[        ] 	at org.gradle.internal.UncheckedException.uncheckedCall(UncheckedException.java:103)
[        ] 	at org.gradle.util.internal.DeferredUtil.unpackNestableDeferred(DeferredUtil.java:83)
[        ] 	at org.gradle.api.internal.file.collections.UnpackingVisitor.add(UnpackingVisitor.java:89)
[        ] 	at org.gradle.api.internal.file.collections.DefaultConfigurableFileCollection$UnresolvedItemsCollector.visitContents(DefaultConfigurableFileCollection.java:635)
[        ] 	at org.gradle.api.internal.file.collections.DefaultConfigurableFileCollection.visitChildren(DefaultConfigurableFileCollection.java:448)
[        ] 	at org.gradle.api.internal.file.CompositeFileCollection.visitDependencies(CompositeFileCollection.java:101)
[        ] 	at org.gradle.api.internal.file.collections.DefaultConfigurableFileCollection.visitDependencies(DefaultConfigurableFileCollection.java:454)
[        ] 	at org.gradle.api.internal.AbstractTaskDependencyContainerVisitingContext.add(AbstractTaskDependencyContainerVisitingContext.java:46)
[        ] 	at org.gradle.api.internal.file.AbstractFileCollection.lambda$getBuildDependencies$0(AbstractFileCollection.java:99)
[        ] 	at org.gradle.api.internal.tasks.DefaultTaskDependency.visitDependencies(DefaultTaskDependency.java:151)
[        ] 	at org.gradle.api.internal.AbstractTaskDependencyContainerVisitingContext.add(AbstractTaskDependencyContainerVisitingContext.java:46)
[        ] 	at org.gradle.api.internal.artifacts.ivyservice.resolveengine.artifact.LocalFileDependencyBackedArtifactSet.visitDependencies(LocalFileDependencyBackedArtifactSet.java:180)
[        ] 	at org.gradle.api.internal.artifacts.ivyservice.resolveengine.artifact.CompositeResolvedArtifactSet.visitDependencies(CompositeResolvedArtifactSet.java:73)
[        ] 	at org.gradle.api.internal.AbstractTaskDependencyContainerVisitingContext.add(AbstractTaskDependencyContainerVisitingContext.java:46)
[        ] 	at org.gradle.api.internal.artifacts.ivyservice.resolveengine.artifact.DefaultSelectedArtifactSet.visitDependencies(DefaultSelectedArtifactSet.java:47)
[        ] 	at org.gradle.api.internal.artifacts.configurations.ResolutionResultProviderBackedSelectedArtifactSet.visitDependencies(ResolutionResultProviderBackedSelectedArtifactSet.java:44)
[        ] 	at org.gradle.api.internal.artifacts.configurations.ResolutionBackedFileCollection.visitDependencies(ResolutionBackedFileCollection.java:58)
[        ] 	at org.gradle.api.internal.tasks.CachingTaskDependencyResolveContext$TaskGraphImpl.getNodeValues(CachingTaskDependencyResolveContext.java:108)
[        ] 	at org.gradle.internal.graph.CachingDirectedGraphWalker$GraphWithEmptyEdges.getNodeValues(CachingDirectedGraphWalker.java:219)
[        ] 	at org.gradle.internal.graph.CachingDirectedGraphWalker.doSearch(CachingDirectedGraphWalker.java:127)
[        ] 	at org.gradle.internal.graph.CachingDirectedGraphWalker.findValues(CachingDirectedGraphWalker.java:79)
[        ] 	at org.gradle.api.internal.tasks.CachingTaskDependencyResolveContext.getDependencies(CachingTaskDependencyResolveContext.java:67)
[        ] 	... 142 more
[        ] BUILD FAILED in 1m 34s
[        ] Deprecated Gradle features were used in this build, making it incompatible with Gradle 9.0.
[        ] You can use '--warning-mode all' to show the individual deprecation warnings and determine if they come from your own scripts or plugins.
[        ] For more on this, please refer to https://docs.gradle.org/8.14/userguide/command_line_interface.html#sec:command_line_warnings in the Gradle documentation.
[        ] 4 actionable tasks: 4 up-to-date
[  +80 ms] Watched directory hierarchies: [C:\src\flutter\packages\flutter_tools\gradle]
[ +783 ms] Running Gradle task 'assembleDebug'... (completed in 95,5s)
[ +114 ms] Error: Gradle task assembleDebug failed with exit code 1
[  +38 ms] "flutter run" took 102.062ms.
[ +212 ms] 
           #0      throwToolExit (package:flutter_tools/src/base/common.dart:34:3)
           #1      RunCommand.runCommand (package:flutter_tools/src/commands/run.dart:897:9)
           <asynchronous suspension>
           #2      FlutterCommand.run.<anonymous closure> (package:flutter_tools/src/runner/flutter_command.dart:1559:27)
           <asynchronous suspension>
           #3      AppContext.run.<anonymous closure> (package:flutter_tools/src/base/context.dart:154:19)
           <asynchronous suspension>
           #4      CommandRunner.runCommand (package:args/command_runner.dart:212:13)
           <asynchronous suspension>
           #5      FlutterCommandRunner.runCommand.<anonymous closure> (package:flutter_tools/src/runner/flutter_command_runner.dart:487:9)
           <asynchronous suspension>
           #6      AppContext.run.<anonymous closure> (package:flutter_tools/src/base/context.dart:154:19)
           <asynchronous suspension>
           #7      FlutterCommandRunner.runCommand (package:flutter_tools/src/runner/flutter_command_runner.dart:422:5)
           <asynchronous suspension>
           #8      run.<anonymous closure>.<anonymous closure> (package:flutter_tools/runner.dart:104:11)
           <asynchronous suspension>
           #9      AppContext.run.<anonymous closure> (package:flutter_tools/src/base/context.dart:154:19)
           <asynchronous suspension>
           #10     main (package:flutter_tools/executable.dart:103:3)
           <asynchronous suspension>


[        ] Running 3 shutdown hooks
[   +8 ms] Shutdown hooks complete
[ +229 ms] exiting with code 1
