Initialized native services in: C:\Users\lucas\.gradle\native
Initialized jansi services in: C:\Users\lucas\.gradle\native
The client will now receive all logging from the daemon (pid: 12748). The daemon log file: C:\Users\lucas\.gradle\daemon\8.14\daemon-12748.out.log
Starting 16th build in daemon [uptime: 1 hrs 29 mins 26.78 secs, performance: 97%, GC rate: 0.00/s, heap usage: 0% of 8 GiB, non-heap usage: 10% of 4 GiB]
Using 8 worker leases.
Now considering [C:\Users\lucas\OneDrive\Desktop\app pagly\smartcart-ui-refresh\mobile_flutter\android, C:\src\flutter\packages\flutter_tools\gradle] as hierarchies to watch
Watching the file system is configured to be enabled if available
File system watching is active
Starting Build
Now considering [C:\src\flutter\packages\flutter_tools\gradle, C:\Users\lucas\OneDrive\Desktop\app pagly\smartcart-ui-refresh\mobile_flutter\android] as hierarchies to watch

> Configure project :gradle
Evaluating project ':gradle' using build file 'C:\src\flutter\packages\flutter_tools\gradle\build.gradle.kts'.
Resolved plugin [id: 'org.gradle.java-gradle-plugin']
Resolved plugin [id: 'org.gradle.groovy']
Resolved plugin [id: 'org.gradle.kotlin.kotlin-dsl', version: '5.2.0']
Resolved plugin [id: 'org.jetbrains.kotlin.jvm', version: '1.9.20']
Using Kotlin Gradle Plugin gradle85 variant
kotlin scripting plugin: created the scripting discovery configuration: kotlinScriptDef
kotlin scripting plugin: created the scripting discovery configuration: testKotlinScriptDef
file or directory 'C:\src\flutter\packages\flutter_tools\gradle\src\main\java', not found
Resolved plugin [id: 'dev.flutter.flutter-plugin-loader', version: '1.0.0']
Resolved plugin [id: 'com.android.application', version: '8.9.1', apply: false]
Resolved plugin [id: 'org.jetbrains.kotlin.android', version: '1.9.22', apply: false]
Resolve mutations for :gradle:checkKotlinGradlePluginConfigurationErrors (Thread[#1961,Execution worker,5,main]) started.
:gradle:checkKotlinGradlePluginConfigurationErrors (Thread[#1961,Execution worker,5,main]) started.

> Task :gradle:checkKotlinGradlePluginConfigurationErrors SKIPPED
Skipping task ':gradle:checkKotlinGradlePluginConfigurationErrors' as task onlyIf 'errorDiagnostics are present' is false.
Resolve mutations for :gradle:compileKotlin (Thread[#1961,Execution worker,5,main]) started.
:gradle:compileKotlin (Thread[#1961,Execution worker,5,main]) started.

> Task :gradle:compileKotlin UP-TO-DATE
Caching disabled for task ':gradle:compileKotlin' because:
  Build cache is disabled
Skipping task ':gradle:compileKotlin' as it is up-to-date.
Resolve mutations for :gradle:compileJava (Thread[#1961,Execution worker,5,main]) started.
:gradle:compileJava (Thread[#1961,Execution worker,5,main]) started.

> Task :gradle:compileJava NO-SOURCE
Skipping task ':gradle:compileJava' as it has no source files and no previous output files.
Resolve mutations for :gradle:compileGroovy (Thread[#1961,Execution worker,5,main]) started.
:gradle:compileGroovy (Thread[#1961,Execution worker,5,main]) started.

> Task :gradle:compileGroovy NO-SOURCE
Skipping task ':gradle:compileGroovy' as it has no source files and no previous output files.
Resolve mutations for :gradle:pluginDescriptors (Thread[#1961,Execution worker,5,main]) started.
:gradle:pluginDescriptors (Thread[#1961,Execution worker,5,main]) started.

> Task :gradle:pluginDescriptors UP-TO-DATE
Caching disabled for task ':gradle:pluginDescriptors' because:
  Build cache is disabled
  Not worth caching
Skipping task ':gradle:pluginDescriptors' as it is up-to-date.
Resolve mutations for :gradle:processResources (Thread[#1961,Execution worker,5,main]) started.
:gradle:processResources (Thread[#1961,Execution worker,5,main]) started.

> Task :gradle:processResources UP-TO-DATE
Caching disabled for task ':gradle:processResources' because:
  Build cache is disabled
  Not worth caching
Skipping task ':gradle:processResources' as it is up-to-date.
Resolve mutations for :gradle:classes (Thread[#1961,Execution worker,5,main]) started.
:gradle:classes (Thread[#1964,Execution worker Thread 4,5,main]) started.

> Task :gradle:classes UP-TO-DATE
Skipping task ':gradle:classes' as it has no actions.
Resolve mutations for :gradle:jar (Thread[#1964,Execution worker Thread 4,5,main]) started.
:gradle:jar (Thread[#1964,Execution worker Thread 4,5,main]) started.

> Task :gradle:jar UP-TO-DATE
Caching disabled for task ':gradle:jar' because:
  Build cache is disabled
  Not worth caching
Skipping task ':gradle:jar' as it is up-to-date.
Settings evaluated using settings file 'C:\Users\lucas\OneDrive\Desktop\app pagly\smartcart-ui-refresh\mobile_flutter\android\settings.gradle.kts'.
Projects loaded. Root project using build file 'C:\Users\lucas\OneDrive\Desktop\app pagly\smartcart-ui-refresh\mobile_flutter\android\build.gradle.kts'.
Included projects: [root project 'android', project ':app', project ':app_links', project ':camera_android_camerax', project ':file_picker', project ':flutter_plugin_android_lifecycle', project ':google_mlkit_commons', project ':google_mlkit_text_recognition', project ':image_picker_android', project ':path_provider_android', project ':printing', project ':share_plus', project ':shared_preferences_android', project ':sqflite_android', project ':url_launcher_android']

> Configure project :app
Evaluating project ':app' using build file 'C:\Users\lucas\OneDrive\Desktop\app pagly\smartcart-ui-refresh\mobile_flutter\android\app\build.gradle.kts'.
Resolved plugin [id: 'com.android.application']
Resolved plugin [id: 'kotlin-android']
Resolved plugin [id: 'dev.flutter.flutter-gradle-plugin']
Using default execution profile
Using Kotlin Gradle Plugin gradle82 variant
Warning: Flutter support for your project's Kotlin version (1.9.22) will soon be dropped. Please upgrade your Kotlin version to a version of at least 2.1.0 soon.
Alternatively, use the flag "--android-skip-build-dependency-validation" to bypass this check.

Potential fix: Your project's KGP version is typically defined in the plugins block of the `settings.gradle` file (C:\Users\lucas\OneDrive\Desktop\app pagly\smartcart-ui-refresh\mobile_flutter\android/settings.gradle), by a plugin with the id of org.jetbrains.kotlin.android. 
If you don't see a plugins block, your project was likely created with an older template version, in which case it is most likely defined in the top-level build.gradle file (C:\Users\lucas\OneDrive\Desktop\app pagly\smartcart-ui-refresh\mobile_flutter\android/build.gradle) by the ext.kotlin_version property.

C/C++: android.ndkVersion from module build.gradle is [28.2.13676358]
C/C++: android.ndkPath from module build.gradle is not set
C/C++: ndk.dir in local.properties is not set
C/C++: Not considering ANDROID_NDK_HOME because support was removed after deprecation period.
C/C++: sdkFolder is C:\Users\lucas\AppData\Local\Android\Sdk
C/C++: android.ndkVersion from module build.gradle is [28.2.13676358]
C/C++: android.ndkPath from module build.gradle is not set
C/C++: ndk.dir in local.properties is not set
C/C++: Not considering ANDROID_NDK_HOME because support was removed after deprecation period.
C/C++: sdkFolder is C:\Users\lucas\AppData\Local\Android\Sdk
C/C++: android.ndkVersion from module build.gradle is [28.2.13676358]
C/C++: android.ndkPath from module build.gradle is not set
C/C++: ndk.dir in local.properties is not set
C/C++: Not considering ANDROID_NDK_HOME because support was removed after deprecation period.
C/C++: sdkFolder is C:\Users\lucas\AppData\Local\Android\Sdk
C/C++: android.ndkVersion from module build.gradle is [28.2.13676358]
C/C++: android.ndkPath from module build.gradle is not set
C/C++: ndk.dir in local.properties is not set
C/C++: Not considering ANDROID_NDK_HOME because support was removed after deprecation period.
C/C++: sdkFolder is C:\Users\lucas\AppData\Local\Android\Sdk
C/C++: android.ndkVersion from module build.gradle is [28.2.13676358]
C/C++: android.ndkPath from module build.gradle is not set
C/C++: ndk.dir in local.properties is not set
C/C++: Not considering ANDROID_NDK_HOME because support was removed after deprecation period.
C/C++: sdkFolder is C:\Users\lucas\AppData\Local\Android\Sdk
C/C++: android.ndkVersion from module build.gradle is [28.2.13676358]
C/C++: android.ndkPath from module build.gradle is not set
C/C++: ndk.dir in local.properties is not set
C/C++: Not considering ANDROID_NDK_HOME because support was removed after deprecation period.
C/C++: sdkFolder is C:\Users\lucas\AppData\Local\Android\Sdk
C/C++: android.ndkVersion from module build.gradle is [28.2.13676358]
C/C++: android.ndkPath from module build.gradle is not set
C/C++: ndk.dir in local.properties is not set
C/C++: Not considering ANDROID_NDK_HOME because support was removed after deprecation period.
C/C++: sdkFolder is C:\Users\lucas\AppData\Local\Android\Sdk
C/C++: android.ndkVersion from module build.gradle is [28.2.13676358]
C/C++: android.ndkPath from module build.gradle is not set
C/C++: ndk.dir in local.properties is not set
C/C++: Not considering ANDROID_NDK_HOME because support was removed after deprecation period.
C/C++: sdkFolder is C:\Users\lucas\AppData\Local\Android\Sdk
C/C++: android.ndkVersion from module build.gradle is [28.2.13676358]
C/C++: android.ndkPath from module build.gradle is not set
C/C++: ndk.dir in local.properties is not set
C/C++: Not considering ANDROID_NDK_HOME because support was removed after deprecation period.
C/C++: sdkFolder is C:\Users\lucas\AppData\Local\Android\Sdk
C/C++: android.ndkVersion from module build.gradle is [28.2.13676358]
C/C++: android.ndkPath from module build.gradle is not set
C/C++: ndk.dir in local.properties is not set
C/C++: Not considering ANDROID_NDK_HOME because support was removed after deprecation period.
C/C++: sdkFolder is C:\Users\lucas\AppData\Local\Android\Sdk
C/C++: android.ndkVersion from module build.gradle is [28.2.13676358]
C/C++: android.ndkPath from module build.gradle is not set
C/C++: ndk.dir in local.properties is not set
C/C++: Not considering ANDROID_NDK_HOME because support was removed after deprecation period.
C/C++: sdkFolder is C:\Users\lucas\AppData\Local\Android\Sdk
C/C++: android.ndkVersion from module build.gradle is [28.2.13676358]
C/C++: android.ndkPath from module build.gradle is not set
C/C++: ndk.dir in local.properties is not set
C/C++: Not considering ANDROID_NDK_HOME because support was removed after deprecation period.
C/C++: sdkFolder is C:\Users\lucas\AppData\Local\Android\Sdk
C/C++: android.ndkVersion from module build.gradle is [28.2.13676358]
C/C++: android.ndkPath from module build.gradle is not set
C/C++: ndk.dir in local.properties is not set
C/C++: Not considering ANDROID_NDK_HOME because support was removed after deprecation period.
C/C++: sdkFolder is C:\Users\lucas\AppData\Local\Android\Sdk
C/C++: android.ndkVersion from module build.gradle is [28.2.13676358]
C/C++: android.ndkPath from module build.gradle is not set
C/C++: ndk.dir in local.properties is not set
C/C++: Not considering ANDROID_NDK_HOME because support was removed after deprecation period.
C/C++: sdkFolder is C:\Users\lucas\AppData\Local\Android\Sdk
C/C++: android.ndkVersion from module build.gradle is [28.2.13676358]
C/C++: android.ndkPath from module build.gradle is not set
C/C++: ndk.dir in local.properties is not set
C/C++: Not considering ANDROID_NDK_HOME because support was removed after deprecation period.
C/C++: sdkFolder is C:\Users\lucas\AppData\Local\Android\Sdk
C/C++: android.ndkVersion from module build.gradle is [28.2.13676358]
C/C++: android.ndkPath from module build.gradle is not set
C/C++: ndk.dir in local.properties is not set
C/C++: Not considering ANDROID_NDK_HOME because support was removed after deprecation period.
C/C++: sdkFolder is C:\Users\lucas\AppData\Local\Android\Sdk
C/C++: android.ndkVersion from module build.gradle is [28.2.13676358]
C/C++: android.ndkPath from module build.gradle is not set
C/C++: ndk.dir in local.properties is not set
C/C++: Not considering ANDROID_NDK_HOME because support was removed after deprecation period.
C/C++: sdkFolder is C:\Users\lucas\AppData\Local\Android\Sdk
C/C++: android.ndkVersion from module build.gradle is [28.2.13676358]
C/C++: android.ndkPath from module build.gradle is not set
C/C++: ndk.dir in local.properties is not set
C/C++: Not considering ANDROID_NDK_HOME because support was removed after deprecation period.
C/C++: sdkFolder is C:\Users\lucas\AppData\Local\Android\Sdk
C/C++: android.ndkVersion from module build.gradle is [28.2.13676358]
C/C++: android.ndkPath from module build.gradle is not set
C/C++: ndk.dir in local.properties is not set
C/C++: Not considering ANDROID_NDK_HOME because support was removed after deprecation period.
C/C++: sdkFolder is C:\Users\lucas\AppData\Local\Android\Sdk

> Configure project :
Evaluating root project 'android' using build file 'C:\Users\lucas\OneDrive\Desktop\app pagly\smartcart-ui-refresh\mobile_flutter\android\build.gradle.kts'.

> Configure project :app_links
Evaluating project ':app_links' using build file 'C:\Users\lucas\AppData\Local\Pub\Cache\hosted\pub.dev\app_links-6.4.1\android\build.gradle'.
Using default execution profile

> Configure project :camera_android_camerax
Evaluating project ':camera_android_camerax' using build file 'C:\Users\lucas\AppData\Local\Pub\Cache\hosted\pub.dev\camera_android_camerax-0.6.29\android\build.gradle'.
Using default execution profile
Using Kotlin Gradle Plugin gradle82 variant

> Configure project :file_picker
Evaluating project ':file_picker' using build file 'C:\Users\lucas\AppData\Local\Pub\Cache\hosted\pub.dev\file_picker-6.2.1\android\build.gradle'.
Using default execution profile

> Configure project :flutter_plugin_android_lifecycle
Evaluating project ':flutter_plugin_android_lifecycle' using build file 'C:\Users\lucas\AppData\Local\Pub\Cache\hosted\pub.dev\flutter_plugin_android_lifecycle-2.0.33\android\build.gradle'.
Using default execution profile

> Configure project :google_mlkit_commons
Evaluating project ':google_mlkit_commons' using build file 'C:\Users\lucas\AppData\Local\Pub\Cache\hosted\pub.dev\google_mlkit_commons-0.11.0\android\build.gradle'.
Using default execution profile

> Configure project :google_mlkit_text_recognition
Evaluating project ':google_mlkit_text_recognition' using build file 'C:\Users\lucas\AppData\Local\Pub\Cache\hosted\pub.dev\google_mlkit_text_recognition-0.15.0\android\build.gradle'.
Using default execution profile

> Configure project :image_picker_android
Evaluating project ':image_picker_android' using build file 'C:\Users\lucas\AppData\Local\Pub\Cache\hosted\pub.dev\image_picker_android-0.8.13+13\android\build.gradle'.
Using default execution profile

> Configure project :path_provider_android
Evaluating project ':path_provider_android' using build file 'C:\Users\lucas\AppData\Local\Pub\Cache\hosted\pub.dev\path_provider_android-2.2.22\android\build.gradle'.
Using default execution profile

> Configure project :printing
Evaluating project ':printing' using build file 'C:\Users\lucas\AppData\Local\Pub\Cache\hosted\pub.dev\printing-5.14.2\android\build.gradle'.
Using default execution profile

> Configure project :share_plus
Evaluating project ':share_plus' using build file 'C:\Users\lucas\AppData\Local\Pub\Cache\hosted\pub.dev\share_plus-7.2.2\android\build.gradle'.
Using default execution profile
Using Kotlin Gradle Plugin gradle82 variant

> Configure project :shared_preferences_android
Evaluating project ':shared_preferences_android' using build file 'C:\Users\lucas\AppData\Local\Pub\Cache\hosted\pub.dev\shared_preferences_android-2.4.20\android\build.gradle'.
Using default execution profile
Using Kotlin Gradle Plugin gradle82 variant

> Configure project :sqflite_android
Evaluating project ':sqflite_android' using build file 'C:\Users\lucas\AppData\Local\Pub\Cache\hosted\pub.dev\sqflite_android-2.4.2+2\android\build.gradle'.
Using default execution profile

> Configure project :url_launcher_android
Evaluating project ':url_launcher_android' using build file 'C:\Users\lucas\AppData\Local\Pub\Cache\hosted\pub.dev\url_launcher_android-6.3.28\android\build.gradle'.
Using default execution profile
All projects evaluated.
Task name matched 'assembleDebug'
Selected primary task 'assembleDebug' from project :
Tasks to be executed: [task ':app:DebugMinSdkCheck', task ':app:preBuild', task ':app:preDebugBuild', task ':app:mergeDebugNativeDebugMetadata', task ':app:checkKotlinGradlePluginConfigurationErrors', task ':app:compileFlutterBuildDebug', task ':app:packJniLibsflutterBuildDebug', task ':app_links:preBuild', task ':app_links:preDebugBuild', task ':app_links:writeDebugAarMetadata', task ':camera_android_camerax:preBuild', task ':camera_android_camerax:preDebugBuild', task ':camera_android_camerax:writeDebugAarMetadata', task ':file_picker:preBuild', task ':file_picker:preDebugBuild', task ':file_picker:writeDebugAarMetadata', task ':flutter_plugin_android_lifecycle:preBuild', task ':flutter_plugin_android_lifecycle:preDebugBuild', task ':flutter_plugin_android_lifecycle:writeDebugAarMetadata', task ':google_mlkit_commons:preBuild', task ':google_mlkit_commons:preDebugBuild', task ':google_mlkit_commons:writeDebugAarMetadata', task ':google_mlkit_text_recognition:preBuild', task ':google_mlkit_text_recognition:preDebugBuild', task ':google_mlkit_text_recognition:writeDebugAarMetadata', task ':image_picker_android:preBuild', task ':image_picker_android:preDebugBuild', task ':image_picker_android:writeDebugAarMetadata', task ':path_provider_android:preBuild', task ':path_provider_android:preDebugBuild', task ':path_provider_android:writeDebugAarMetadata', task ':printing:preBuild', task ':printing:preDebugBuild', task ':printing:writeDebugAarMetadata', task ':share_plus:preBuild', task ':share_plus:preDebugBuild', task ':share_plus:writeDebugAarMetadata', task ':shared_preferences_android:preBuild', task ':shared_preferences_android:preDebugBuild', task ':shared_preferences_android:writeDebugAarMetadata', task ':sqflite_android:preBuild', task ':sqflite_android:preDebugBuild', task ':sqflite_android:writeDebugAarMetadata', task ':url_launcher_android:preBuild', task ':url_launcher_android:preDebugBuild', task ':url_launcher_android:writeDebugAarMetadata', task ':app:checkDebugAarMetadata', task ':app:cleanMergeDebugAssets', task ':app:mergeDebugShaders', task ':app:compileDebugShaders', task ':app:generateDebugAssets', task ':app_links:mergeDebugShaders', task ':app_links:compileDebugShaders', task ':app_links:generateDebugAssets', task ':app_links:mergeDebugAssets', task ':camera_android_camerax:mergeDebugShaders', task ':camera_android_camerax:compileDebugShaders', task ':camera_android_camerax:generateDebugAssets', task ':camera_android_camerax:mergeDebugAssets', task ':file_picker:mergeDebugShaders', task ':file_picker:compileDebugShaders', task ':file_picker:generateDebugAssets', task ':file_picker:mergeDebugAssets', task ':flutter_plugin_android_lifecycle:mergeDebugShaders', task ':flutter_plugin_android_lifecycle:compileDebugShaders', task ':flutter_plugin_android_lifecycle:generateDebugAssets', task ':flutter_plugin_android_lifecycle:mergeDebugAssets', task ':google_mlkit_commons:mergeDebugShaders', task ':google_mlkit_commons:compileDebugShaders', task ':google_mlkit_commons:generateDebugAssets', task ':google_mlkit_commons:mergeDebugAssets', task ':google_mlkit_text_recognition:mergeDebugShaders', task ':google_mlkit_text_recognition:compileDebugShaders', task ':google_mlkit_text_recognition:generateDebugAssets', task ':google_mlkit_text_recognition:mergeDebugAssets', task ':image_picker_android:mergeDebugShaders', task ':image_picker_android:compileDebugShaders', task ':image_picker_android:generateDebugAssets', task ':image_picker_android:mergeDebugAssets', task ':path_provider_android:mergeDebugShaders', task ':path_provider_android:compileDebugShaders', task ':path_provider_android:generateDebugAssets', task ':path_provider_android:mergeDebugAssets', task ':printing:mergeDebugShaders', task ':printing:compileDebugShaders', task ':printing:generateDebugAssets', task ':printing:mergeDebugAssets', task ':share_plus:mergeDebugShaders', task ':share_plus:compileDebugShaders', task ':share_plus:generateDebugAssets', task ':share_plus:mergeDebugAssets', task ':shared_preferences_android:mergeDebugShaders', task ':shared_preferences_android:compileDebugShaders', task ':shared_preferences_android:generateDebugAssets', task ':shared_preferences_android:mergeDebugAssets', task ':sqflite_android:mergeDebugShaders', task ':sqflite_android:compileDebugShaders', task ':sqflite_android:generateDebugAssets', task ':sqflite_android:mergeDebugAssets', task ':url_launcher_android:mergeDebugShaders', task ':url_launcher_android:compileDebugShaders', task ':url_launcher_android:generateDebugAssets', task ':url_launcher_android:mergeDebugAssets', task ':app:mergeDebugAssets', task ':app:copyFlutterAssetsDebug', task ':app:generateDebugResValues', task ':app_links:generateDebugResValues', task ':app_links:generateDebugResources', task ':app_links:packageDebugResources', task ':camera_android_camerax:generateDebugResValues', task ':camera_android_camerax:generateDebugResources', task ':camera_android_camerax:packageDebugResources', task ':file_picker:generateDebugResValues', task ':file_picker:generateDebugResources', task ':file_picker:packageDebugResources', task ':flutter_plugin_android_lifecycle:generateDebugResValues', task ':flutter_plugin_android_lifecycle:generateDebugResources', task ':flutter_plugin_android_lifecycle:packageDebugResources', task ':google_mlkit_commons:generateDebugResValues', task ':google_mlkit_commons:generateDebugResources', task ':google_mlkit_commons:packageDebugResources', task ':google_mlkit_text_recognition:generateDebugResValues', task ':google_mlkit_text_recognition:generateDebugResources', task ':google_mlkit_text_recognition:packageDebugResources', task ':image_picker_android:generateDebugResValues', task ':image_picker_android:generateDebugResources', task ':image_picker_android:packageDebugResources', task ':path_provider_android:generateDebugResValues', task ':path_provider_android:generateDebugResources', task ':path_provider_android:packageDebugResources', task ':printing:generateDebugResValues', task ':printing:generateDebugResources', task ':printing:packageDebugResources', task ':share_plus:generateDebugResValues', task ':share_plus:generateDebugResources', task ':share_plus:packageDebugResources', task ':shared_preferences_android:generateDebugResValues', task ':shared_preferences_android:generateDebugResources', task ':shared_preferences_android:packageDebugResources', task ':sqflite_android:generateDebugResValues', task ':sqflite_android:generateDebugResources', task ':sqflite_android:packageDebugResources', task ':url_launcher_android:generateDebugResValues', task ':url_launcher_android:generateDebugResources', task ':url_launcher_android:packageDebugResources', task ':app:mapDebugSourceSetPaths', task ':app:generateDebugResources', task ':app:mergeDebugResources', task ':app:packageDebugResources', task ':app:parseDebugLocalResources', task ':app:createDebugCompatibleScreenManifests', task ':app:extractDeepLinksDebug', task ':app_links:extractDeepLinksDebug', task ':app_links:processDebugManifest', task ':camera_android_camerax:extractDeepLinksDebug', task ':camera_android_camerax:processDebugManifest', task ':file_picker:extractDeepLinksDebug', task ':file_picker:processDebugManifest', task ':flutter_plugin_android_lifecycle:extractDeepLinksDebug', task ':flutter_plugin_android_lifecycle:processDebugManifest', task ':google_mlkit_commons:extractDeepLinksDebug', task ':google_mlkit_commons:processDebugManifest', task ':google_mlkit_text_recognition:extractDeepLinksDebug', task ':google_mlkit_text_recognition:processDebugManifest', task ':image_picker_android:extractDeepLinksDebug', task ':image_picker_android:processDebugManifest', task ':path_provider_android:extractDeepLinksDebug', task ':path_provider_android:processDebugManifest', task ':printing:extractDeepLinksDebug', task ':printing:processDebugManifest', task ':share_plus:extractDeepLinksDebug', task ':share_plus:processDebugManifest', task ':shared_preferences_android:extractDeepLinksDebug', task ':shared_preferences_android:processDebugManifest', task ':sqflite_android:extractDeepLinksDebug', task ':sqflite_android:processDebugManifest', task ':url_launcher_android:extractDeepLinksDebug', task ':url_launcher_android:processDebugManifest', task ':app:processDebugMainManifest', task ':app:outputDebugAppLinkSettings', task ':app:processDebugManifest', task ':app:processDebugManifestForPackage', task ':app_links:compileDebugLibraryResources', task ':app_links:parseDebugLocalResources', task ':app_links:generateDebugRFile', task ':camera_android_camerax:compileDebugLibraryResources', task ':camera_android_camerax:parseDebugLocalResources', task ':camera_android_camerax:generateDebugRFile', task ':file_picker:compileDebugLibraryResources', task ':file_picker:parseDebugLocalResources', task ':file_picker:generateDebugRFile', task ':flutter_plugin_android_lifecycle:compileDebugLibraryResources', task ':flutter_plugin_android_lifecycle:parseDebugLocalResources', task ':flutter_plugin_android_lifecycle:generateDebugRFile', task ':google_mlkit_commons:compileDebugLibraryResources', task ':google_mlkit_commons:parseDebugLocalResources', task ':google_mlkit_commons:generateDebugRFile', task ':google_mlkit_text_recognition:compileDebugLibraryResources', task ':google_mlkit_text_recognition:parseDebugLocalResources', task ':google_mlkit_text_recognition:generateDebugRFile', task ':image_picker_android:compileDebugLibraryResources', task ':image_picker_android:parseDebugLocalResources', task ':image_picker_android:generateDebugRFile', task ':path_provider_android:compileDebugLibraryResources', task ':path_provider_android:parseDebugLocalResources', task ':path_provider_android:generateDebugRFile', task ':printing:compileDebugLibraryResources', task ':printing:parseDebugLocalResources', task ':printing:generateDebugRFile', task ':share_plus:compileDebugLibraryResources', task ':share_plus:parseDebugLocalResources', task ':share_plus:generateDebugRFile', task ':shared_preferences_android:compileDebugLibraryResources', task ':shared_preferences_android:parseDebugLocalResources', task ':shared_preferences_android:generateDebugRFile', task ':sqflite_android:compileDebugLibraryResources', task ':sqflite_android:parseDebugLocalResources', task ':sqflite_android:generateDebugRFile', task ':url_launcher_android:compileDebugLibraryResources', task ':url_launcher_android:parseDebugLocalResources', task ':url_launcher_android:generateDebugRFile', task ':app:processDebugResources', task ':app_links:javaPreCompileDebug', task ':app_links:compileDebugJavaWithJavac', task ':app_links:bundleLibCompileToJarDebug', task ':camera_android_camerax:checkKotlinGradlePluginConfigurationErrors', task ':camera_android_camerax:compileDebugKotlin', task ':camera_android_camerax:javaPreCompileDebug', task ':camera_android_camerax:compileDebugJavaWithJavac', task ':camera_android_camerax:bundleLibCompileToJarDebug', task ':file_picker:javaPreCompileDebug', task ':flutter_plugin_android_lifecycle:javaPreCompileDebug', task ':flutter_plugin_android_lifecycle:compileDebugJavaWithJavac', task ':flutter_plugin_android_lifecycle:bundleLibCompileToJarDebug', task ':file_picker:compileDebugJavaWithJavac', task ':file_picker:bundleLibCompileToJarDebug', task ':google_mlkit_commons:javaPreCompileDebug', task ':google_mlkit_commons:compileDebugJavaWithJavac', task ':google_mlkit_commons:bundleLibCompileToJarDebug', task ':google_mlkit_text_recognition:javaPreCompileDebug', task ':google_mlkit_text_recognition:compileDebugJavaWithJavac', task ':google_mlkit_text_recognition:bundleLibCompileToJarDebug', task ':image_picker_android:javaPreCompileDebug', task ':image_picker_android:compileDebugJavaWithJavac', task ':image_picker_android:bundleLibCompileToJarDebug', task ':path_provider_android:javaPreCompileDebug', task ':path_provider_android:compileDebugJavaWithJavac', task ':path_provider_android:bundleLibCompileToJarDebug', task ':printing:javaPreCompileDebug', task ':printing:compileDebugJavaWithJavac', task ':printing:bundleLibCompileToJarDebug', task ':share_plus:checkKotlinGradlePluginConfigurationErrors', task ':share_plus:compileDebugKotlin', task ':share_plus:javaPreCompileDebug', task ':share_plus:compileDebugJavaWithJavac', task ':share_plus:bundleLibCompileToJarDebug', task ':shared_preferences_android:checkKotlinGradlePluginConfigurationErrors', task ':shared_preferences_android:compileDebugKotlin', task ':shared_preferences_android:javaPreCompileDebug', task ':shared_preferences_android:compileDebugJavaWithJavac', task ':shared_preferences_android:bundleLibCompileToJarDebug', task ':sqflite_android:javaPreCompileDebug', task ':sqflite_android:compileDebugJavaWithJavac', task ':sqflite_android:bundleLibCompileToJarDebug', task ':url_launcher_android:generateDebugBuildConfig', task ':url_launcher_android:javaPreCompileDebug', task ':url_launcher_android:compileDebugJavaWithJavac', task ':url_launcher_android:bundleLibCompileToJarDebug', task ':app:compileDebugKotlin', task ':app:javaPreCompileDebug', task ':app:compileDebugJavaWithJavac', task ':app:compressDebugAssets', task ':app_links:bundleLibRuntimeToJarDebug', task ':camera_android_camerax:bundleLibRuntimeToJarDebug', task ':file_picker:bundleLibRuntimeToJarDebug', task ':image_picker_android:bundleLibRuntimeToJarDebug', task ':flutter_plugin_android_lifecycle:bundleLibRuntimeToJarDebug', task ':google_mlkit_text_recognition:bundleLibRuntimeToJarDebug', task ':google_mlkit_commons:bundleLibRuntimeToJarDebug', task ':path_provider_android:bundleLibRuntimeToJarDebug', task ':printing:bundleLibRuntimeToJarDebug', task ':share_plus:bundleLibRuntimeToJarDebug', task ':shared_preferences_android:bundleLibRuntimeToJarDebug', task ':sqflite_android:bundleLibRuntimeToJarDebug', task ':url_launcher_android:bundleLibRuntimeToJarDebug', task ':app:desugarDebugFileDependencies', task ':app:dexBuilderDebug', task ':app:mergeDebugGlobalSynthetics', task ':app:processDebugJavaRes', task ':app_links:processDebugJavaRes', task ':camera_android_camerax:processDebugJavaRes', task ':file_picker:processDebugJavaRes', task ':flutter_plugin_android_lifecycle:processDebugJavaRes', task ':google_mlkit_commons:processDebugJavaRes', task ':google_mlkit_text_recognition:processDebugJavaRes', task ':image_picker_android:processDebugJavaRes', task ':path_provider_android:processDebugJavaRes', task ':printing:processDebugJavaRes', task ':share_plus:processDebugJavaRes', task ':shared_preferences_android:processDebugJavaRes', task ':sqflite_android:processDebugJavaRes', task ':url_launcher_android:processDebugJavaRes', task ':app:mergeDebugJavaResource', task ':app:checkDebugDuplicateClasses', task ':app:mergeExtDexDebug', task ':app_links:bundleLibRuntimeToDirDebug', task ':camera_android_camerax:bundleLibRuntimeToDirDebug', task ':file_picker:bundleLibRuntimeToDirDebug', task ':image_picker_android:bundleLibRuntimeToDirDebug', task ':flutter_plugin_android_lifecycle:bundleLibRuntimeToDirDebug', task ':google_mlkit_text_recognition:bundleLibRuntimeToDirDebug', task ':google_mlkit_commons:bundleLibRuntimeToDirDebug', task ':path_provider_android:bundleLibRuntimeToDirDebug', task ':printing:bundleLibRuntimeToDirDebug', task ':share_plus:bundleLibRuntimeToDirDebug', task ':shared_preferences_android:bundleLibRuntimeToDirDebug', task ':sqflite_android:bundleLibRuntimeToDirDebug', task ':url_launcher_android:bundleLibRuntimeToDirDebug', task ':app:mergeLibDexDebug', task ':app:mergeProjectDexDebug', task ':app:configureCMakeDebug[arm64-v8a]', task ':app:buildCMakeDebug[arm64-v8a]', task ':app:configureCMakeDebug[armeabi-v7a]', task ':app:buildCMakeDebug[armeabi-v7a]', task ':app:configureCMakeDebug[x86_64]', task ':app:buildCMakeDebug[x86_64]', task ':app:mergeDebugJniLibFolders', task ':app_links:mergeDebugJniLibFolders', task ':app_links:mergeDebugNativeLibs', task ':app_links:copyDebugJniLibsProjectOnly', task ':camera_android_camerax:mergeDebugJniLibFolders', task ':camera_android_camerax:mergeDebugNativeLibs', task ':camera_android_camerax:copyDebugJniLibsProjectOnly', task ':file_picker:mergeDebugJniLibFolders', task ':file_picker:mergeDebugNativeLibs', task ':file_picker:copyDebugJniLibsProjectOnly', task ':flutter_plugin_android_lifecycle:mergeDebugJniLibFolders', task ':flutter_plugin_android_lifecycle:mergeDebugNativeLibs', task ':flutter_plugin_android_lifecycle:copyDebugJniLibsProjectOnly', task ':google_mlkit_commons:mergeDebugJniLibFolders', task ':google_mlkit_commons:mergeDebugNativeLibs', task ':google_mlkit_commons:copyDebugJniLibsProjectOnly', task ':google_mlkit_text_recognition:mergeDebugJniLibFolders', task ':google_mlkit_text_recognition:mergeDebugNativeLibs', task ':google_mlkit_text_recognition:copyDebugJniLibsProjectOnly', task ':image_picker_android:mergeDebugJniLibFolders', task ':image_picker_android:mergeDebugNativeLibs', task ':image_picker_android:copyDebugJniLibsProjectOnly', task ':path_provider_android:mergeDebugJniLibFolders', task ':path_provider_android:mergeDebugNativeLibs', task ':path_provider_android:copyDebugJniLibsProjectOnly', task ':printing:mergeDebugJniLibFolders', task ':printing:mergeDebugNativeLibs', task ':printing:copyDebugJniLibsProjectOnly', task ':share_plus:mergeDebugJniLibFolders', task ':share_plus:mergeDebugNativeLibs', task ':share_plus:copyDebugJniLibsProjectOnly', task ':shared_preferences_android:mergeDebugJniLibFolders', task ':shared_preferences_android:mergeDebugNativeLibs', task ':shared_preferences_android:copyDebugJniLibsProjectOnly', task ':sqflite_android:mergeDebugJniLibFolders', task ':sqflite_android:mergeDebugNativeLibs', task ':sqflite_android:copyDebugJniLibsProjectOnly', task ':url_launcher_android:mergeDebugJniLibFolders', task ':url_launcher_android:mergeDebugNativeLibs', task ':url_launcher_android:copyDebugJniLibsProjectOnly', task ':app:mergeDebugNativeLibs', task ':app:stripDebugDebugSymbols', task ':app:validateSigningDebug', task ':app:writeDebugAppMetadata', task ':app:writeDebugSigningConfigVersions', task ':app:packageDebug', task ':app:createDebugApkListingFileRedirect', task ':app:assembleDebug', task ':app_links:stripDebugDebugSymbols', task ':app_links:copyDebugJniLibsProjectAndLocalJars', task ':app_links:extractDebugAnnotations', task ':app_links:extractDeepLinksForAarDebug', task ':app_links:mergeDebugGeneratedProguardFiles', task ':app_links:mergeDebugConsumerProguardFiles', task ':app_links:prepareDebugArtProfile', task ':app_links:prepareLintJarForPublish', task ':app_links:mergeDebugJavaResource', task ':app_links:syncDebugLibJars', task ':app_links:bundleDebugAar', task ':app_links:assembleDebug', task ':camera_android_camerax:stripDebugDebugSymbols', task ':camera_android_camerax:copyDebugJniLibsProjectAndLocalJars', task ':camera_android_camerax:extractDebugAnnotations', task ':camera_android_camerax:extractDeepLinksForAarDebug', task ':camera_android_camerax:mergeDebugGeneratedProguardFiles', task ':camera_android_camerax:mergeDebugConsumerProguardFiles', task ':camera_android_camerax:prepareDebugArtProfile', task ':camera_android_camerax:prepareLintJarForPublish', task ':camera_android_camerax:mergeDebugJavaResource', task ':camera_android_camerax:syncDebugLibJars', task ':camera_android_camerax:bundleDebugAar', task ':camera_android_camerax:assembleDebug', task ':file_picker:stripDebugDebugSymbols', task ':file_picker:copyDebugJniLibsProjectAndLocalJars', task ':file_picker:extractDebugAnnotations', task ':file_picker:extractDeepLinksForAarDebug', task ':file_picker:mergeDebugGeneratedProguardFiles', task ':file_picker:mergeDebugConsumerProguardFiles', task ':file_picker:prepareDebugArtProfile', task ':file_picker:prepareLintJarForPublish', task ':file_picker:mergeDebugJavaResource', task ':file_picker:syncDebugLibJars', task ':file_picker:bundleDebugAar', task ':file_picker:assembleDebug', task ':flutter_plugin_android_lifecycle:stripDebugDebugSymbols', task ':flutter_plugin_android_lifecycle:copyDebugJniLibsProjectAndLocalJars', task ':flutter_plugin_android_lifecycle:extractDebugAnnotations', task ':flutter_plugin_android_lifecycle:extractDeepLinksForAarDebug', task ':flutter_plugin_android_lifecycle:mergeDebugGeneratedProguardFiles', task ':flutter_plugin_android_lifecycle:mergeDebugConsumerProguardFiles', task ':flutter_plugin_android_lifecycle:prepareDebugArtProfile', task ':flutter_plugin_android_lifecycle:prepareLintJarForPublish', task ':flutter_plugin_android_lifecycle:mergeDebugJavaResource', task ':flutter_plugin_android_lifecycle:syncDebugLibJars', task ':flutter_plugin_android_lifecycle:bundleDebugAar', task ':flutter_plugin_android_lifecycle:assembleDebug', task ':google_mlkit_commons:stripDebugDebugSymbols', task ':google_mlkit_commons:copyDebugJniLibsProjectAndLocalJars', task ':google_mlkit_commons:extractDebugAnnotations', task ':google_mlkit_commons:extractDeepLinksForAarDebug', task ':google_mlkit_commons:mergeDebugGeneratedProguardFiles', task ':google_mlkit_commons:mergeDebugConsumerProguardFiles', task ':google_mlkit_commons:prepareDebugArtProfile', task ':google_mlkit_commons:prepareLintJarForPublish', task ':google_mlkit_commons:mergeDebugJavaResource', task ':google_mlkit_commons:syncDebugLibJars', task ':google_mlkit_commons:bundleDebugAar', task ':google_mlkit_commons:assembleDebug', task ':google_mlkit_text_recognition:stripDebugDebugSymbols', task ':google_mlkit_text_recognition:copyDebugJniLibsProjectAndLocalJars', task ':google_mlkit_text_recognition:extractDebugAnnotations', task ':google_mlkit_text_recognition:extractDeepLinksForAarDebug', task ':google_mlkit_text_recognition:mergeDebugGeneratedProguardFiles', task ':google_mlkit_text_recognition:mergeDebugConsumerProguardFiles', task ':google_mlkit_text_recognition:prepareDebugArtProfile', task ':google_mlkit_text_recognition:prepareLintJarForPublish', task ':google_mlkit_text_recognition:mergeDebugJavaResource', task ':google_mlkit_text_recognition:syncDebugLibJars', task ':google_mlkit_text_recognition:bundleDebugAar', task ':google_mlkit_text_recognition:assembleDebug', task ':image_picker_android:stripDebugDebugSymbols', task ':image_picker_android:copyDebugJniLibsProjectAndLocalJars', task ':image_picker_android:extractDebugAnnotations', task ':image_picker_android:extractDeepLinksForAarDebug', task ':image_picker_android:mergeDebugGeneratedProguardFiles', task ':image_picker_android:mergeDebugConsumerProguardFiles', task ':image_picker_android:prepareDebugArtProfile', task ':image_picker_android:prepareLintJarForPublish', task ':image_picker_android:mergeDebugJavaResource', task ':image_picker_android:syncDebugLibJars', task ':image_picker_android:bundleDebugAar', task ':image_picker_android:assembleDebug', task ':path_provider_android:stripDebugDebugSymbols', task ':path_provider_android:copyDebugJniLibsProjectAndLocalJars', task ':path_provider_android:extractDebugAnnotations', task ':path_provider_android:extractDeepLinksForAarDebug', task ':path_provider_android:mergeDebugGeneratedProguardFiles', task ':path_provider_android:mergeDebugConsumerProguardFiles', task ':path_provider_android:prepareDebugArtProfile', task ':path_provider_android:prepareLintJarForPublish', task ':path_provider_android:mergeDebugJavaResource', task ':path_provider_android:syncDebugLibJars', task ':path_provider_android:bundleDebugAar', task ':path_provider_android:assembleDebug', task ':printing:stripDebugDebugSymbols', task ':printing:copyDebugJniLibsProjectAndLocalJars', task ':printing:extractDebugAnnotations', task ':printing:extractDeepLinksForAarDebug', task ':printing:mergeDebugGeneratedProguardFiles', task ':printing:mergeDebugConsumerProguardFiles', task ':printing:prepareDebugArtProfile', task ':printing:prepareLintJarForPublish', task ':printing:mergeDebugJavaResource', task ':printing:syncDebugLibJars', task ':printing:bundleDebugAar', task ':printing:assembleDebug', task ':share_plus:stripDebugDebugSymbols', task ':share_plus:copyDebugJniLibsProjectAndLocalJars', task ':share_plus:extractDebugAnnotations', task ':share_plus:extractDeepLinksForAarDebug', task ':share_plus:mergeDebugGeneratedProguardFiles', task ':share_plus:mergeDebugConsumerProguardFiles', task ':share_plus:prepareDebugArtProfile', task ':share_plus:prepareLintJarForPublish', task ':share_plus:mergeDebugJavaResource', task ':share_plus:syncDebugLibJars', task ':share_plus:bundleDebugAar', task ':share_plus:assembleDebug', task ':shared_preferences_android:stripDebugDebugSymbols', task ':shared_preferences_android:copyDebugJniLibsProjectAndLocalJars', task ':shared_preferences_android:extractDebugAnnotations', task ':shared_preferences_android:extractDeepLinksForAarDebug', task ':shared_preferences_android:mergeDebugGeneratedProguardFiles', task ':shared_preferences_android:mergeDebugConsumerProguardFiles', task ':shared_preferences_android:prepareDebugArtProfile', task ':shared_preferences_android:prepareLintJarForPublish', task ':shared_preferences_android:mergeDebugJavaResource', task ':shared_preferences_android:syncDebugLibJars', task ':shared_preferences_android:bundleDebugAar', task ':shared_preferences_android:assembleDebug', task ':sqflite_android:stripDebugDebugSymbols', task ':sqflite_android:copyDebugJniLibsProjectAndLocalJars', task ':sqflite_android:extractDebugAnnotations', task ':sqflite_android:extractDeepLinksForAarDebug', task ':sqflite_android:mergeDebugGeneratedProguardFiles', task ':sqflite_android:mergeDebugConsumerProguardFiles', task ':sqflite_android:prepareDebugArtProfile', task ':sqflite_android:prepareLintJarForPublish', task ':sqflite_android:mergeDebugJavaResource', task ':sqflite_android:syncDebugLibJars', task ':sqflite_android:bundleDebugAar', task ':sqflite_android:assembleDebug', task ':url_launcher_android:stripDebugDebugSymbols', task ':url_launcher_android:copyDebugJniLibsProjectAndLocalJars', task ':url_launcher_android:extractDebugAnnotations', task ':url_launcher_android:extractDeepLinksForAarDebug', task ':url_launcher_android:mergeDebugGeneratedProguardFiles', task ':url_launcher_android:mergeDebugConsumerProguardFiles', task ':url_launcher_android:prepareDebugArtProfile', task ':url_launcher_android:prepareLintJarForPublish', task ':url_launcher_android:mergeDebugJavaResource', task ':url_launcher_android:syncDebugLibJars', task ':url_launcher_android:bundleDebugAar', task ':url_launcher_android:assembleDebug']
Tasks that were excluded: []
work action Parameters of IdentityTransform (Thread[#1960,included builds,5,main]) started.
work action Parameters of DexingNoClasspathTransform (Thread[#1960,included builds,5,main]) started.
work action Parameters of DexingOutputSplitTransform (Thread[#1960,included builds,5,main]) started.
work action Parameters of ClassesDirToClassesTransform (Thread[#1960,included builds,5,main]) started.
work action Parameters of DexingOutputSplitTransform (Thread[#1960,included builds,5,main]) started.
Resolve mutations for :app:DebugMinSdkCheck (Thread[#1960,included builds,5,main]) started.
:app:DebugMinSdkCheck (Thread[#1960,included builds,5,main]) started.

> Task :app:DebugMinSdkCheck
Caching disabled for task ':app:DebugMinSdkCheck' because:
  Build cache is disabled
Task ':app:DebugMinSdkCheck' is not up-to-date because:
  Task has not declared any outputs despite executing actions.
Resolve mutations for :app:preBuild (Thread[#1960,included builds,5,main]) started.
:app:preBuild (Thread[#1961,Execution worker,5,main]) started.

> Task :app:preBuild UP-TO-DATE
Skipping task ':app:preBuild' as it has no actions.
Resolve mutations for :app:preDebugBuild (Thread[#1961,Execution worker,5,main]) started.
:app:preDebugBuild (Thread[#1961,Execution worker,5,main]) started.

> Task :app:preDebugBuild UP-TO-DATE
Skipping task ':app:preDebugBuild' as it has no actions.
Resolve mutations for :app:mergeDebugNativeDebugMetadata (Thread[#1961,Execution worker,5,main]) started.
:app:mergeDebugNativeDebugMetadata (Thread[#1961,Execution worker,5,main]) started.

> Task :app:mergeDebugNativeDebugMetadata NO-SOURCE
Skipping task ':app:mergeDebugNativeDebugMetadata' as it has no source files and no previous output files.
Resolve mutations for :app:checkKotlinGradlePluginConfigurationErrors (Thread[#1961,Execution worker,5,main]) started.
:app:checkKotlinGradlePluginConfigurationErrors (Thread[#1967,Execution worker Thread 7,5,main]) started.

> Task :app:checkKotlinGradlePluginConfigurationErrors
Caching disabled for task ':app:checkKotlinGradlePluginConfigurationErrors' because:
  Build cache is disabled
Task ':app:checkKotlinGradlePluginConfigurationErrors' is not up-to-date because:
  Task has not declared any outputs despite executing actions.
Resolve mutations for :app:compileFlutterBuildDebug (Thread[#1967,Execution worker Thread 7,5,main]) started.
:app:compileFlutterBuildDebug (Thread[#1967,Execution worker Thread 7,5,main]) started.

> Task :app:compileFlutterBuildDebug UP-TO-DATE
Caching disabled for task ':app:compileFlutterBuildDebug' because:
  Build cache is disabled
  Caching has not been enabled for the task
Skipping task ':app:compileFlutterBuildDebug' as it is up-to-date.
Resolve mutations for :app:packJniLibsflutterBuildDebug (Thread[#1967,Execution worker Thread 7,5,main]) started.
:app:packJniLibsflutterBuildDebug (Thread[#1967,Execution worker Thread 7,5,main]) started.

> Task :app:packJniLibsflutterBuildDebug UP-TO-DATE
Caching disabled for task ':app:packJniLibsflutterBuildDebug' because:
  Build cache is disabled
  Not worth caching
Skipping task ':app:packJniLibsflutterBuildDebug' as it is up-to-date.
Resolve mutations for :app_links:preBuild (Thread[#1967,Execution worker Thread 7,5,main]) started.
:app_links:preBuild (Thread[#1967,Execution worker Thread 7,5,main]) started.

> Task :app_links:preBuild UP-TO-DATE
Skipping task ':app_links:preBuild' as it has no actions.
Resolve mutations for :app_links:preDebugBuild (Thread[#1967,Execution worker Thread 7,5,main]) started.
:app_links:preDebugBuild (Thread[#1963,Execution worker Thread 3,5,main]) started.

> Task :app_links:preDebugBuild UP-TO-DATE
Skipping task ':app_links:preDebugBuild' as it has no actions.
Resolve mutations for :app_links:writeDebugAarMetadata (Thread[#1963,Execution worker Thread 3,5,main]) started.
:app_links:writeDebugAarMetadata (Thread[#1963,Execution worker Thread 3,5,main]) started.

> Task :app_links:writeDebugAarMetadata UP-TO-DATE
Caching disabled for task ':app_links:writeDebugAarMetadata' because:
  Build cache is disabled
  Caching has been disabled for the task
Skipping task ':app_links:writeDebugAarMetadata' as it is up-to-date.
work action resolve aar-metadata.properties (project :app_links) (Thread[#1963,Execution worker Thread 3,5,main]) started.
Resolve mutations for :camera_android_camerax:preBuild (Thread[#1963,Execution worker Thread 3,5,main]) started.
:camera_android_camerax:preBuild (Thread[#1964,Execution worker Thread 4,5,main]) started.

> Task :camera_android_camerax:preBuild UP-TO-DATE
Skipping task ':camera_android_camerax:preBuild' as it has no actions.
Resolve mutations for :camera_android_camerax:preDebugBuild (Thread[#1964,Execution worker Thread 4,5,main]) started.
:camera_android_camerax:preDebugBuild (Thread[#1964,Execution worker Thread 4,5,main]) started.

> Task :camera_android_camerax:preDebugBuild UP-TO-DATE
Skipping task ':camera_android_camerax:preDebugBuild' as it has no actions.
Resolve mutations for :camera_android_camerax:writeDebugAarMetadata (Thread[#1964,Execution worker Thread 4,5,main]) started.
:camera_android_camerax:writeDebugAarMetadata (Thread[#1964,Execution worker Thread 4,5,main]) started.

> Task :camera_android_camerax:writeDebugAarMetadata UP-TO-DATE
Caching disabled for task ':camera_android_camerax:writeDebugAarMetadata' because:
  Build cache is disabled
  Caching has been disabled for the task
Skipping task ':camera_android_camerax:writeDebugAarMetadata' as it is up-to-date.
work action resolve aar-metadata.properties (project :camera_android_camerax) (Thread[#1964,Execution worker Thread 4,5,main]) started.
Resolve mutations for :file_picker:preBuild (Thread[#1961,Execution worker,5,main]) started.
:file_picker:preBuild (Thread[#1967,Execution worker Thread 7,5,main]) started.

> Task :file_picker:preBuild UP-TO-DATE
Skipping task ':file_picker:preBuild' as it has no actions.
Resolve mutations for :file_picker:preDebugBuild (Thread[#1967,Execution worker Thread 7,5,main]) started.
:file_picker:preDebugBuild (Thread[#1967,Execution worker Thread 7,5,main]) started.

> Task :file_picker:preDebugBuild UP-TO-DATE
Skipping task ':file_picker:preDebugBuild' as it has no actions.
Resolve mutations for :file_picker:writeDebugAarMetadata (Thread[#1967,Execution worker Thread 7,5,main]) started.
:file_picker:writeDebugAarMetadata (Thread[#1967,Execution worker Thread 7,5,main]) started.

> Task :file_picker:writeDebugAarMetadata UP-TO-DATE
Caching disabled for task ':file_picker:writeDebugAarMetadata' because:
  Build cache is disabled
  Caching has been disabled for the task
Skipping task ':file_picker:writeDebugAarMetadata' as it is up-to-date.
work action resolve aar-metadata.properties (project :file_picker) (Thread[#1967,Execution worker Thread 7,5,main]) started.
Resolve mutations for :flutter_plugin_android_lifecycle:preBuild (Thread[#1967,Execution worker Thread 7,5,main]) started.
:flutter_plugin_android_lifecycle:preBuild (Thread[#1967,Execution worker Thread 7,5,main]) started.

> Task :flutter_plugin_android_lifecycle:preBuild UP-TO-DATE
Skipping task ':flutter_plugin_android_lifecycle:preBuild' as it has no actions.
Resolve mutations for :flutter_plugin_android_lifecycle:preDebugBuild (Thread[#1967,Execution worker Thread 7,5,main]) started.
:flutter_plugin_android_lifecycle:preDebugBuild (Thread[#1967,Execution worker Thread 7,5,main]) started.

> Task :flutter_plugin_android_lifecycle:preDebugBuild UP-TO-DATE
Skipping task ':flutter_plugin_android_lifecycle:preDebugBuild' as it has no actions.
Resolve mutations for :flutter_plugin_android_lifecycle:writeDebugAarMetadata (Thread[#1967,Execution worker Thread 7,5,main]) started.
:flutter_plugin_android_lifecycle:writeDebugAarMetadata (Thread[#1967,Execution worker Thread 7,5,main]) started.

> Task :flutter_plugin_android_lifecycle:writeDebugAarMetadata UP-TO-DATE
Caching disabled for task ':flutter_plugin_android_lifecycle:writeDebugAarMetadata' because:
  Build cache is disabled
  Caching has been disabled for the task
Skipping task ':flutter_plugin_android_lifecycle:writeDebugAarMetadata' as it is up-to-date.
work action resolve aar-metadata.properties (project :flutter_plugin_android_lifecycle) (Thread[#1967,Execution worker Thread 7,5,main]) started.
Resolve mutations for :google_mlkit_commons:preBuild (Thread[#1967,Execution worker Thread 7,5,main]) started.
:google_mlkit_commons:preBuild (Thread[#1967,Execution worker Thread 7,5,main]) started.

> Task :google_mlkit_commons:preBuild UP-TO-DATE
Skipping task ':google_mlkit_commons:preBuild' as it has no actions.
Resolve mutations for :google_mlkit_commons:preDebugBuild (Thread[#1967,Execution worker Thread 7,5,main]) started.
:google_mlkit_commons:preDebugBuild (Thread[#1967,Execution worker Thread 7,5,main]) started.

> Task :google_mlkit_commons:preDebugBuild UP-TO-DATE
Skipping task ':google_mlkit_commons:preDebugBuild' as it has no actions.
Resolve mutations for :google_mlkit_commons:writeDebugAarMetadata (Thread[#1967,Execution worker Thread 7,5,main]) started.
:google_mlkit_commons:writeDebugAarMetadata (Thread[#1967,Execution worker Thread 7,5,main]) started.

> Task :google_mlkit_commons:writeDebugAarMetadata UP-TO-DATE
Caching disabled for task ':google_mlkit_commons:writeDebugAarMetadata' because:
  Build cache is disabled
  Caching has been disabled for the task
Skipping task ':google_mlkit_commons:writeDebugAarMetadata' as it is up-to-date.
work action resolve aar-metadata.properties (project :google_mlkit_commons) (Thread[#1967,Execution worker Thread 7,5,main]) started.
Resolve mutations for :google_mlkit_text_recognition:preBuild (Thread[#1967,Execution worker Thread 7,5,main]) started.
:google_mlkit_text_recognition:preBuild (Thread[#1967,Execution worker Thread 7,5,main]) started.

> Task :google_mlkit_text_recognition:preBuild UP-TO-DATE
Skipping task ':google_mlkit_text_recognition:preBuild' as it has no actions.
Resolve mutations for :google_mlkit_text_recognition:preDebugBuild (Thread[#1967,Execution worker Thread 7,5,main]) started.
:google_mlkit_text_recognition:preDebugBuild (Thread[#1967,Execution worker Thread 7,5,main]) started.

> Task :google_mlkit_text_recognition:preDebugBuild UP-TO-DATE
Skipping task ':google_mlkit_text_recognition:preDebugBuild' as it has no actions.
Resolve mutations for :google_mlkit_text_recognition:writeDebugAarMetadata (Thread[#1967,Execution worker Thread 7,5,main]) started.
:google_mlkit_text_recognition:writeDebugAarMetadata (Thread[#1967,Execution worker Thread 7,5,main]) started.

> Task :google_mlkit_text_recognition:writeDebugAarMetadata UP-TO-DATE
Caching disabled for task ':google_mlkit_text_recognition:writeDebugAarMetadata' because:
  Build cache is disabled
  Caching has been disabled for the task
Skipping task ':google_mlkit_text_recognition:writeDebugAarMetadata' as it is up-to-date.
work action resolve aar-metadata.properties (project :google_mlkit_text_recognition) (Thread[#1967,Execution worker Thread 7,5,main]) started.
Resolve mutations for :image_picker_android:preBuild (Thread[#1967,Execution worker Thread 7,5,main]) started.
:image_picker_android:preBuild (Thread[#1967,Execution worker Thread 7,5,main]) started.

> Task :image_picker_android:preBuild UP-TO-DATE
Skipping task ':image_picker_android:preBuild' as it has no actions.
Resolve mutations for :image_picker_android:preDebugBuild (Thread[#1967,Execution worker Thread 7,5,main]) started.
:image_picker_android:preDebugBuild (Thread[#1967,Execution worker Thread 7,5,main]) started.

> Task :image_picker_android:preDebugBuild UP-TO-DATE
Skipping task ':image_picker_android:preDebugBuild' as it has no actions.
Resolve mutations for :image_picker_android:writeDebugAarMetadata (Thread[#1967,Execution worker Thread 7,5,main]) started.
:image_picker_android:writeDebugAarMetadata (Thread[#1967,Execution worker Thread 7,5,main]) started.

> Task :image_picker_android:writeDebugAarMetadata UP-TO-DATE
Caching disabled for task ':image_picker_android:writeDebugAarMetadata' because:
  Build cache is disabled
  Caching has been disabled for the task
Skipping task ':image_picker_android:writeDebugAarMetadata' as it is up-to-date.
work action resolve aar-metadata.properties (project :image_picker_android) (Thread[#1967,Execution worker Thread 7,5,main]) started.
Resolve mutations for :path_provider_android:preBuild (Thread[#1967,Execution worker Thread 7,5,main]) started.
:path_provider_android:preBuild (Thread[#1967,Execution worker Thread 7,5,main]) started.

> Task :path_provider_android:preBuild UP-TO-DATE
Skipping task ':path_provider_android:preBuild' as it has no actions.
Resolve mutations for :path_provider_android:preDebugBuild (Thread[#1967,Execution worker Thread 7,5,main]) started.
:path_provider_android:preDebugBuild (Thread[#1967,Execution worker Thread 7,5,main]) started.

> Task :path_provider_android:preDebugBuild UP-TO-DATE
Skipping task ':path_provider_android:preDebugBuild' as it has no actions.
Resolve mutations for :path_provider_android:writeDebugAarMetadata (Thread[#1962,Execution worker Thread 2,5,main]) started.
:path_provider_android:writeDebugAarMetadata (Thread[#1962,Execution worker Thread 2,5,main]) started.

> Task :path_provider_android:writeDebugAarMetadata UP-TO-DATE
Caching disabled for task ':path_provider_android:writeDebugAarMetadata' because:
  Build cache is disabled
  Caching has been disabled for the task
Skipping task ':path_provider_android:writeDebugAarMetadata' as it is up-to-date.
work action resolve aar-metadata.properties (project :path_provider_android) (Thread[#1962,Execution worker Thread 2,5,main]) started.
Resolve mutations for :printing:preBuild (Thread[#1962,Execution worker Thread 2,5,main]) started.
:printing:preBuild (Thread[#1962,Execution worker Thread 2,5,main]) started.

> Task :printing:preBuild UP-TO-DATE
Skipping task ':printing:preBuild' as it has no actions.
Resolve mutations for :printing:preDebugBuild (Thread[#1962,Execution worker Thread 2,5,main]) started.
:printing:preDebugBuild (Thread[#1962,Execution worker Thread 2,5,main]) started.

> Task :printing:preDebugBuild UP-TO-DATE
Skipping task ':printing:preDebugBuild' as it has no actions.
Resolve mutations for :printing:writeDebugAarMetadata (Thread[#1962,Execution worker Thread 2,5,main]) started.
:printing:writeDebugAarMetadata (Thread[#1962,Execution worker Thread 2,5,main]) started.

> Task :printing:writeDebugAarMetadata UP-TO-DATE
Caching disabled for task ':printing:writeDebugAarMetadata' because:
  Build cache is disabled
  Caching has been disabled for the task
Skipping task ':printing:writeDebugAarMetadata' as it is up-to-date.
work action resolve aar-metadata.properties (project :printing) (Thread[#1962,Execution worker Thread 2,5,main]) started.
Resolve mutations for :share_plus:preBuild (Thread[#1962,Execution worker Thread 2,5,main]) started.
:share_plus:preBuild (Thread[#1963,Execution worker Thread 3,5,main]) started.

> Task :share_plus:preBuild UP-TO-DATE
Skipping task ':share_plus:preBuild' as it has no actions.
Resolve mutations for :share_plus:preDebugBuild (Thread[#1963,Execution worker Thread 3,5,main]) started.
:share_plus:preDebugBuild (Thread[#1963,Execution worker Thread 3,5,main]) started.

> Task :share_plus:preDebugBuild UP-TO-DATE
Skipping task ':share_plus:preDebugBuild' as it has no actions.
Resolve mutations for :share_plus:writeDebugAarMetadata (Thread[#1963,Execution worker Thread 3,5,main]) started.
:share_plus:writeDebugAarMetadata (Thread[#1963,Execution worker Thread 3,5,main]) started.

> Task :share_plus:writeDebugAarMetadata UP-TO-DATE
Caching disabled for task ':share_plus:writeDebugAarMetadata' because:
  Build cache is disabled
  Caching has been disabled for the task
Skipping task ':share_plus:writeDebugAarMetadata' as it is up-to-date.
work action resolve aar-metadata.properties (project :share_plus) (Thread[#1963,Execution worker Thread 3,5,main]) started.
Resolve mutations for :shared_preferences_android:preBuild (Thread[#1963,Execution worker Thread 3,5,main]) started.
:shared_preferences_android:preBuild (Thread[#1963,Execution worker Thread 3,5,main]) started.

> Task :shared_preferences_android:preBuild UP-TO-DATE
Skipping task ':shared_preferences_android:preBuild' as it has no actions.
Resolve mutations for :shared_preferences_android:preDebugBuild (Thread[#1963,Execution worker Thread 3,5,main]) started.
:shared_preferences_android:preDebugBuild (Thread[#1963,Execution worker Thread 3,5,main]) started.

> Task :shared_preferences_android:preDebugBuild UP-TO-DATE
Skipping task ':shared_preferences_android:preDebugBuild' as it has no actions.
Resolve mutations for :shared_preferences_android:writeDebugAarMetadata (Thread[#1963,Execution worker Thread 3,5,main]) started.
:shared_preferences_android:writeDebugAarMetadata (Thread[#1963,Execution worker Thread 3,5,main]) started.

> Task :shared_preferences_android:writeDebugAarMetadata UP-TO-DATE
Caching disabled for task ':shared_preferences_android:writeDebugAarMetadata' because:
  Build cache is disabled
  Caching has been disabled for the task
Skipping task ':shared_preferences_android:writeDebugAarMetadata' as it is up-to-date.
work action resolve aar-metadata.properties (project :shared_preferences_android) (Thread[#1963,Execution worker Thread 3,5,main]) started.
Resolve mutations for :sqflite_android:preBuild (Thread[#1963,Execution worker Thread 3,5,main]) started.
:sqflite_android:preBuild (Thread[#1963,Execution worker Thread 3,5,main]) started.

> Task :sqflite_android:preBuild UP-TO-DATE
Skipping task ':sqflite_android:preBuild' as it has no actions.
Resolve mutations for :sqflite_android:preDebugBuild (Thread[#1963,Execution worker Thread 3,5,main]) started.
:sqflite_android:preDebugBuild (Thread[#1963,Execution worker Thread 3,5,main]) started.

> Task :sqflite_android:preDebugBuild UP-TO-DATE
Skipping task ':sqflite_android:preDebugBuild' as it has no actions.
Resolve mutations for :sqflite_android:writeDebugAarMetadata (Thread[#1963,Execution worker Thread 3,5,main]) started.
:sqflite_android:writeDebugAarMetadata (Thread[#1966,Execution worker Thread 6,5,main]) started.

> Task :sqflite_android:writeDebugAarMetadata UP-TO-DATE
Caching disabled for task ':sqflite_android:writeDebugAarMetadata' because:
  Build cache is disabled
  Caching has been disabled for the task
Skipping task ':sqflite_android:writeDebugAarMetadata' as it is up-to-date.
work action resolve aar-metadata.properties (project :sqflite_android) (Thread[#1966,Execution worker Thread 6,5,main]) started.
Resolve mutations for :url_launcher_android:preBuild (Thread[#1963,Execution worker Thread 3,5,main]) started.
:url_launcher_android:preBuild (Thread[#1963,Execution worker Thread 3,5,main]) started.

> Task :url_launcher_android:preBuild UP-TO-DATE
Skipping task ':url_launcher_android:preBuild' as it has no actions.
Resolve mutations for :url_launcher_android:preDebugBuild (Thread[#1963,Execution worker Thread 3,5,main]) started.
:url_launcher_android:preDebugBuild (Thread[#1963,Execution worker Thread 3,5,main]) started.

> Task :url_launcher_android:preDebugBuild UP-TO-DATE
Skipping task ':url_launcher_android:preDebugBuild' as it has no actions.
Resolve mutations for :url_launcher_android:writeDebugAarMetadata (Thread[#1963,Execution worker Thread 3,5,main]) started.
:url_launcher_android:writeDebugAarMetadata (Thread[#1963,Execution worker Thread 3,5,main]) started.

> Task :url_launcher_android:writeDebugAarMetadata UP-TO-DATE
Caching disabled for task ':url_launcher_android:writeDebugAarMetadata' because:
  Build cache is disabled
  Caching has been disabled for the task
Skipping task ':url_launcher_android:writeDebugAarMetadata' as it is up-to-date.
work action resolve aar-metadata.properties (project :url_launcher_android) (Thread[#1964,Execution worker Thread 4,5,main]) started.
Resolve mutations for :app:checkDebugAarMetadata (Thread[#1967,Execution worker Thread 7,5,main]) started.
:app:checkDebugAarMetadata (Thread[#1967,Execution worker Thread 7,5,main]) started.

> Task :app:checkDebugAarMetadata UP-TO-DATE
Caching disabled for task ':app:checkDebugAarMetadata' because:
  Build cache is disabled
  Caching has been disabled for the task
Skipping task ':app:checkDebugAarMetadata' as it is up-to-date.
Resolve mutations for :app:cleanMergeDebugAssets (Thread[#1967,Execution worker Thread 7,5,main]) started.
:app:cleanMergeDebugAssets (Thread[#1967,Execution worker Thread 7,5,main]) started.

> Task :app:cleanMergeDebugAssets
Caching disabled for task ':app:cleanMergeDebugAssets' because:
  Build cache is disabled
Task ':app:cleanMergeDebugAssets' is not up-to-date because:
  Task has not declared any outputs despite executing actions.
Resolve mutations for :app:mergeDebugShaders (Thread[#1967,Execution worker Thread 7,5,main]) started.
:app:mergeDebugShaders (Thread[#1967,Execution worker Thread 7,5,main]) started.

> Task :app:mergeDebugShaders UP-TO-DATE
Caching disabled for task ':app:mergeDebugShaders' because:
  Build cache is disabled
  Simple merging task
Skipping task ':app:mergeDebugShaders' as it is up-to-date.
Resolve mutations for :app:compileDebugShaders (Thread[#1967,Execution worker Thread 7,5,main]) started.
:app:compileDebugShaders (Thread[#1967,Execution worker Thread 7,5,main]) started.

> Task :app:compileDebugShaders NO-SOURCE
Skipping task ':app:compileDebugShaders' as it has no source files and no previous output files.
Resolve mutations for :app:generateDebugAssets (Thread[#1967,Execution worker Thread 7,5,main]) started.
:app:generateDebugAssets (Thread[#1967,Execution worker Thread 7,5,main]) started.

> Task :app:generateDebugAssets UP-TO-DATE
Skipping task ':app:generateDebugAssets' as it has no actions.
Resolve mutations for :app_links:mergeDebugShaders (Thread[#1967,Execution worker Thread 7,5,main]) started.
:app_links:mergeDebugShaders (Thread[#1967,Execution worker Thread 7,5,main]) started.

> Task :app_links:mergeDebugShaders UP-TO-DATE
Caching disabled for task ':app_links:mergeDebugShaders' because:
  Build cache is disabled
  Simple merging task
Skipping task ':app_links:mergeDebugShaders' as it is up-to-date.
Resolve mutations for :app_links:compileDebugShaders (Thread[#1967,Execution worker Thread 7,5,main]) started.
:app_links:compileDebugShaders (Thread[#1961,Execution worker,5,main]) started.

> Task :app_links:compileDebugShaders NO-SOURCE
Skipping task ':app_links:compileDebugShaders' as it has no source files and no previous output files.
Resolve mutations for :app_links:generateDebugAssets (Thread[#1961,Execution worker,5,main]) started.
:app_links:generateDebugAssets (Thread[#1960,included builds,5,main]) started.

> Task :app_links:generateDebugAssets UP-TO-DATE
Skipping task ':app_links:generateDebugAssets' as it has no actions.
Resolve mutations for :app_links:mergeDebugAssets (Thread[#1960,included builds,5,main]) started.
:app_links:mergeDebugAssets (Thread[#1960,included builds,5,main]) started.

> Task :app_links:mergeDebugAssets UP-TO-DATE
Caching disabled for task ':app_links:mergeDebugAssets' because:
  Build cache is disabled
  Simple merging task
Skipping task ':app_links:mergeDebugAssets' as it is up-to-date.
work action resolve mergeDebugAssets (project :app_links) (Thread[#1960,included builds,5,main]) started.
Resolve mutations for :camera_android_camerax:mergeDebugShaders (Thread[#1960,included builds,5,main]) started.
:camera_android_camerax:mergeDebugShaders (Thread[#1960,included builds,5,main]) started.

> Task :camera_android_camerax:mergeDebugShaders UP-TO-DATE
Caching disabled for task ':camera_android_camerax:mergeDebugShaders' because:
  Build cache is disabled
  Simple merging task
Skipping task ':camera_android_camerax:mergeDebugShaders' as it is up-to-date.
Resolve mutations for :camera_android_camerax:compileDebugShaders (Thread[#1960,included builds,5,main]) started.
:camera_android_camerax:compileDebugShaders (Thread[#1960,included builds,5,main]) started.

> Task :camera_android_camerax:compileDebugShaders NO-SOURCE
Skipping task ':camera_android_camerax:compileDebugShaders' as it has no source files and no previous output files.
Resolve mutations for :camera_android_camerax:generateDebugAssets (Thread[#1960,included builds,5,main]) started.
:camera_android_camerax:generateDebugAssets (Thread[#1960,included builds,5,main]) started.

> Task :camera_android_camerax:generateDebugAssets UP-TO-DATE
Skipping task ':camera_android_camerax:generateDebugAssets' as it has no actions.
Resolve mutations for :camera_android_camerax:mergeDebugAssets (Thread[#1960,included builds,5,main]) started.
:camera_android_camerax:mergeDebugAssets (Thread[#1960,included builds,5,main]) started.

> Task :camera_android_camerax:mergeDebugAssets UP-TO-DATE
Caching disabled for task ':camera_android_camerax:mergeDebugAssets' because:
  Build cache is disabled
  Simple merging task
Skipping task ':camera_android_camerax:mergeDebugAssets' as it is up-to-date.
work action resolve mergeDebugAssets (project :camera_android_camerax) (Thread[#1960,included builds,5,main]) started.
Resolve mutations for :file_picker:mergeDebugShaders (Thread[#1960,included builds,5,main]) started.
:file_picker:mergeDebugShaders (Thread[#1960,included builds,5,main]) started.

> Task :file_picker:mergeDebugShaders UP-TO-DATE
Caching disabled for task ':file_picker:mergeDebugShaders' because:
  Build cache is disabled
  Simple merging task
Skipping task ':file_picker:mergeDebugShaders' as it is up-to-date.
Resolve mutations for :file_picker:compileDebugShaders (Thread[#1960,included builds,5,main]) started.
:file_picker:compileDebugShaders (Thread[#1960,included builds,5,main]) started.

> Task :file_picker:compileDebugShaders NO-SOURCE
Skipping task ':file_picker:compileDebugShaders' as it has no source files and no previous output files.
Resolve mutations for :file_picker:generateDebugAssets (Thread[#1960,included builds,5,main]) started.
:file_picker:generateDebugAssets (Thread[#1960,included builds,5,main]) started.

> Task :file_picker:generateDebugAssets UP-TO-DATE
Skipping task ':file_picker:generateDebugAssets' as it has no actions.
Resolve mutations for :file_picker:mergeDebugAssets (Thread[#1960,included builds,5,main]) started.
:file_picker:mergeDebugAssets (Thread[#1960,included builds,5,main]) started.

> Task :file_picker:mergeDebugAssets UP-TO-DATE
Caching disabled for task ':file_picker:mergeDebugAssets' because:
  Build cache is disabled
  Simple merging task
Skipping task ':file_picker:mergeDebugAssets' as it is up-to-date.
work action resolve mergeDebugAssets (project :file_picker) (Thread[#1960,included builds,5,main]) started.
Resolve mutations for :flutter_plugin_android_lifecycle:mergeDebugShaders (Thread[#1960,included builds,5,main]) started.
:flutter_plugin_android_lifecycle:mergeDebugShaders (Thread[#1960,included builds,5,main]) started.

> Task :flutter_plugin_android_lifecycle:mergeDebugShaders UP-TO-DATE
Caching disabled for task ':flutter_plugin_android_lifecycle:mergeDebugShaders' because:
  Build cache is disabled
  Simple merging task
Skipping task ':flutter_plugin_android_lifecycle:mergeDebugShaders' as it is up-to-date.
Resolve mutations for :flutter_plugin_android_lifecycle:compileDebugShaders (Thread[#1960,included builds,5,main]) started.
:flutter_plugin_android_lifecycle:compileDebugShaders (Thread[#1960,included builds,5,main]) started.

> Task :flutter_plugin_android_lifecycle:compileDebugShaders NO-SOURCE
Skipping task ':flutter_plugin_android_lifecycle:compileDebugShaders' as it has no source files and no previous output files.
Resolve mutations for :flutter_plugin_android_lifecycle:generateDebugAssets (Thread[#1960,included builds,5,main]) started.
:flutter_plugin_android_lifecycle:generateDebugAssets (Thread[#1966,Execution worker Thread 6,5,main]) started.

> Task :flutter_plugin_android_lifecycle:generateDebugAssets UP-TO-DATE
Skipping task ':flutter_plugin_android_lifecycle:generateDebugAssets' as it has no actions.
Resolve mutations for :flutter_plugin_android_lifecycle:mergeDebugAssets (Thread[#1966,Execution worker Thread 6,5,main]) started.
:flutter_plugin_android_lifecycle:mergeDebugAssets (Thread[#1966,Execution worker Thread 6,5,main]) started.

> Task :flutter_plugin_android_lifecycle:mergeDebugAssets UP-TO-DATE
Caching disabled for task ':flutter_plugin_android_lifecycle:mergeDebugAssets' because:
  Build cache is disabled
  Simple merging task
Skipping task ':flutter_plugin_android_lifecycle:mergeDebugAssets' as it is up-to-date.
work action resolve mergeDebugAssets (project :flutter_plugin_android_lifecycle) (Thread[#1966,Execution worker Thread 6,5,main]) started.
Resolve mutations for :google_mlkit_commons:mergeDebugShaders (Thread[#1966,Execution worker Thread 6,5,main]) started.
:google_mlkit_commons:mergeDebugShaders (Thread[#1966,Execution worker Thread 6,5,main]) started.

> Task :google_mlkit_commons:mergeDebugShaders UP-TO-DATE
Caching disabled for task ':google_mlkit_commons:mergeDebugShaders' because:
  Build cache is disabled
  Simple merging task
Skipping task ':google_mlkit_commons:mergeDebugShaders' as it is up-to-date.
Resolve mutations for :google_mlkit_commons:compileDebugShaders (Thread[#1966,Execution worker Thread 6,5,main]) started.
:google_mlkit_commons:compileDebugShaders (Thread[#1966,Execution worker Thread 6,5,main]) started.

> Task :google_mlkit_commons:compileDebugShaders NO-SOURCE
Skipping task ':google_mlkit_commons:compileDebugShaders' as it has no source files and no previous output files.
Resolve mutations for :google_mlkit_commons:generateDebugAssets (Thread[#1966,Execution worker Thread 6,5,main]) started.
:google_mlkit_commons:generateDebugAssets (Thread[#1966,Execution worker Thread 6,5,main]) started.

> Task :google_mlkit_commons:generateDebugAssets UP-TO-DATE
Skipping task ':google_mlkit_commons:generateDebugAssets' as it has no actions.
Resolve mutations for :google_mlkit_commons:mergeDebugAssets (Thread[#1966,Execution worker Thread 6,5,main]) started.
:google_mlkit_commons:mergeDebugAssets (Thread[#1966,Execution worker Thread 6,5,main]) started.

> Task :google_mlkit_commons:mergeDebugAssets UP-TO-DATE
Caching disabled for task ':google_mlkit_commons:mergeDebugAssets' because:
  Build cache is disabled
  Simple merging task
Skipping task ':google_mlkit_commons:mergeDebugAssets' as it is up-to-date.
work action resolve mergeDebugAssets (project :google_mlkit_commons) (Thread[#1966,Execution worker Thread 6,5,main]) started.
Resolve mutations for :google_mlkit_text_recognition:mergeDebugShaders (Thread[#1966,Execution worker Thread 6,5,main]) started.
:google_mlkit_text_recognition:mergeDebugShaders (Thread[#1966,Execution worker Thread 6,5,main]) started.

> Task :google_mlkit_text_recognition:mergeDebugShaders UP-TO-DATE
Caching disabled for task ':google_mlkit_text_recognition:mergeDebugShaders' because:
  Build cache is disabled
  Simple merging task
Skipping task ':google_mlkit_text_recognition:mergeDebugShaders' as it is up-to-date.
Resolve mutations for :google_mlkit_text_recognition:compileDebugShaders (Thread[#1966,Execution worker Thread 6,5,main]) started.
:google_mlkit_text_recognition:compileDebugShaders (Thread[#1966,Execution worker Thread 6,5,main]) started.

> Task :google_mlkit_text_recognition:compileDebugShaders NO-SOURCE
Skipping task ':google_mlkit_text_recognition:compileDebugShaders' as it has no source files and no previous output files.
Resolve mutations for :google_mlkit_text_recognition:generateDebugAssets (Thread[#1966,Execution worker Thread 6,5,main]) started.
:google_mlkit_text_recognition:generateDebugAssets (Thread[#1966,Execution worker Thread 6,5,main]) started.

> Task :google_mlkit_text_recognition:generateDebugAssets UP-TO-DATE
Skipping task ':google_mlkit_text_recognition:generateDebugAssets' as it has no actions.
Resolve mutations for :google_mlkit_text_recognition:mergeDebugAssets (Thread[#1966,Execution worker Thread 6,5,main]) started.
:google_mlkit_text_recognition:mergeDebugAssets (Thread[#1966,Execution worker Thread 6,5,main]) started.

> Task :google_mlkit_text_recognition:mergeDebugAssets UP-TO-DATE
Caching disabled for task ':google_mlkit_text_recognition:mergeDebugAssets' because:
  Build cache is disabled
  Simple merging task
Skipping task ':google_mlkit_text_recognition:mergeDebugAssets' as it is up-to-date.
work action resolve mergeDebugAssets (project :google_mlkit_text_recognition) (Thread[#1966,Execution worker Thread 6,5,main]) started.
Resolve mutations for :image_picker_android:mergeDebugShaders (Thread[#1966,Execution worker Thread 6,5,main]) started.
:image_picker_android:mergeDebugShaders (Thread[#1961,Execution worker,5,main]) started.

> Task :image_picker_android:mergeDebugShaders UP-TO-DATE
Caching disabled for task ':image_picker_android:mergeDebugShaders' because:
  Build cache is disabled
  Simple merging task
Skipping task ':image_picker_android:mergeDebugShaders' as it is up-to-date.
Resolve mutations for :image_picker_android:compileDebugShaders (Thread[#1961,Execution worker,5,main]) started.
:image_picker_android:compileDebugShaders (Thread[#1961,Execution worker,5,main]) started.

> Task :image_picker_android:compileDebugShaders NO-SOURCE
Skipping task ':image_picker_android:compileDebugShaders' as it has no source files and no previous output files.
Resolve mutations for :image_picker_android:generateDebugAssets (Thread[#1961,Execution worker,5,main]) started.
:image_picker_android:generateDebugAssets (Thread[#1961,Execution worker,5,main]) started.

> Task :image_picker_android:generateDebugAssets UP-TO-DATE
Skipping task ':image_picker_android:generateDebugAssets' as it has no actions.
Resolve mutations for :image_picker_android:mergeDebugAssets (Thread[#1966,Execution worker Thread 6,5,main]) started.
:image_picker_android:mergeDebugAssets (Thread[#1966,Execution worker Thread 6,5,main]) started.

> Task :image_picker_android:mergeDebugAssets UP-TO-DATE
Caching disabled for task ':image_picker_android:mergeDebugAssets' because:
  Build cache is disabled
  Simple merging task
Skipping task ':image_picker_android:mergeDebugAssets' as it is up-to-date.
work action resolve mergeDebugAssets (project :image_picker_android) (Thread[#1966,Execution worker Thread 6,5,main]) started.
Resolve mutations for :path_provider_android:mergeDebugShaders (Thread[#1966,Execution worker Thread 6,5,main]) started.
:path_provider_android:mergeDebugShaders (Thread[#1966,Execution worker Thread 6,5,main]) started.

> Task :path_provider_android:mergeDebugShaders UP-TO-DATE
Caching disabled for task ':path_provider_android:mergeDebugShaders' because:
  Build cache is disabled
  Simple merging task
Skipping task ':path_provider_android:mergeDebugShaders' as it is up-to-date.
Resolve mutations for :path_provider_android:compileDebugShaders (Thread[#1966,Execution worker Thread 6,5,main]) started.
:path_provider_android:compileDebugShaders (Thread[#1966,Execution worker Thread 6,5,main]) started.

> Task :path_provider_android:compileDebugShaders NO-SOURCE
Skipping task ':path_provider_android:compileDebugShaders' as it has no source files and no previous output files.
Resolve mutations for :path_provider_android:generateDebugAssets (Thread[#1966,Execution worker Thread 6,5,main]) started.
:path_provider_android:generateDebugAssets (Thread[#1966,Execution worker Thread 6,5,main]) started.

> Task :path_provider_android:generateDebugAssets UP-TO-DATE
Skipping task ':path_provider_android:generateDebugAssets' as it has no actions.
Resolve mutations for :path_provider_android:mergeDebugAssets (Thread[#1966,Execution worker Thread 6,5,main]) started.
:path_provider_android:mergeDebugAssets (Thread[#1966,Execution worker Thread 6,5,main]) started.

> Task :path_provider_android:mergeDebugAssets UP-TO-DATE
Caching disabled for task ':path_provider_android:mergeDebugAssets' because:
  Build cache is disabled
  Simple merging task
Skipping task ':path_provider_android:mergeDebugAssets' as it is up-to-date.
work action resolve mergeDebugAssets (project :path_provider_android) (Thread[#1966,Execution worker Thread 6,5,main]) started.
Resolve mutations for :printing:mergeDebugShaders (Thread[#1966,Execution worker Thread 6,5,main]) started.
:printing:mergeDebugShaders (Thread[#1966,Execution worker Thread 6,5,main]) started.

> Task :printing:mergeDebugShaders UP-TO-DATE
Caching disabled for task ':printing:mergeDebugShaders' because:
  Build cache is disabled
  Simple merging task
Skipping task ':printing:mergeDebugShaders' as it is up-to-date.
Resolve mutations for :printing:compileDebugShaders (Thread[#1966,Execution worker Thread 6,5,main]) started.
:printing:compileDebugShaders (Thread[#1966,Execution worker Thread 6,5,main]) started.

> Task :printing:compileDebugShaders NO-SOURCE
Skipping task ':printing:compileDebugShaders' as it has no source files and no previous output files.
Resolve mutations for :printing:generateDebugAssets (Thread[#1966,Execution worker Thread 6,5,main]) started.
:printing:generateDebugAssets (Thread[#1966,Execution worker Thread 6,5,main]) started.

> Task :printing:generateDebugAssets UP-TO-DATE
Skipping task ':printing:generateDebugAssets' as it has no actions.
Resolve mutations for :printing:mergeDebugAssets (Thread[#1966,Execution worker Thread 6,5,main]) started.
:printing:mergeDebugAssets (Thread[#1966,Execution worker Thread 6,5,main]) started.

> Task :printing:mergeDebugAssets UP-TO-DATE
Caching disabled for task ':printing:mergeDebugAssets' because:
  Build cache is disabled
  Simple merging task
Skipping task ':printing:mergeDebugAssets' as it is up-to-date.
work action resolve mergeDebugAssets (project :printing) (Thread[#1966,Execution worker Thread 6,5,main]) started.
Resolve mutations for :share_plus:mergeDebugShaders (Thread[#1966,Execution worker Thread 6,5,main]) started.
:share_plus:mergeDebugShaders (Thread[#1966,Execution worker Thread 6,5,main]) started.

> Task :share_plus:mergeDebugShaders UP-TO-DATE
Caching disabled for task ':share_plus:mergeDebugShaders' because:
  Build cache is disabled
  Simple merging task
Skipping task ':share_plus:mergeDebugShaders' as it is up-to-date.
Resolve mutations for :share_plus:compileDebugShaders (Thread[#1966,Execution worker Thread 6,5,main]) started.
:share_plus:compileDebugShaders (Thread[#1966,Execution worker Thread 6,5,main]) started.

> Task :share_plus:compileDebugShaders NO-SOURCE
Skipping task ':share_plus:compileDebugShaders' as it has no source files and no previous output files.
Resolve mutations for :share_plus:generateDebugAssets (Thread[#1966,Execution worker Thread 6,5,main]) started.
:share_plus:generateDebugAssets (Thread[#1966,Execution worker Thread 6,5,main]) started.

> Task :share_plus:generateDebugAssets UP-TO-DATE
Skipping task ':share_plus:generateDebugAssets' as it has no actions.
Resolve mutations for :share_plus:mergeDebugAssets (Thread[#1966,Execution worker Thread 6,5,main]) started.
:share_plus:mergeDebugAssets (Thread[#1966,Execution worker Thread 6,5,main]) started.

> Task :share_plus:mergeDebugAssets UP-TO-DATE
Caching disabled for task ':share_plus:mergeDebugAssets' because:
  Build cache is disabled
  Simple merging task
Skipping task ':share_plus:mergeDebugAssets' as it is up-to-date.
work action resolve mergeDebugAssets (project :share_plus) (Thread[#1966,Execution worker Thread 6,5,main]) started.
Resolve mutations for :shared_preferences_android:mergeDebugShaders (Thread[#1966,Execution worker Thread 6,5,main]) started.
:shared_preferences_android:mergeDebugShaders (Thread[#1966,Execution worker Thread 6,5,main]) started.

> Task :shared_preferences_android:mergeDebugShaders UP-TO-DATE
Caching disabled for task ':shared_preferences_android:mergeDebugShaders' because:
  Build cache is disabled
  Simple merging task
Skipping task ':shared_preferences_android:mergeDebugShaders' as it is up-to-date.
Resolve mutations for :shared_preferences_android:compileDebugShaders (Thread[#1966,Execution worker Thread 6,5,main]) started.
:shared_preferences_android:compileDebugShaders (Thread[#1966,Execution worker Thread 6,5,main]) started.

> Task :shared_preferences_android:compileDebugShaders NO-SOURCE
Skipping task ':shared_preferences_android:compileDebugShaders' as it has no source files and no previous output files.
Resolve mutations for :shared_preferences_android:generateDebugAssets (Thread[#1966,Execution worker Thread 6,5,main]) started.
:shared_preferences_android:generateDebugAssets (Thread[#1966,Execution worker Thread 6,5,main]) started.

> Task :shared_preferences_android:generateDebugAssets UP-TO-DATE
Skipping task ':shared_preferences_android:generateDebugAssets' as it has no actions.
Resolve mutations for :shared_preferences_android:mergeDebugAssets (Thread[#1966,Execution worker Thread 6,5,main]) started.
:shared_preferences_android:mergeDebugAssets (Thread[#1963,Execution worker Thread 3,5,main]) started.

> Task :shared_preferences_android:mergeDebugAssets UP-TO-DATE
Caching disabled for task ':shared_preferences_android:mergeDebugAssets' because:
  Build cache is disabled
  Simple merging task
Skipping task ':shared_preferences_android:mergeDebugAssets' as it is up-to-date.
work action resolve mergeDebugAssets (project :shared_preferences_android) (Thread[#1963,Execution worker Thread 3,5,main]) started.
Resolve mutations for :sqflite_android:mergeDebugShaders (Thread[#1963,Execution worker Thread 3,5,main]) started.
:sqflite_android:mergeDebugShaders (Thread[#1963,Execution worker Thread 3,5,main]) started.

> Task :sqflite_android:mergeDebugShaders UP-TO-DATE
Caching disabled for task ':sqflite_android:mergeDebugShaders' because:
  Build cache is disabled
  Simple merging task
Skipping task ':sqflite_android:mergeDebugShaders' as it is up-to-date.
Resolve mutations for :sqflite_android:compileDebugShaders (Thread[#1963,Execution worker Thread 3,5,main]) started.
:sqflite_android:compileDebugShaders (Thread[#1963,Execution worker Thread 3,5,main]) started.

> Task :sqflite_android:compileDebugShaders NO-SOURCE
Skipping task ':sqflite_android:compileDebugShaders' as it has no source files and no previous output files.
Resolve mutations for :sqflite_android:generateDebugAssets (Thread[#1963,Execution worker Thread 3,5,main]) started.
:sqflite_android:generateDebugAssets (Thread[#1963,Execution worker Thread 3,5,main]) started.

> Task :sqflite_android:generateDebugAssets UP-TO-DATE
Skipping task ':sqflite_android:generateDebugAssets' as it has no actions.
Resolve mutations for :sqflite_android:mergeDebugAssets (Thread[#1963,Execution worker Thread 3,5,main]) started.
:sqflite_android:mergeDebugAssets (Thread[#1963,Execution worker Thread 3,5,main]) started.

> Task :sqflite_android:mergeDebugAssets UP-TO-DATE
Caching disabled for task ':sqflite_android:mergeDebugAssets' because:
  Build cache is disabled
  Simple merging task
Skipping task ':sqflite_android:mergeDebugAssets' as it is up-to-date.
work action resolve mergeDebugAssets (project :sqflite_android) (Thread[#1963,Execution worker Thread 3,5,main]) started.
Resolve mutations for :url_launcher_android:mergeDebugShaders (Thread[#1963,Execution worker Thread 3,5,main]) started.
:url_launcher_android:mergeDebugShaders (Thread[#1963,Execution worker Thread 3,5,main]) started.

> Task :url_launcher_android:mergeDebugShaders UP-TO-DATE
Caching disabled for task ':url_launcher_android:mergeDebugShaders' because:
  Build cache is disabled
  Simple merging task
Skipping task ':url_launcher_android:mergeDebugShaders' as it is up-to-date.
Resolve mutations for :url_launcher_android:compileDebugShaders (Thread[#1963,Execution worker Thread 3,5,main]) started.
:url_launcher_android:compileDebugShaders (Thread[#1963,Execution worker Thread 3,5,main]) started.

> Task :url_launcher_android:compileDebugShaders NO-SOURCE
Skipping task ':url_launcher_android:compileDebugShaders' as it has no source files and no previous output files.
Resolve mutations for :url_launcher_android:generateDebugAssets (Thread[#1963,Execution worker Thread 3,5,main]) started.
:url_launcher_android:generateDebugAssets (Thread[#1963,Execution worker Thread 3,5,main]) started.

> Task :url_launcher_android:generateDebugAssets UP-TO-DATE
Skipping task ':url_launcher_android:generateDebugAssets' as it has no actions.
Resolve mutations for :url_launcher_android:mergeDebugAssets (Thread[#1963,Execution worker Thread 3,5,main]) started.
:url_launcher_android:mergeDebugAssets (Thread[#1963,Execution worker Thread 3,5,main]) started.

> Task :url_launcher_android:mergeDebugAssets UP-TO-DATE
Caching disabled for task ':url_launcher_android:mergeDebugAssets' because:
  Build cache is disabled
  Simple merging task
Skipping task ':url_launcher_android:mergeDebugAssets' as it is up-to-date.
work action resolve mergeDebugAssets (project :url_launcher_android) (Thread[#1963,Execution worker Thread 3,5,main]) started.
Resolve mutations for :app:mergeDebugAssets (Thread[#1963,Execution worker Thread 3,5,main]) started.
:app:mergeDebugAssets (Thread[#1963,Execution worker Thread 3,5,main]) started.

> Task :app:mergeDebugAssets
Caching disabled for task ':app:mergeDebugAssets' because:
  Build cache is disabled
  Simple merging task
Task ':app:mergeDebugAssets' is not up-to-date because:
  Output property 'outputDir' file C:\Users\lucas\OneDrive\Desktop\app pagly\smartcart-ui-refresh\mobile_flutter\build\app\intermediates\assets\debug\mergeDebugAssets has been removed.
  Output property 'outputDir' file C:\Users\lucas\OneDrive\Desktop\app pagly\smartcart-ui-refresh\mobile_flutter\build\app\intermediates\assets\debug\mergeDebugAssets\mlkit-google-ocr-models has been removed.
  Output property 'outputDir' file C:\Users\lucas\OneDrive\Desktop\app pagly\smartcart-ui-refresh\mobile_flutter\build\app\intermediates\assets\debug\mergeDebugAssets\mlkit-google-ocr-models\aksara has been removed.
  and more...
The input changes require a full rebuild for incremental task ':app:mergeDebugAssets'.
Resolve mutations for :app:copyFlutterAssetsDebug (Thread[#1963,Execution worker Thread 3,5,main]) started.
:app:copyFlutterAssetsDebug (Thread[#1963,Execution worker Thread 3,5,main]) started.

> Task :app:copyFlutterAssetsDebug
Caching disabled for task ':app:copyFlutterAssetsDebug' because:
  Build cache is disabled
  Not worth caching
Task ':app:copyFlutterAssetsDebug' is not up-to-date because:
  Output property 'destinationDir' file C:\Users\lucas\OneDrive\Desktop\app pagly\smartcart-ui-refresh\mobile_flutter\build\app\intermediates\assets\debug\mergeDebugAssets\flutter_assets has been removed.
  Output property 'destinationDir' file C:\Users\lucas\OneDrive\Desktop\app pagly\smartcart-ui-refresh\mobile_flutter\build\app\intermediates\assets\debug\mergeDebugAssets\flutter_assets\.env has been removed.
  Output property 'destinationDir' file C:\Users\lucas\OneDrive\Desktop\app pagly\smartcart-ui-refresh\mobile_flutter\build\app\intermediates\assets\debug\mergeDebugAssets\flutter_assets\AssetManifest.bin has been removed.
  and more...
Resolve mutations for :app:generateDebugResValues (Thread[#1963,Execution worker Thread 3,5,main]) started.
:app:generateDebugResValues (Thread[#1966,Execution worker Thread 6,5,main]) started.

> Task :app:generateDebugResValues UP-TO-DATE
Caching disabled for task ':app:generateDebugResValues' because:
  Build cache is disabled
Skipping task ':app:generateDebugResValues' as it is up-to-date.
Resolve mutations for :app_links:generateDebugResValues (Thread[#1966,Execution worker Thread 6,5,main]) started.
:app_links:generateDebugResValues (Thread[#1966,Execution worker Thread 6,5,main]) started.

> Task :app_links:generateDebugResValues UP-TO-DATE
Caching disabled for task ':app_links:generateDebugResValues' because:
  Build cache is disabled
Skipping task ':app_links:generateDebugResValues' as it is up-to-date.
Resolve mutations for :app_links:generateDebugResources (Thread[#1966,Execution worker Thread 6,5,main]) started.
:app_links:generateDebugResources (Thread[#1966,Execution worker Thread 6,5,main]) started.

> Task :app_links:generateDebugResources UP-TO-DATE
Caching disabled for task ':app_links:generateDebugResources' because:
  Build cache is disabled
Skipping task ':app_links:generateDebugResources' as it is up-to-date.
Resolve mutations for :app_links:packageDebugResources (Thread[#1966,Execution worker Thread 6,5,main]) started.
:app_links:packageDebugResources (Thread[#1966,Execution worker Thread 6,5,main]) started.

> Task :app_links:packageDebugResources UP-TO-DATE
Caching disabled for task ':app_links:packageDebugResources' because:
  Build cache is disabled
Skipping task ':app_links:packageDebugResources' as it is up-to-date.
work action resolve packageDebugResources (project :app_links) (Thread[#1966,Execution worker Thread 6,5,main]) started.
Resolve mutations for :camera_android_camerax:generateDebugResValues (Thread[#1966,Execution worker Thread 6,5,main]) started.
:camera_android_camerax:generateDebugResValues (Thread[#1966,Execution worker Thread 6,5,main]) started.

> Task :camera_android_camerax:generateDebugResValues UP-TO-DATE
Caching disabled for task ':camera_android_camerax:generateDebugResValues' because:
  Build cache is disabled
Skipping task ':camera_android_camerax:generateDebugResValues' as it is up-to-date.
Resolve mutations for :camera_android_camerax:generateDebugResources (Thread[#1966,Execution worker Thread 6,5,main]) started.
:camera_android_camerax:generateDebugResources (Thread[#1966,Execution worker Thread 6,5,main]) started.

> Task :camera_android_camerax:generateDebugResources UP-TO-DATE
Caching disabled for task ':camera_android_camerax:generateDebugResources' because:
  Build cache is disabled
Skipping task ':camera_android_camerax:generateDebugResources' as it is up-to-date.
Resolve mutations for :camera_android_camerax:packageDebugResources (Thread[#1966,Execution worker Thread 6,5,main]) started.
:camera_android_camerax:packageDebugResources (Thread[#1966,Execution worker Thread 6,5,main]) started.

> Task :camera_android_camerax:packageDebugResources UP-TO-DATE
Caching disabled for task ':camera_android_camerax:packageDebugResources' because:
  Build cache is disabled
Skipping task ':camera_android_camerax:packageDebugResources' as it is up-to-date.
work action resolve packageDebugResources (project :camera_android_camerax) (Thread[#1966,Execution worker Thread 6,5,main]) started.
Resolve mutations for :file_picker:generateDebugResValues (Thread[#1966,Execution worker Thread 6,5,main]) started.
:file_picker:generateDebugResValues (Thread[#1966,Execution worker Thread 6,5,main]) started.

> Task :file_picker:generateDebugResValues UP-TO-DATE
Caching disabled for task ':file_picker:generateDebugResValues' because:
  Build cache is disabled
Skipping task ':file_picker:generateDebugResValues' as it is up-to-date.
Resolve mutations for :file_picker:generateDebugResources (Thread[#1966,Execution worker Thread 6,5,main]) started.
:file_picker:generateDebugResources (Thread[#1967,Execution worker Thread 7,5,main]) started.

> Task :file_picker:generateDebugResources UP-TO-DATE
Caching disabled for task ':file_picker:generateDebugResources' because:
  Build cache is disabled
Skipping task ':file_picker:generateDebugResources' as it is up-to-date.
Resolve mutations for :file_picker:packageDebugResources (Thread[#1967,Execution worker Thread 7,5,main]) started.
:file_picker:packageDebugResources (Thread[#1967,Execution worker Thread 7,5,main]) started.

> Task :file_picker:packageDebugResources UP-TO-DATE
Caching disabled for task ':file_picker:packageDebugResources' because:
  Build cache is disabled
Skipping task ':file_picker:packageDebugResources' as it is up-to-date.
work action resolve packageDebugResources (project :file_picker) (Thread[#1967,Execution worker Thread 7,5,main]) started.
Resolve mutations for :flutter_plugin_android_lifecycle:generateDebugResValues (Thread[#1967,Execution worker Thread 7,5,main]) started.
:flutter_plugin_android_lifecycle:generateDebugResValues (Thread[#1967,Execution worker Thread 7,5,main]) started.

> Task :flutter_plugin_android_lifecycle:generateDebugResValues UP-TO-DATE
Caching disabled for task ':flutter_plugin_android_lifecycle:generateDebugResValues' because:
  Build cache is disabled
Skipping task ':flutter_plugin_android_lifecycle:generateDebugResValues' as it is up-to-date.
Resolve mutations for :flutter_plugin_android_lifecycle:generateDebugResources (Thread[#1967,Execution worker Thread 7,5,main]) started.
:flutter_plugin_android_lifecycle:generateDebugResources (Thread[#1967,Execution worker Thread 7,5,main]) started.

> Task :flutter_plugin_android_lifecycle:generateDebugResources UP-TO-DATE
Caching disabled for task ':flutter_plugin_android_lifecycle:generateDebugResources' because:
  Build cache is disabled
Skipping task ':flutter_plugin_android_lifecycle:generateDebugResources' as it is up-to-date.
Resolve mutations for :flutter_plugin_android_lifecycle:packageDebugResources (Thread[#1967,Execution worker Thread 7,5,main]) started.
:flutter_plugin_android_lifecycle:packageDebugResources (Thread[#1967,Execution worker Thread 7,5,main]) started.

> Task :flutter_plugin_android_lifecycle:packageDebugResources UP-TO-DATE
Caching disabled for task ':flutter_plugin_android_lifecycle:packageDebugResources' because:
  Build cache is disabled
Skipping task ':flutter_plugin_android_lifecycle:packageDebugResources' as it is up-to-date.
work action resolve packageDebugResources (project :flutter_plugin_android_lifecycle) (Thread[#1967,Execution worker Thread 7,5,main]) started.
Resolve mutations for :google_mlkit_commons:generateDebugResValues (Thread[#1967,Execution worker Thread 7,5,main]) started.
:google_mlkit_commons:generateDebugResValues (Thread[#1967,Execution worker Thread 7,5,main]) started.

> Task :google_mlkit_commons:generateDebugResValues UP-TO-DATE
Caching disabled for task ':google_mlkit_commons:generateDebugResValues' because:
  Build cache is disabled
Skipping task ':google_mlkit_commons:generateDebugResValues' as it is up-to-date.
Resolve mutations for :google_mlkit_commons:generateDebugResources (Thread[#1967,Execution worker Thread 7,5,main]) started.
:google_mlkit_commons:generateDebugResources (Thread[#1967,Execution worker Thread 7,5,main]) started.

> Task :google_mlkit_commons:generateDebugResources UP-TO-DATE
Caching disabled for task ':google_mlkit_commons:generateDebugResources' because:
  Build cache is disabled
Skipping task ':google_mlkit_commons:generateDebugResources' as it is up-to-date.
Resolve mutations for :google_mlkit_commons:packageDebugResources (Thread[#1967,Execution worker Thread 7,5,main]) started.
:google_mlkit_commons:packageDebugResources (Thread[#1967,Execution worker Thread 7,5,main]) started.

> Task :google_mlkit_commons:packageDebugResources UP-TO-DATE
Caching disabled for task ':google_mlkit_commons:packageDebugResources' because:
  Build cache is disabled
Skipping task ':google_mlkit_commons:packageDebugResources' as it is up-to-date.
work action resolve packageDebugResources (project :google_mlkit_commons) (Thread[#1967,Execution worker Thread 7,5,main]) started.
Resolve mutations for :google_mlkit_text_recognition:generateDebugResValues (Thread[#1967,Execution worker Thread 7,5,main]) started.
:google_mlkit_text_recognition:generateDebugResValues (Thread[#1967,Execution worker Thread 7,5,main]) started.

> Task :google_mlkit_text_recognition:generateDebugResValues UP-TO-DATE
Caching disabled for task ':google_mlkit_text_recognition:generateDebugResValues' because:
  Build cache is disabled
Skipping task ':google_mlkit_text_recognition:generateDebugResValues' as it is up-to-date.
Resolve mutations for :google_mlkit_text_recognition:generateDebugResources (Thread[#1967,Execution worker Thread 7,5,main]) started.
:google_mlkit_text_recognition:generateDebugResources (Thread[#1967,Execution worker Thread 7,5,main]) started.

> Task :google_mlkit_text_recognition:generateDebugResources UP-TO-DATE
Caching disabled for task ':google_mlkit_text_recognition:generateDebugResources' because:
  Build cache is disabled
Skipping task ':google_mlkit_text_recognition:generateDebugResources' as it is up-to-date.
Resolve mutations for :google_mlkit_text_recognition:packageDebugResources (Thread[#1967,Execution worker Thread 7,5,main]) started.
:google_mlkit_text_recognition:packageDebugResources (Thread[#1967,Execution worker Thread 7,5,main]) started.

> Task :google_mlkit_text_recognition:packageDebugResources UP-TO-DATE
Caching disabled for task ':google_mlkit_text_recognition:packageDebugResources' because:
  Build cache is disabled
Skipping task ':google_mlkit_text_recognition:packageDebugResources' as it is up-to-date.
work action resolve packageDebugResources (project :google_mlkit_text_recognition) (Thread[#1967,Execution worker Thread 7,5,main]) started.
Resolve mutations for :image_picker_android:generateDebugResValues (Thread[#1967,Execution worker Thread 7,5,main]) started.
:image_picker_android:generateDebugResValues (Thread[#1967,Execution worker Thread 7,5,main]) started.

> Task :image_picker_android:generateDebugResValues UP-TO-DATE
Caching disabled for task ':image_picker_android:generateDebugResValues' because:
  Build cache is disabled
Skipping task ':image_picker_android:generateDebugResValues' as it is up-to-date.
Resolve mutations for :image_picker_android:generateDebugResources (Thread[#1967,Execution worker Thread 7,5,main]) started.
:image_picker_android:generateDebugResources (Thread[#1967,Execution worker Thread 7,5,main]) started.

> Task :image_picker_android:generateDebugResources UP-TO-DATE
Caching disabled for task ':image_picker_android:generateDebugResources' because:
  Build cache is disabled
Skipping task ':image_picker_android:generateDebugResources' as it is up-to-date.
Resolve mutations for :image_picker_android:packageDebugResources (Thread[#1967,Execution worker Thread 7,5,main]) started.
:image_picker_android:packageDebugResources (Thread[#1967,Execution worker Thread 7,5,main]) started.

> Task :image_picker_android:packageDebugResources UP-TO-DATE
Caching disabled for task ':image_picker_android:packageDebugResources' because:
  Build cache is disabled
Skipping task ':image_picker_android:packageDebugResources' as it is up-to-date.
work action resolve packageDebugResources (project :image_picker_android) (Thread[#1967,Execution worker Thread 7,5,main]) started.
Resolve mutations for :path_provider_android:generateDebugResValues (Thread[#1967,Execution worker Thread 7,5,main]) started.
:path_provider_android:generateDebugResValues (Thread[#1967,Execution worker Thread 7,5,main]) started.

> Task :path_provider_android:generateDebugResValues UP-TO-DATE
Caching disabled for task ':path_provider_android:generateDebugResValues' because:
  Build cache is disabled
Skipping task ':path_provider_android:generateDebugResValues' as it is up-to-date.
Resolve mutations for :path_provider_android:generateDebugResources (Thread[#1967,Execution worker Thread 7,5,main]) started.
:path_provider_android:generateDebugResources (Thread[#1967,Execution worker Thread 7,5,main]) started.

> Task :path_provider_android:generateDebugResources UP-TO-DATE
Caching disabled for task ':path_provider_android:generateDebugResources' because:
  Build cache is disabled
Skipping task ':path_provider_android:generateDebugResources' as it is up-to-date.
Resolve mutations for :path_provider_android:packageDebugResources (Thread[#1967,Execution worker Thread 7,5,main]) started.
:path_provider_android:packageDebugResources (Thread[#1963,Execution worker Thread 3,5,main]) started.

> Task :path_provider_android:packageDebugResources UP-TO-DATE
Caching disabled for task ':path_provider_android:packageDebugResources' because:
  Build cache is disabled
Skipping task ':path_provider_android:packageDebugResources' as it is up-to-date.
work action resolve packageDebugResources (project :path_provider_android) (Thread[#1963,Execution worker Thread 3,5,main]) started.
Resolve mutations for :printing:generateDebugResValues (Thread[#1963,Execution worker Thread 3,5,main]) started.
:printing:generateDebugResValues (Thread[#1961,Execution worker,5,main]) started.

> Task :printing:generateDebugResValues UP-TO-DATE
Caching disabled for task ':printing:generateDebugResValues' because:
  Build cache is disabled
Skipping task ':printing:generateDebugResValues' as it is up-to-date.
Resolve mutations for :printing:generateDebugResources (Thread[#1961,Execution worker,5,main]) started.
:printing:generateDebugResources (Thread[#1961,Execution worker,5,main]) started.

> Task :printing:generateDebugResources UP-TO-DATE
Caching disabled for task ':printing:generateDebugResources' because:
  Build cache is disabled
Skipping task ':printing:generateDebugResources' as it is up-to-date.
Resolve mutations for :printing:packageDebugResources (Thread[#1961,Execution worker,5,main]) started.
:printing:packageDebugResources (Thread[#1961,Execution worker,5,main]) started.

> Task :printing:packageDebugResources UP-TO-DATE
Caching disabled for task ':printing:packageDebugResources' because:
  Build cache is disabled
Skipping task ':printing:packageDebugResources' as it is up-to-date.
work action resolve packageDebugResources (project :printing) (Thread[#1961,Execution worker,5,main]) started.
Resolve mutations for :share_plus:generateDebugResValues (Thread[#1963,Execution worker Thread 3,5,main]) started.
:share_plus:generateDebugResValues (Thread[#1963,Execution worker Thread 3,5,main]) started.

> Task :share_plus:generateDebugResValues UP-TO-DATE
Caching disabled for task ':share_plus:generateDebugResValues' because:
  Build cache is disabled
Skipping task ':share_plus:generateDebugResValues' as it is up-to-date.
Resolve mutations for :share_plus:generateDebugResources (Thread[#1963,Execution worker Thread 3,5,main]) started.
:share_plus:generateDebugResources (Thread[#1967,Execution worker Thread 7,5,main]) started.

> Task :share_plus:generateDebugResources UP-TO-DATE
Caching disabled for task ':share_plus:generateDebugResources' because:
  Build cache is disabled
Skipping task ':share_plus:generateDebugResources' as it is up-to-date.
Resolve mutations for :share_plus:packageDebugResources (Thread[#1967,Execution worker Thread 7,5,main]) started.
:share_plus:packageDebugResources (Thread[#1967,Execution worker Thread 7,5,main]) started.

> Task :share_plus:packageDebugResources UP-TO-DATE
Caching disabled for task ':share_plus:packageDebugResources' because:
  Build cache is disabled
Skipping task ':share_plus:packageDebugResources' as it is up-to-date.
work action resolve packageDebugResources (project :share_plus) (Thread[#1967,Execution worker Thread 7,5,main]) started.
Resolve mutations for :shared_preferences_android:generateDebugResValues (Thread[#1967,Execution worker Thread 7,5,main]) started.
:shared_preferences_android:generateDebugResValues (Thread[#1967,Execution worker Thread 7,5,main]) started.

> Task :shared_preferences_android:generateDebugResValues UP-TO-DATE
Caching disabled for task ':shared_preferences_android:generateDebugResValues' because:
  Build cache is disabled
Skipping task ':shared_preferences_android:generateDebugResValues' as it is up-to-date.
Resolve mutations for :shared_preferences_android:generateDebugResources (Thread[#1967,Execution worker Thread 7,5,main]) started.
:shared_preferences_android:generateDebugResources (Thread[#1967,Execution worker Thread 7,5,main]) started.

> Task :shared_preferences_android:generateDebugResources UP-TO-DATE
Caching disabled for task ':shared_preferences_android:generateDebugResources' because:
  Build cache is disabled
Skipping task ':shared_preferences_android:generateDebugResources' as it is up-to-date.
Resolve mutations for :shared_preferences_android:packageDebugResources (Thread[#1967,Execution worker Thread 7,5,main]) started.
:shared_preferences_android:packageDebugResources (Thread[#1967,Execution worker Thread 7,5,main]) started.

> Task :shared_preferences_android:packageDebugResources UP-TO-DATE
Caching disabled for task ':shared_preferences_android:packageDebugResources' because:
  Build cache is disabled
Skipping task ':shared_preferences_android:packageDebugResources' as it is up-to-date.
work action resolve packageDebugResources (project :shared_preferences_android) (Thread[#1967,Execution worker Thread 7,5,main]) started.
Resolve mutations for :sqflite_android:generateDebugResValues (Thread[#1967,Execution worker Thread 7,5,main]) started.
:sqflite_android:generateDebugResValues (Thread[#1967,Execution worker Thread 7,5,main]) started.

> Task :sqflite_android:generateDebugResValues UP-TO-DATE
Caching disabled for task ':sqflite_android:generateDebugResValues' because:
  Build cache is disabled
Skipping task ':sqflite_android:generateDebugResValues' as it is up-to-date.
Resolve mutations for :sqflite_android:generateDebugResources (Thread[#1967,Execution worker Thread 7,5,main]) started.
:sqflite_android:generateDebugResources (Thread[#1967,Execution worker Thread 7,5,main]) started.

> Task :sqflite_android:generateDebugResources UP-TO-DATE
Caching disabled for task ':sqflite_android:generateDebugResources' because:
  Build cache is disabled
Skipping task ':sqflite_android:generateDebugResources' as it is up-to-date.
Resolve mutations for :sqflite_android:packageDebugResources (Thread[#1967,Execution worker Thread 7,5,main]) started.
:sqflite_android:packageDebugResources (Thread[#1967,Execution worker Thread 7,5,main]) started.

> Task :sqflite_android:packageDebugResources UP-TO-DATE
Caching disabled for task ':sqflite_android:packageDebugResources' because:
  Build cache is disabled
Skipping task ':sqflite_android:packageDebugResources' as it is up-to-date.
work action resolve packageDebugResources (project :sqflite_android) (Thread[#1967,Execution worker Thread 7,5,main]) started.
Resolve mutations for :url_launcher_android:generateDebugResValues (Thread[#1967,Execution worker Thread 7,5,main]) started.
:url_launcher_android:generateDebugResValues (Thread[#1967,Execution worker Thread 7,5,main]) started.

> Task :url_launcher_android:generateDebugResValues UP-TO-DATE
Caching disabled for task ':url_launcher_android:generateDebugResValues' because:
  Build cache is disabled
Skipping task ':url_launcher_android:generateDebugResValues' as it is up-to-date.
Resolve mutations for :url_launcher_android:generateDebugResources (Thread[#1967,Execution worker Thread 7,5,main]) started.
:url_launcher_android:generateDebugResources (Thread[#1967,Execution worker Thread 7,5,main]) started.

> Task :url_launcher_android:generateDebugResources UP-TO-DATE
Caching disabled for task ':url_launcher_android:generateDebugResources' because:
  Build cache is disabled
Skipping task ':url_launcher_android:generateDebugResources' as it is up-to-date.
Resolve mutations for :url_launcher_android:packageDebugResources (Thread[#1967,Execution worker Thread 7,5,main]) started.
:url_launcher_android:packageDebugResources (Thread[#1967,Execution worker Thread 7,5,main]) started.

> Task :url_launcher_android:packageDebugResources UP-TO-DATE
Caching disabled for task ':url_launcher_android:packageDebugResources' because:
  Build cache is disabled
Skipping task ':url_launcher_android:packageDebugResources' as it is up-to-date.
work action resolve packageDebugResources (project :url_launcher_android) (Thread[#1967,Execution worker Thread 7,5,main]) started.
Resolve mutations for :app:mapDebugSourceSetPaths (Thread[#1967,Execution worker Thread 7,5,main]) started.
:app:mapDebugSourceSetPaths (Thread[#1967,Execution worker Thread 7,5,main]) started.

> Task :app:mapDebugSourceSetPaths UP-TO-DATE
Caching disabled for task ':app:mapDebugSourceSetPaths' because:
  Build cache is disabled
  Caching has been disabled for the task
Skipping task ':app:mapDebugSourceSetPaths' as it is up-to-date.
Resolve mutations for :app:generateDebugResources (Thread[#1967,Execution worker Thread 7,5,main]) started.
:app:generateDebugResources (Thread[#1967,Execution worker Thread 7,5,main]) started.

> Task :app:generateDebugResources UP-TO-DATE
Caching disabled for task ':app:generateDebugResources' because:
  Build cache is disabled
Skipping task ':app:generateDebugResources' as it is up-to-date.
Resolve mutations for :app:mergeDebugResources (Thread[#1967,Execution worker Thread 7,5,main]) started.
:app:mergeDebugResources (Thread[#1967,Execution worker Thread 7,5,main]) started.

> Task :app:mergeDebugResources UP-TO-DATE
Caching disabled for task ':app:mergeDebugResources' because:
  Build cache is disabled
Skipping task ':app:mergeDebugResources' as it is up-to-date.
Resolve mutations for :app:packageDebugResources (Thread[#1967,Execution worker Thread 7,5,main]) started.
:app:packageDebugResources (Thread[#1967,Execution worker Thread 7,5,main]) started.

> Task :app:packageDebugResources UP-TO-DATE
Caching disabled for task ':app:packageDebugResources' because:
  Build cache is disabled
Skipping task ':app:packageDebugResources' as it is up-to-date.
Resolve mutations for :app:parseDebugLocalResources (Thread[#1967,Execution worker Thread 7,5,main]) started.
:app:parseDebugLocalResources (Thread[#1967,Execution worker Thread 7,5,main]) started.

> Task :app:parseDebugLocalResources UP-TO-DATE
Caching disabled for task ':app:parseDebugLocalResources' because:
  Build cache is disabled
Skipping task ':app:parseDebugLocalResources' as it is up-to-date.
Resolve mutations for :app:createDebugCompatibleScreenManifests (Thread[#1967,Execution worker Thread 7,5,main]) started.
:app:createDebugCompatibleScreenManifests (Thread[#1967,Execution worker Thread 7,5,main]) started.

> Task :app:createDebugCompatibleScreenManifests UP-TO-DATE
Caching disabled for task ':app:createDebugCompatibleScreenManifests' because:
  Build cache is disabled
  Caching has been disabled for the task
Skipping task ':app:createDebugCompatibleScreenManifests' as it is up-to-date.
Resolve mutations for :app:extractDeepLinksDebug (Thread[#1967,Execution worker Thread 7,5,main]) started.
:app:extractDeepLinksDebug (Thread[#1967,Execution worker Thread 7,5,main]) started.

> Task :app:extractDeepLinksDebug UP-TO-DATE
Caching disabled for task ':app:extractDeepLinksDebug' because:
  Build cache is disabled
Skipping task ':app:extractDeepLinksDebug' as it is up-to-date.
Resolve mutations for :app_links:extractDeepLinksDebug (Thread[#1967,Execution worker Thread 7,5,main]) started.
:app_links:extractDeepLinksDebug (Thread[#1967,Execution worker Thread 7,5,main]) started.

> Task :app_links:extractDeepLinksDebug UP-TO-DATE
Caching disabled for task ':app_links:extractDeepLinksDebug' because:
  Build cache is disabled
Skipping task ':app_links:extractDeepLinksDebug' as it is up-to-date.
work action resolve navigation.json (project :app_links) (Thread[#1967,Execution worker Thread 7,5,main]) started.
Resolve mutations for :app_links:processDebugManifest (Thread[#1967,Execution worker Thread 7,5,main]) started.
:app_links:processDebugManifest (Thread[#1965,Execution worker Thread 5,5,main]) started.

> Task :app_links:processDebugManifest UP-TO-DATE
Caching disabled for task ':app_links:processDebugManifest' because:
  Build cache is disabled
Skipping task ':app_links:processDebugManifest' as it is up-to-date.
work action resolve AndroidManifest.xml (project :app_links) (Thread[#1965,Execution worker Thread 5,5,main]) started.
Resolve mutations for :camera_android_camerax:extractDeepLinksDebug (Thread[#1965,Execution worker Thread 5,5,main]) started.
:camera_android_camerax:extractDeepLinksDebug (Thread[#1965,Execution worker Thread 5,5,main]) started.

> Task :camera_android_camerax:extractDeepLinksDebug UP-TO-DATE
Caching disabled for task ':camera_android_camerax:extractDeepLinksDebug' because:
  Build cache is disabled
Skipping task ':camera_android_camerax:extractDeepLinksDebug' as it is up-to-date.
work action resolve navigation.json (project :camera_android_camerax) (Thread[#1965,Execution worker Thread 5,5,main]) started.
Resolve mutations for :camera_android_camerax:processDebugManifest (Thread[#1965,Execution worker Thread 5,5,main]) started.
:camera_android_camerax:processDebugManifest (Thread[#1965,Execution worker Thread 5,5,main]) started.

> Task :camera_android_camerax:processDebugManifest UP-TO-DATE
Caching disabled for task ':camera_android_camerax:processDebugManifest' because:
  Build cache is disabled
Skipping task ':camera_android_camerax:processDebugManifest' as it is up-to-date.
work action resolve AndroidManifest.xml (project :camera_android_camerax) (Thread[#1965,Execution worker Thread 5,5,main]) started.
Resolve mutations for :file_picker:extractDeepLinksDebug (Thread[#1965,Execution worker Thread 5,5,main]) started.
:file_picker:extractDeepLinksDebug (Thread[#1965,Execution worker Thread 5,5,main]) started.

> Task :file_picker:extractDeepLinksDebug UP-TO-DATE
Caching disabled for task ':file_picker:extractDeepLinksDebug' because:
  Build cache is disabled
Skipping task ':file_picker:extractDeepLinksDebug' as it is up-to-date.
work action resolve navigation.json (project :file_picker) (Thread[#1965,Execution worker Thread 5,5,main]) started.
Resolve mutations for :file_picker:processDebugManifest (Thread[#1965,Execution worker Thread 5,5,main]) started.
:file_picker:processDebugManifest (Thread[#1965,Execution worker Thread 5,5,main]) started.

> Task :file_picker:processDebugManifest UP-TO-DATE
Caching disabled for task ':file_picker:processDebugManifest' because:
  Build cache is disabled
Skipping task ':file_picker:processDebugManifest' as it is up-to-date.
work action resolve AndroidManifest.xml (project :file_picker) (Thread[#1965,Execution worker Thread 5,5,main]) started.
Resolve mutations for :flutter_plugin_android_lifecycle:extractDeepLinksDebug (Thread[#1960,included builds,5,main]) started.
:flutter_plugin_android_lifecycle:extractDeepLinksDebug (Thread[#1960,included builds,5,main]) started.

> Task :flutter_plugin_android_lifecycle:extractDeepLinksDebug UP-TO-DATE
Caching disabled for task ':flutter_plugin_android_lifecycle:extractDeepLinksDebug' because:
  Build cache is disabled
Skipping task ':flutter_plugin_android_lifecycle:extractDeepLinksDebug' as it is up-to-date.
work action resolve navigation.json (project :flutter_plugin_android_lifecycle) (Thread[#1960,included builds,5,main]) started.
Resolve mutations for :flutter_plugin_android_lifecycle:processDebugManifest (Thread[#1965,Execution worker Thread 5,5,main]) started.
:flutter_plugin_android_lifecycle:processDebugManifest (Thread[#1965,Execution worker Thread 5,5,main]) started.

> Task :flutter_plugin_android_lifecycle:processDebugManifest UP-TO-DATE
Caching disabled for task ':flutter_plugin_android_lifecycle:processDebugManifest' because:
  Build cache is disabled
Skipping task ':flutter_plugin_android_lifecycle:processDebugManifest' as it is up-to-date.
work action resolve AndroidManifest.xml (project :flutter_plugin_android_lifecycle) (Thread[#1965,Execution worker Thread 5,5,main]) started.
Resolve mutations for :google_mlkit_commons:extractDeepLinksDebug (Thread[#1965,Execution worker Thread 5,5,main]) started.
:google_mlkit_commons:extractDeepLinksDebug (Thread[#1965,Execution worker Thread 5,5,main]) started.

> Task :google_mlkit_commons:extractDeepLinksDebug UP-TO-DATE
Caching disabled for task ':google_mlkit_commons:extractDeepLinksDebug' because:
  Build cache is disabled
Skipping task ':google_mlkit_commons:extractDeepLinksDebug' as it is up-to-date.
work action resolve navigation.json (project :google_mlkit_commons) (Thread[#1965,Execution worker Thread 5,5,main]) started.
Resolve mutations for :google_mlkit_commons:processDebugManifest (Thread[#1965,Execution worker Thread 5,5,main]) started.
:google_mlkit_commons:processDebugManifest (Thread[#1965,Execution worker Thread 5,5,main]) started.

> Task :google_mlkit_commons:processDebugManifest UP-TO-DATE
Caching disabled for task ':google_mlkit_commons:processDebugManifest' because:
  Build cache is disabled
Skipping task ':google_mlkit_commons:processDebugManifest' as it is up-to-date.
work action resolve AndroidManifest.xml (project :google_mlkit_commons) (Thread[#1965,Execution worker Thread 5,5,main]) started.
Resolve mutations for :google_mlkit_text_recognition:extractDeepLinksDebug (Thread[#1965,Execution worker Thread 5,5,main]) started.
:google_mlkit_text_recognition:extractDeepLinksDebug (Thread[#1965,Execution worker Thread 5,5,main]) started.

> Task :google_mlkit_text_recognition:extractDeepLinksDebug UP-TO-DATE
Caching disabled for task ':google_mlkit_text_recognition:extractDeepLinksDebug' because:
  Build cache is disabled
Skipping task ':google_mlkit_text_recognition:extractDeepLinksDebug' as it is up-to-date.
work action resolve navigation.json (project :google_mlkit_text_recognition) (Thread[#1965,Execution worker Thread 5,5,main]) started.
Resolve mutations for :google_mlkit_text_recognition:processDebugManifest (Thread[#1965,Execution worker Thread 5,5,main]) started.
:google_mlkit_text_recognition:processDebugManifest (Thread[#1965,Execution worker Thread 5,5,main]) started.

> Task :google_mlkit_text_recognition:processDebugManifest UP-TO-DATE
Caching disabled for task ':google_mlkit_text_recognition:processDebugManifest' because:
  Build cache is disabled
Skipping task ':google_mlkit_text_recognition:processDebugManifest' as it is up-to-date.
work action resolve AndroidManifest.xml (project :google_mlkit_text_recognition) (Thread[#1965,Execution worker Thread 5,5,main]) started.
Resolve mutations for :image_picker_android:extractDeepLinksDebug (Thread[#1965,Execution worker Thread 5,5,main]) started.
:image_picker_android:extractDeepLinksDebug (Thread[#1965,Execution worker Thread 5,5,main]) started.

> Task :image_picker_android:extractDeepLinksDebug UP-TO-DATE
Caching disabled for task ':image_picker_android:extractDeepLinksDebug' because:
  Build cache is disabled
Skipping task ':image_picker_android:extractDeepLinksDebug' as it is up-to-date.
work action resolve navigation.json (project :image_picker_android) (Thread[#1965,Execution worker Thread 5,5,main]) started.
Resolve mutations for :image_picker_android:processDebugManifest (Thread[#1965,Execution worker Thread 5,5,main]) started.
:image_picker_android:processDebugManifest (Thread[#1965,Execution worker Thread 5,5,main]) started.

> Task :image_picker_android:processDebugManifest UP-TO-DATE
Caching disabled for task ':image_picker_android:processDebugManifest' because:
  Build cache is disabled
Skipping task ':image_picker_android:processDebugManifest' as it is up-to-date.
work action resolve AndroidManifest.xml (project :image_picker_android) (Thread[#1965,Execution worker Thread 5,5,main]) started.
Resolve mutations for :path_provider_android:extractDeepLinksDebug (Thread[#1965,Execution worker Thread 5,5,main]) started.
:path_provider_android:extractDeepLinksDebug (Thread[#1966,Execution worker Thread 6,5,main]) started.

> Task :path_provider_android:extractDeepLinksDebug UP-TO-DATE
Caching disabled for task ':path_provider_android:extractDeepLinksDebug' because:
  Build cache is disabled
Skipping task ':path_provider_android:extractDeepLinksDebug' as it is up-to-date.
work action resolve navigation.json (project :path_provider_android) (Thread[#1966,Execution worker Thread 6,5,main]) started.
Resolve mutations for :path_provider_android:processDebugManifest (Thread[#1966,Execution worker Thread 6,5,main]) started.
:path_provider_android:processDebugManifest (Thread[#1961,Execution worker,5,main]) started.

> Task :path_provider_android:processDebugManifest UP-TO-DATE
Caching disabled for task ':path_provider_android:processDebugManifest' because:
  Build cache is disabled
Skipping task ':path_provider_android:processDebugManifest' as it is up-to-date.
work action resolve AndroidManifest.xml (project :path_provider_android) (Thread[#1961,Execution worker,5,main]) started.
Resolve mutations for :printing:extractDeepLinksDebug (Thread[#1961,Execution worker,5,main]) started.
:printing:extractDeepLinksDebug (Thread[#1961,Execution worker,5,main]) started.

> Task :printing:extractDeepLinksDebug UP-TO-DATE
Caching disabled for task ':printing:extractDeepLinksDebug' because:
  Build cache is disabled
Skipping task ':printing:extractDeepLinksDebug' as it is up-to-date.
work action resolve navigation.json (project :printing) (Thread[#1961,Execution worker,5,main]) started.
Resolve mutations for :printing:processDebugManifest (Thread[#1961,Execution worker,5,main]) started.
:printing:processDebugManifest (Thread[#1961,Execution worker,5,main]) started.

> Task :printing:processDebugManifest UP-TO-DATE
Caching disabled for task ':printing:processDebugManifest' because:
  Build cache is disabled
Skipping task ':printing:processDebugManifest' as it is up-to-date.
work action resolve AndroidManifest.xml (project :printing) (Thread[#1961,Execution worker,5,main]) started.
Resolve mutations for :share_plus:extractDeepLinksDebug (Thread[#1961,Execution worker,5,main]) started.
:share_plus:extractDeepLinksDebug (Thread[#1961,Execution worker,5,main]) started.

> Task :share_plus:extractDeepLinksDebug UP-TO-DATE
Caching disabled for task ':share_plus:extractDeepLinksDebug' because:
  Build cache is disabled
Skipping task ':share_plus:extractDeepLinksDebug' as it is up-to-date.
work action resolve navigation.json (project :share_plus) (Thread[#1961,Execution worker,5,main]) started.
Resolve mutations for :share_plus:processDebugManifest (Thread[#1967,Execution worker Thread 7,5,main]) started.
:share_plus:processDebugManifest (Thread[#1960,included builds,5,main]) started.

> Task :share_plus:processDebugManifest UP-TO-DATE
Caching disabled for task ':share_plus:processDebugManifest' because:
  Build cache is disabled
Skipping task ':share_plus:processDebugManifest' as it is up-to-date.
work action resolve AndroidManifest.xml (project :share_plus) (Thread[#1960,included builds,5,main]) started.
Resolve mutations for :shared_preferences_android:extractDeepLinksDebug (Thread[#1960,included builds,5,main]) started.
:shared_preferences_android:extractDeepLinksDebug (Thread[#1960,included builds,5,main]) started.

> Task :shared_preferences_android:extractDeepLinksDebug UP-TO-DATE
Caching disabled for task ':shared_preferences_android:extractDeepLinksDebug' because:
  Build cache is disabled
Skipping task ':shared_preferences_android:extractDeepLinksDebug' as it is up-to-date.
work action resolve navigation.json (project :shared_preferences_android) (Thread[#1960,included builds,5,main]) started.
Resolve mutations for :shared_preferences_android:processDebugManifest (Thread[#1960,included builds,5,main]) started.
:shared_preferences_android:processDebugManifest (Thread[#1960,included builds,5,main]) started.

> Task :shared_preferences_android:processDebugManifest UP-TO-DATE
Caching disabled for task ':shared_preferences_android:processDebugManifest' because:
  Build cache is disabled
Skipping task ':shared_preferences_android:processDebugManifest' as it is up-to-date.
work action resolve AndroidManifest.xml (project :shared_preferences_android) (Thread[#1960,included builds,5,main]) started.
Resolve mutations for :sqflite_android:extractDeepLinksDebug (Thread[#1965,Execution worker Thread 5,5,main]) started.
:sqflite_android:extractDeepLinksDebug (Thread[#1965,Execution worker Thread 5,5,main]) started.

> Task :sqflite_android:extractDeepLinksDebug UP-TO-DATE
Caching disabled for task ':sqflite_android:extractDeepLinksDebug' because:
  Build cache is disabled
Skipping task ':sqflite_android:extractDeepLinksDebug' as it is up-to-date.
work action resolve navigation.json (project :sqflite_android) (Thread[#1965,Execution worker Thread 5,5,main]) started.
Resolve mutations for :sqflite_android:processDebugManifest (Thread[#1965,Execution worker Thread 5,5,main]) started.
:sqflite_android:processDebugManifest (Thread[#1965,Execution worker Thread 5,5,main]) started.

> Task :sqflite_android:processDebugManifest UP-TO-DATE
Caching disabled for task ':sqflite_android:processDebugManifest' because:
  Build cache is disabled
Skipping task ':sqflite_android:processDebugManifest' as it is up-to-date.
work action resolve AndroidManifest.xml (project :sqflite_android) (Thread[#1965,Execution worker Thread 5,5,main]) started.
Resolve mutations for :url_launcher_android:extractDeepLinksDebug (Thread[#1965,Execution worker Thread 5,5,main]) started.
:url_launcher_android:extractDeepLinksDebug (Thread[#1965,Execution worker Thread 5,5,main]) started.

> Task :url_launcher_android:extractDeepLinksDebug UP-TO-DATE
Caching disabled for task ':url_launcher_android:extractDeepLinksDebug' because:
  Build cache is disabled
Skipping task ':url_launcher_android:extractDeepLinksDebug' as it is up-to-date.
work action resolve navigation.json (project :url_launcher_android) (Thread[#1965,Execution worker Thread 5,5,main]) started.
Resolve mutations for :url_launcher_android:processDebugManifest (Thread[#1965,Execution worker Thread 5,5,main]) started.
:url_launcher_android:processDebugManifest (Thread[#1965,Execution worker Thread 5,5,main]) started.

> Task :url_launcher_android:processDebugManifest UP-TO-DATE
Caching disabled for task ':url_launcher_android:processDebugManifest' because:
  Build cache is disabled
Skipping task ':url_launcher_android:processDebugManifest' as it is up-to-date.
work action resolve AndroidManifest.xml (project :url_launcher_android) (Thread[#1965,Execution worker Thread 5,5,main]) started.
Resolve mutations for :app:processDebugMainManifest (Thread[#1965,Execution worker Thread 5,5,main]) started.
:app:processDebugMainManifest (Thread[#1965,Execution worker Thread 5,5,main]) started.

> Task :app:processDebugMainManifest UP-TO-DATE
Caching disabled for task ':app:processDebugMainManifest' because:
  Build cache is disabled
Skipping task ':app:processDebugMainManifest' as it is up-to-date.
Resolve mutations for :app:outputDebugAppLinkSettings (Thread[#1965,Execution worker Thread 5,5,main]) started.
:app:outputDebugAppLinkSettings (Thread[#1965,Execution worker Thread 5,5,main]) started.

> Task :app:outputDebugAppLinkSettings UP-TO-DATE
Caching disabled for task ':app:outputDebugAppLinkSettings' because:
  Build cache is disabled
  Caching has not been enabled for the task
Skipping task ':app:outputDebugAppLinkSettings' as it is up-to-date.
Resolve mutations for :app:processDebugManifest (Thread[#1965,Execution worker Thread 5,5,main]) started.
:app:processDebugManifest (Thread[#1965,Execution worker Thread 5,5,main]) started.

> Task :app:processDebugManifest UP-TO-DATE
Caching disabled for task ':app:processDebugManifest' because:
  Build cache is disabled
Skipping task ':app:processDebugManifest' as it is up-to-date.
Resolve mutations for :app:processDebugManifestForPackage (Thread[#1965,Execution worker Thread 5,5,main]) started.
:app:processDebugManifestForPackage (Thread[#1965,Execution worker Thread 5,5,main]) started.

> Task :app:processDebugManifestForPackage UP-TO-DATE
Custom actions are attached to task ':app:processDebugManifestForPackage'.
Caching disabled for task ':app:processDebugManifestForPackage' because:
  Build cache is disabled
Skipping task ':app:processDebugManifestForPackage' as it is up-to-date.
Resolve mutations for :app_links:compileDebugLibraryResources (Thread[#1965,Execution worker Thread 5,5,main]) started.
:app_links:compileDebugLibraryResources (Thread[#1965,Execution worker Thread 5,5,main]) started.

> Task :app_links:compileDebugLibraryResources UP-TO-DATE
Caching disabled for task ':app_links:compileDebugLibraryResources' because:
  Build cache is disabled
Skipping task ':app_links:compileDebugLibraryResources' as it is up-to-date.
work action resolve out (project :app_links) (Thread[#1965,Execution worker Thread 5,5,main]) started.
Resolve mutations for :app_links:parseDebugLocalResources (Thread[#1965,Execution worker Thread 5,5,main]) started.
:app_links:parseDebugLocalResources (Thread[#1965,Execution worker Thread 5,5,main]) started.

> Task :app_links:parseDebugLocalResources UP-TO-DATE
Caching disabled for task ':app_links:parseDebugLocalResources' because:
  Build cache is disabled
Skipping task ':app_links:parseDebugLocalResources' as it is up-to-date.
Resolve mutations for :app_links:generateDebugRFile (Thread[#1965,Execution worker Thread 5,5,main]) started.
:app_links:generateDebugRFile (Thread[#1965,Execution worker Thread 5,5,main]) started.

> Task :app_links:generateDebugRFile UP-TO-DATE
Caching disabled for task ':app_links:generateDebugRFile' because:
  Build cache is disabled
Skipping task ':app_links:generateDebugRFile' as it is up-to-date.
work action resolve package-aware-r.txt (project :app_links) (Thread[#1965,Execution worker Thread 5,5,main]) started.
Resolve mutations for :camera_android_camerax:compileDebugLibraryResources (Thread[#1965,Execution worker Thread 5,5,main]) started.
:camera_android_camerax:compileDebugLibraryResources (Thread[#1965,Execution worker Thread 5,5,main]) started.

> Task :camera_android_camerax:compileDebugLibraryResources UP-TO-DATE
Caching disabled for task ':camera_android_camerax:compileDebugLibraryResources' because:
  Build cache is disabled
Skipping task ':camera_android_camerax:compileDebugLibraryResources' as it is up-to-date.
work action resolve out (project :camera_android_camerax) (Thread[#1965,Execution worker Thread 5,5,main]) started.
Resolve mutations for :camera_android_camerax:parseDebugLocalResources (Thread[#1965,Execution worker Thread 5,5,main]) started.
:camera_android_camerax:parseDebugLocalResources (Thread[#1965,Execution worker Thread 5,5,main]) started.

> Task :camera_android_camerax:parseDebugLocalResources UP-TO-DATE
Caching disabled for task ':camera_android_camerax:parseDebugLocalResources' because:
  Build cache is disabled
Skipping task ':camera_android_camerax:parseDebugLocalResources' as it is up-to-date.
Resolve mutations for :camera_android_camerax:generateDebugRFile (Thread[#1965,Execution worker Thread 5,5,main]) started.
:camera_android_camerax:generateDebugRFile (Thread[#1965,Execution worker Thread 5,5,main]) started.

> Task :camera_android_camerax:generateDebugRFile UP-TO-DATE
Caching disabled for task ':camera_android_camerax:generateDebugRFile' because:
  Build cache is disabled
Skipping task ':camera_android_camerax:generateDebugRFile' as it is up-to-date.
work action resolve package-aware-r.txt (project :camera_android_camerax) (Thread[#1965,Execution worker Thread 5,5,main]) started.
Resolve mutations for :file_picker:compileDebugLibraryResources (Thread[#1964,Execution worker Thread 4,5,main]) started.
:file_picker:compileDebugLibraryResources (Thread[#1964,Execution worker Thread 4,5,main]) started.

> Task :file_picker:compileDebugLibraryResources UP-TO-DATE
Caching disabled for task ':file_picker:compileDebugLibraryResources' because:
  Build cache is disabled
Skipping task ':file_picker:compileDebugLibraryResources' as it is up-to-date.
work action resolve out (project :file_picker) (Thread[#1964,Execution worker Thread 4,5,main]) started.
Resolve mutations for :file_picker:parseDebugLocalResources (Thread[#1964,Execution worker Thread 4,5,main]) started.
:file_picker:parseDebugLocalResources (Thread[#1965,Execution worker Thread 5,5,main]) started.

> Task :file_picker:parseDebugLocalResources UP-TO-DATE
Caching disabled for task ':file_picker:parseDebugLocalResources' because:
  Build cache is disabled
Skipping task ':file_picker:parseDebugLocalResources' as it is up-to-date.
Resolve mutations for :file_picker:generateDebugRFile (Thread[#1965,Execution worker Thread 5,5,main]) started.
:file_picker:generateDebugRFile (Thread[#1965,Execution worker Thread 5,5,main]) started.

> Task :file_picker:generateDebugRFile UP-TO-DATE
Caching disabled for task ':file_picker:generateDebugRFile' because:
  Build cache is disabled
Skipping task ':file_picker:generateDebugRFile' as it is up-to-date.
work action resolve package-aware-r.txt (project :file_picker) (Thread[#1965,Execution worker Thread 5,5,main]) started.
Resolve mutations for :flutter_plugin_android_lifecycle:compileDebugLibraryResources (Thread[#1965,Execution worker Thread 5,5,main]) started.
:flutter_plugin_android_lifecycle:compileDebugLibraryResources (Thread[#1965,Execution worker Thread 5,5,main]) started.

> Task :flutter_plugin_android_lifecycle:compileDebugLibraryResources UP-TO-DATE
Caching disabled for task ':flutter_plugin_android_lifecycle:compileDebugLibraryResources' because:
  Build cache is disabled
Skipping task ':flutter_plugin_android_lifecycle:compileDebugLibraryResources' as it is up-to-date.
work action resolve out (project :flutter_plugin_android_lifecycle) (Thread[#1965,Execution worker Thread 5,5,main]) started.
Resolve mutations for :flutter_plugin_android_lifecycle:parseDebugLocalResources (Thread[#1965,Execution worker Thread 5,5,main]) started.
:flutter_plugin_android_lifecycle:parseDebugLocalResources (Thread[#1965,Execution worker Thread 5,5,main]) started.

> Task :flutter_plugin_android_lifecycle:parseDebugLocalResources UP-TO-DATE
Caching disabled for task ':flutter_plugin_android_lifecycle:parseDebugLocalResources' because:
  Build cache is disabled
Skipping task ':flutter_plugin_android_lifecycle:parseDebugLocalResources' as it is up-to-date.
Resolve mutations for :flutter_plugin_android_lifecycle:generateDebugRFile (Thread[#1965,Execution worker Thread 5,5,main]) started.
:flutter_plugin_android_lifecycle:generateDebugRFile (Thread[#1965,Execution worker Thread 5,5,main]) started.

> Task :flutter_plugin_android_lifecycle:generateDebugRFile UP-TO-DATE
Caching disabled for task ':flutter_plugin_android_lifecycle:generateDebugRFile' because:
  Build cache is disabled
Skipping task ':flutter_plugin_android_lifecycle:generateDebugRFile' as it is up-to-date.
work action resolve package-aware-r.txt (project :flutter_plugin_android_lifecycle) (Thread[#1965,Execution worker Thread 5,5,main]) started.
Resolve mutations for :google_mlkit_commons:compileDebugLibraryResources (Thread[#1965,Execution worker Thread 5,5,main]) started.
:google_mlkit_commons:compileDebugLibraryResources (Thread[#1964,Execution worker Thread 4,5,main]) started.

> Task :google_mlkit_commons:compileDebugLibraryResources UP-TO-DATE
Caching disabled for task ':google_mlkit_commons:compileDebugLibraryResources' because:
  Build cache is disabled
Skipping task ':google_mlkit_commons:compileDebugLibraryResources' as it is up-to-date.
work action resolve out (project :google_mlkit_commons) (Thread[#1964,Execution worker Thread 4,5,main]) started.
Resolve mutations for :google_mlkit_commons:parseDebugLocalResources (Thread[#1964,Execution worker Thread 4,5,main]) started.
:google_mlkit_commons:parseDebugLocalResources (Thread[#1962,Execution worker Thread 2,5,main]) started.

> Task :google_mlkit_commons:parseDebugLocalResources UP-TO-DATE
Caching disabled for task ':google_mlkit_commons:parseDebugLocalResources' because:
  Build cache is disabled
Skipping task ':google_mlkit_commons:parseDebugLocalResources' as it is up-to-date.
Resolve mutations for :google_mlkit_commons:generateDebugRFile (Thread[#1962,Execution worker Thread 2,5,main]) started.
:google_mlkit_commons:generateDebugRFile (Thread[#1962,Execution worker Thread 2,5,main]) started.

> Task :google_mlkit_commons:generateDebugRFile UP-TO-DATE
Caching disabled for task ':google_mlkit_commons:generateDebugRFile' because:
  Build cache is disabled
Skipping task ':google_mlkit_commons:generateDebugRFile' as it is up-to-date.
work action resolve package-aware-r.txt (project :google_mlkit_commons) (Thread[#1962,Execution worker Thread 2,5,main]) started.
Resolve mutations for :google_mlkit_text_recognition:compileDebugLibraryResources (Thread[#1962,Execution worker Thread 2,5,main]) started.
:google_mlkit_text_recognition:compileDebugLibraryResources (Thread[#1962,Execution worker Thread 2,5,main]) started.

> Task :google_mlkit_text_recognition:compileDebugLibraryResources UP-TO-DATE
Caching disabled for task ':google_mlkit_text_recognition:compileDebugLibraryResources' because:
  Build cache is disabled
Skipping task ':google_mlkit_text_recognition:compileDebugLibraryResources' as it is up-to-date.
work action resolve out (project :google_mlkit_text_recognition) (Thread[#1962,Execution worker Thread 2,5,main]) started.
Resolve mutations for :google_mlkit_text_recognition:parseDebugLocalResources (Thread[#1962,Execution worker Thread 2,5,main]) started.
:google_mlkit_text_recognition:parseDebugLocalResources (Thread[#1962,Execution worker Thread 2,5,main]) started.

> Task :google_mlkit_text_recognition:parseDebugLocalResources UP-TO-DATE
Caching disabled for task ':google_mlkit_text_recognition:parseDebugLocalResources' because:
  Build cache is disabled
Skipping task ':google_mlkit_text_recognition:parseDebugLocalResources' as it is up-to-date.
Resolve mutations for :google_mlkit_text_recognition:generateDebugRFile (Thread[#1962,Execution worker Thread 2,5,main]) started.
:google_mlkit_text_recognition:generateDebugRFile (Thread[#1962,Execution worker Thread 2,5,main]) started.

> Task :google_mlkit_text_recognition:generateDebugRFile UP-TO-DATE
Caching disabled for task ':google_mlkit_text_recognition:generateDebugRFile' because:
  Build cache is disabled
Skipping task ':google_mlkit_text_recognition:generateDebugRFile' as it is up-to-date.
work action resolve package-aware-r.txt (project :google_mlkit_text_recognition) (Thread[#1962,Execution worker Thread 2,5,main]) started.
Resolve mutations for :image_picker_android:compileDebugLibraryResources (Thread[#1962,Execution worker Thread 2,5,main]) started.
:image_picker_android:compileDebugLibraryResources (Thread[#1962,Execution worker Thread 2,5,main]) started.

> Task :image_picker_android:compileDebugLibraryResources UP-TO-DATE
Caching disabled for task ':image_picker_android:compileDebugLibraryResources' because:
  Build cache is disabled
Skipping task ':image_picker_android:compileDebugLibraryResources' as it is up-to-date.
work action resolve out (project :image_picker_android) (Thread[#1962,Execution worker Thread 2,5,main]) started.
Resolve mutations for :image_picker_android:parseDebugLocalResources (Thread[#1962,Execution worker Thread 2,5,main]) started.
:image_picker_android:parseDebugLocalResources (Thread[#1962,Execution worker Thread 2,5,main]) started.

> Task :image_picker_android:parseDebugLocalResources UP-TO-DATE
Caching disabled for task ':image_picker_android:parseDebugLocalResources' because:
  Build cache is disabled
Skipping task ':image_picker_android:parseDebugLocalResources' as it is up-to-date.
Resolve mutations for :image_picker_android:generateDebugRFile (Thread[#1962,Execution worker Thread 2,5,main]) started.
:image_picker_android:generateDebugRFile (Thread[#1962,Execution worker Thread 2,5,main]) started.

> Task :image_picker_android:generateDebugRFile UP-TO-DATE
Caching disabled for task ':image_picker_android:generateDebugRFile' because:
  Build cache is disabled
Skipping task ':image_picker_android:generateDebugRFile' as it is up-to-date.
work action resolve package-aware-r.txt (project :image_picker_android) (Thread[#1962,Execution worker Thread 2,5,main]) started.
Resolve mutations for :path_provider_android:compileDebugLibraryResources (Thread[#1962,Execution worker Thread 2,5,main]) started.
:path_provider_android:compileDebugLibraryResources (Thread[#1965,Execution worker Thread 5,5,main]) started.

> Task :path_provider_android:compileDebugLibraryResources UP-TO-DATE
Caching disabled for task ':path_provider_android:compileDebugLibraryResources' because:
  Build cache is disabled
Skipping task ':path_provider_android:compileDebugLibraryResources' as it is up-to-date.
work action resolve out (project :path_provider_android) (Thread[#1965,Execution worker Thread 5,5,main]) started.
Resolve mutations for :path_provider_android:parseDebugLocalResources (Thread[#1965,Execution worker Thread 5,5,main]) started.
:path_provider_android:parseDebugLocalResources (Thread[#1965,Execution worker Thread 5,5,main]) started.

> Task :path_provider_android:parseDebugLocalResources UP-TO-DATE
Caching disabled for task ':path_provider_android:parseDebugLocalResources' because:
  Build cache is disabled
Skipping task ':path_provider_android:parseDebugLocalResources' as it is up-to-date.
Resolve mutations for :path_provider_android:generateDebugRFile (Thread[#1965,Execution worker Thread 5,5,main]) started.
:path_provider_android:generateDebugRFile (Thread[#1965,Execution worker Thread 5,5,main]) started.

> Task :path_provider_android:generateDebugRFile UP-TO-DATE
Caching disabled for task ':path_provider_android:generateDebugRFile' because:
  Build cache is disabled
Skipping task ':path_provider_android:generateDebugRFile' as it is up-to-date.
work action resolve package-aware-r.txt (project :path_provider_android) (Thread[#1965,Execution worker Thread 5,5,main]) started.
Resolve mutations for :printing:compileDebugLibraryResources (Thread[#1965,Execution worker Thread 5,5,main]) started.
:printing:compileDebugLibraryResources (Thread[#1965,Execution worker Thread 5,5,main]) started.

> Task :printing:compileDebugLibraryResources UP-TO-DATE
Caching disabled for task ':printing:compileDebugLibraryResources' because:
  Build cache is disabled
Skipping task ':printing:compileDebugLibraryResources' as it is up-to-date.
work action resolve out (project :printing) (Thread[#1965,Execution worker Thread 5,5,main]) started.
Resolve mutations for :printing:parseDebugLocalResources (Thread[#1965,Execution worker Thread 5,5,main]) started.
:printing:parseDebugLocalResources (Thread[#1965,Execution worker Thread 5,5,main]) started.

> Task :printing:parseDebugLocalResources UP-TO-DATE
Caching disabled for task ':printing:parseDebugLocalResources' because:
  Build cache is disabled
Skipping task ':printing:parseDebugLocalResources' as it is up-to-date.
Resolve mutations for :printing:generateDebugRFile (Thread[#1965,Execution worker Thread 5,5,main]) started.
:printing:generateDebugRFile (Thread[#1965,Execution worker Thread 5,5,main]) started.

> Task :printing:generateDebugRFile UP-TO-DATE
Caching disabled for task ':printing:generateDebugRFile' because:
  Build cache is disabled
Skipping task ':printing:generateDebugRFile' as it is up-to-date.
work action resolve package-aware-r.txt (project :printing) (Thread[#1965,Execution worker Thread 5,5,main]) started.
Resolve mutations for :share_plus:compileDebugLibraryResources (Thread[#1965,Execution worker Thread 5,5,main]) started.
:share_plus:compileDebugLibraryResources (Thread[#1965,Execution worker Thread 5,5,main]) started.

> Task :share_plus:compileDebugLibraryResources UP-TO-DATE
Caching disabled for task ':share_plus:compileDebugLibraryResources' because:
  Build cache is disabled
Skipping task ':share_plus:compileDebugLibraryResources' as it is up-to-date.
work action resolve out (project :share_plus) (Thread[#1965,Execution worker Thread 5,5,main]) started.
Resolve mutations for :share_plus:parseDebugLocalResources (Thread[#1965,Execution worker Thread 5,5,main]) started.
:share_plus:parseDebugLocalResources (Thread[#1965,Execution worker Thread 5,5,main]) started.

> Task :share_plus:parseDebugLocalResources UP-TO-DATE
Caching disabled for task ':share_plus:parseDebugLocalResources' because:
  Build cache is disabled
Skipping task ':share_plus:parseDebugLocalResources' as it is up-to-date.
Resolve mutations for :share_plus:generateDebugRFile (Thread[#1965,Execution worker Thread 5,5,main]) started.
:share_plus:generateDebugRFile (Thread[#1965,Execution worker Thread 5,5,main]) started.

> Task :share_plus:generateDebugRFile UP-TO-DATE
Caching disabled for task ':share_plus:generateDebugRFile' because:
  Build cache is disabled
Skipping task ':share_plus:generateDebugRFile' as it is up-to-date.
work action resolve package-aware-r.txt (project :share_plus) (Thread[#1965,Execution worker Thread 5,5,main]) started.
Resolve mutations for :shared_preferences_android:compileDebugLibraryResources (Thread[#1965,Execution worker Thread 5,5,main]) started.
:shared_preferences_android:compileDebugLibraryResources (Thread[#1965,Execution worker Thread 5,5,main]) started.

> Task :shared_preferences_android:compileDebugLibraryResources UP-TO-DATE
Caching disabled for task ':shared_preferences_android:compileDebugLibraryResources' because:
  Build cache is disabled
Skipping task ':shared_preferences_android:compileDebugLibraryResources' as it is up-to-date.
work action resolve out (project :shared_preferences_android) (Thread[#1965,Execution worker Thread 5,5,main]) started.
Resolve mutations for :shared_preferences_android:parseDebugLocalResources (Thread[#1965,Execution worker Thread 5,5,main]) started.
:shared_preferences_android:parseDebugLocalResources (Thread[#1965,Execution worker Thread 5,5,main]) started.

> Task :shared_preferences_android:parseDebugLocalResources UP-TO-DATE
Caching disabled for task ':shared_preferences_android:parseDebugLocalResources' because:
  Build cache is disabled
Skipping task ':shared_preferences_android:parseDebugLocalResources' as it is up-to-date.
Resolve mutations for :shared_preferences_android:generateDebugRFile (Thread[#1965,Execution worker Thread 5,5,main]) started.
:shared_preferences_android:generateDebugRFile (Thread[#1965,Execution worker Thread 5,5,main]) started.

> Task :shared_preferences_android:generateDebugRFile UP-TO-DATE
Caching disabled for task ':shared_preferences_android:generateDebugRFile' because:
  Build cache is disabled
Skipping task ':shared_preferences_android:generateDebugRFile' as it is up-to-date.
work action resolve package-aware-r.txt (project :shared_preferences_android) (Thread[#1965,Execution worker Thread 5,5,main]) started.
Resolve mutations for :sqflite_android:compileDebugLibraryResources (Thread[#1965,Execution worker Thread 5,5,main]) started.
:sqflite_android:compileDebugLibraryResources (Thread[#1962,Execution worker Thread 2,5,main]) started.

> Task :sqflite_android:compileDebugLibraryResources UP-TO-DATE
Caching disabled for task ':sqflite_android:compileDebugLibraryResources' because:
  Build cache is disabled
Skipping task ':sqflite_android:compileDebugLibraryResources' as it is up-to-date.
work action resolve out (project :sqflite_android) (Thread[#1962,Execution worker Thread 2,5,main]) started.
Resolve mutations for :sqflite_android:parseDebugLocalResources (Thread[#1962,Execution worker Thread 2,5,main]) started.
:sqflite_android:parseDebugLocalResources (Thread[#1962,Execution worker Thread 2,5,main]) started.

> Task :sqflite_android:parseDebugLocalResources UP-TO-DATE
Caching disabled for task ':sqflite_android:parseDebugLocalResources' because:
  Build cache is disabled
Skipping task ':sqflite_android:parseDebugLocalResources' as it is up-to-date.
Resolve mutations for :sqflite_android:generateDebugRFile (Thread[#1962,Execution worker Thread 2,5,main]) started.
:sqflite_android:generateDebugRFile (Thread[#1962,Execution worker Thread 2,5,main]) started.

> Task :sqflite_android:generateDebugRFile UP-TO-DATE
Caching disabled for task ':sqflite_android:generateDebugRFile' because:
  Build cache is disabled
Skipping task ':sqflite_android:generateDebugRFile' as it is up-to-date.
work action resolve package-aware-r.txt (project :sqflite_android) (Thread[#1962,Execution worker Thread 2,5,main]) started.
Resolve mutations for :url_launcher_android:compileDebugLibraryResources (Thread[#1962,Execution worker Thread 2,5,main]) started.
:url_launcher_android:compileDebugLibraryResources (Thread[#1962,Execution worker Thread 2,5,main]) started.

> Task :url_launcher_android:compileDebugLibraryResources UP-TO-DATE
Caching disabled for task ':url_launcher_android:compileDebugLibraryResources' because:
  Build cache is disabled
Skipping task ':url_launcher_android:compileDebugLibraryResources' as it is up-to-date.
work action resolve out (project :url_launcher_android) (Thread[#1962,Execution worker Thread 2,5,main]) started.
Resolve mutations for :url_launcher_android:parseDebugLocalResources (Thread[#1962,Execution worker Thread 2,5,main]) started.
:url_launcher_android:parseDebugLocalResources (Thread[#1962,Execution worker Thread 2,5,main]) started.

> Task :url_launcher_android:parseDebugLocalResources UP-TO-DATE
Caching disabled for task ':url_launcher_android:parseDebugLocalResources' because:
  Build cache is disabled
Skipping task ':url_launcher_android:parseDebugLocalResources' as it is up-to-date.
Resolve mutations for :url_launcher_android:generateDebugRFile (Thread[#1962,Execution worker Thread 2,5,main]) started.
:url_launcher_android:generateDebugRFile (Thread[#1962,Execution worker Thread 2,5,main]) started.

> Task :url_launcher_android:generateDebugRFile UP-TO-DATE
Caching disabled for task ':url_launcher_android:generateDebugRFile' because:
  Build cache is disabled
Skipping task ':url_launcher_android:generateDebugRFile' as it is up-to-date.
work action resolve package-aware-r.txt (project :url_launcher_android) (Thread[#1962,Execution worker Thread 2,5,main]) started.
Resolve mutations for :app:processDebugResources (Thread[#1962,Execution worker Thread 2,5,main]) started.
:app:processDebugResources (Thread[#1962,Execution worker Thread 2,5,main]) started.

> Task :app:processDebugResources UP-TO-DATE
Caching disabled for task ':app:processDebugResources' because:
  Build cache is disabled
Skipping task ':app:processDebugResources' as it is up-to-date.
Resolve mutations for :app_links:javaPreCompileDebug (Thread[#1962,Execution worker Thread 2,5,main]) started.
:app_links:javaPreCompileDebug (Thread[#1962,Execution worker Thread 2,5,main]) started.

> Task :app_links:javaPreCompileDebug UP-TO-DATE
Caching disabled for task ':app_links:javaPreCompileDebug' because:
  Build cache is disabled
Skipping task ':app_links:javaPreCompileDebug' as it is up-to-date.
Resolve mutations for :app_links:compileDebugJavaWithJavac (Thread[#1962,Execution worker Thread 2,5,main]) started.
:app_links:compileDebugJavaWithJavac (Thread[#1962,Execution worker Thread 2,5,main]) started.

> Task :app_links:compileDebugJavaWithJavac UP-TO-DATE
Custom actions are attached to task ':app_links:compileDebugJavaWithJavac'.
Caching disabled for task ':app_links:compileDebugJavaWithJavac' because:
  Build cache is disabled
Skipping task ':app_links:compileDebugJavaWithJavac' as it is up-to-date.
No compile result for :app_links:compileDebugJavaWithJavac
No compile result for :app_links:compileDebugJavaWithJavac
No compile result for :app_links:compileDebugJavaWithJavac
Resolve mutations for :app_links:bundleLibCompileToJarDebug (Thread[#1962,Execution worker Thread 2,5,main]) started.
:app_links:bundleLibCompileToJarDebug (Thread[#1962,Execution worker Thread 2,5,main]) started.

> Task :app_links:bundleLibCompileToJarDebug UP-TO-DATE
Caching disabled for task ':app_links:bundleLibCompileToJarDebug' because:
  Build cache is disabled
  Simple merging task
Skipping task ':app_links:bundleLibCompileToJarDebug' as it is up-to-date.
work action resolve classes.jar (project :app_links) (Thread[#1962,Execution worker Thread 2,5,main]) started.
Resolve mutations for :camera_android_camerax:checkKotlinGradlePluginConfigurationErrors (Thread[#1962,Execution worker Thread 2,5,main]) started.
:camera_android_camerax:checkKotlinGradlePluginConfigurationErrors (Thread[#1962,Execution worker Thread 2,5,main]) started.

> Task :camera_android_camerax:checkKotlinGradlePluginConfigurationErrors
Caching disabled for task ':camera_android_camerax:checkKotlinGradlePluginConfigurationErrors' because:
  Build cache is disabled
Task ':camera_android_camerax:checkKotlinGradlePluginConfigurationErrors' is not up-to-date because:
  Task has not declared any outputs despite executing actions.
Resolve mutations for :camera_android_camerax:compileDebugKotlin (Thread[#1962,Execution worker Thread 2,5,main]) started.
:camera_android_camerax:compileDebugKotlin (Thread[#1962,Execution worker Thread 2,5,main]) started.

> Task :camera_android_camerax:compileDebugKotlin UP-TO-DATE
Caching disabled for task ':camera_android_camerax:compileDebugKotlin' because:
  Build cache is disabled
Skipping task ':camera_android_camerax:compileDebugKotlin' as it is up-to-date.
Resolve mutations for :camera_android_camerax:javaPreCompileDebug (Thread[#1962,Execution worker Thread 2,5,main]) started.
:camera_android_camerax:javaPreCompileDebug (Thread[#1962,Execution worker Thread 2,5,main]) started.

> Task :camera_android_camerax:javaPreCompileDebug UP-TO-DATE
Caching disabled for task ':camera_android_camerax:javaPreCompileDebug' because:
  Build cache is disabled
Skipping task ':camera_android_camerax:javaPreCompileDebug' as it is up-to-date.
Resolve mutations for :camera_android_camerax:compileDebugJavaWithJavac (Thread[#1962,Execution worker Thread 2,5,main]) started.
:camera_android_camerax:compileDebugJavaWithJavac (Thread[#1962,Execution worker Thread 2,5,main]) started.

> Task :camera_android_camerax:compileDebugJavaWithJavac UP-TO-DATE
Custom actions are attached to task ':camera_android_camerax:compileDebugJavaWithJavac'.
Caching disabled for task ':camera_android_camerax:compileDebugJavaWithJavac' because:
  Build cache is disabled
Skipping task ':camera_android_camerax:compileDebugJavaWithJavac' as it is up-to-date.
No compile result for :camera_android_camerax:compileDebugJavaWithJavac
No compile result for :camera_android_camerax:compileDebugJavaWithJavac
No compile result for :camera_android_camerax:compileDebugJavaWithJavac
Resolve mutations for :camera_android_camerax:bundleLibCompileToJarDebug (Thread[#1962,Execution worker Thread 2,5,main]) started.
:camera_android_camerax:bundleLibCompileToJarDebug (Thread[#1962,Execution worker Thread 2,5,main]) started.

> Task :camera_android_camerax:bundleLibCompileToJarDebug UP-TO-DATE
Caching disabled for task ':camera_android_camerax:bundleLibCompileToJarDebug' because:
  Build cache is disabled
  Simple merging task
Skipping task ':camera_android_camerax:bundleLibCompileToJarDebug' as it is up-to-date.
work action resolve classes.jar (project :camera_android_camerax) (Thread[#1962,Execution worker Thread 2,5,main]) started.
Resolve mutations for :file_picker:javaPreCompileDebug (Thread[#1967,Execution worker Thread 7,5,main]) started.
:file_picker:javaPreCompileDebug (Thread[#1965,Execution worker Thread 5,5,main]) started.

> Task :file_picker:javaPreCompileDebug UP-TO-DATE
Caching disabled for task ':file_picker:javaPreCompileDebug' because:
  Build cache is disabled
Skipping task ':file_picker:javaPreCompileDebug' as it is up-to-date.
Resolve mutations for :flutter_plugin_android_lifecycle:javaPreCompileDebug (Thread[#1965,Execution worker Thread 5,5,main]) started.
:flutter_plugin_android_lifecycle:javaPreCompileDebug (Thread[#1965,Execution worker Thread 5,5,main]) started.

> Task :flutter_plugin_android_lifecycle:javaPreCompileDebug UP-TO-DATE
Caching disabled for task ':flutter_plugin_android_lifecycle:javaPreCompileDebug' because:
  Build cache is disabled
Skipping task ':flutter_plugin_android_lifecycle:javaPreCompileDebug' as it is up-to-date.
Resolve mutations for :flutter_plugin_android_lifecycle:compileDebugJavaWithJavac (Thread[#1965,Execution worker Thread 5,5,main]) started.
:flutter_plugin_android_lifecycle:compileDebugJavaWithJavac (Thread[#1965,Execution worker Thread 5,5,main]) started.

> Task :flutter_plugin_android_lifecycle:compileDebugJavaWithJavac UP-TO-DATE
Custom actions are attached to task ':flutter_plugin_android_lifecycle:compileDebugJavaWithJavac'.
Caching disabled for task ':flutter_plugin_android_lifecycle:compileDebugJavaWithJavac' because:
  Build cache is disabled
Skipping task ':flutter_plugin_android_lifecycle:compileDebugJavaWithJavac' as it is up-to-date.
No compile result for :flutter_plugin_android_lifecycle:compileDebugJavaWithJavac
No compile result for :flutter_plugin_android_lifecycle:compileDebugJavaWithJavac
No compile result for :flutter_plugin_android_lifecycle:compileDebugJavaWithJavac
Resolve mutations for :flutter_plugin_android_lifecycle:bundleLibCompileToJarDebug (Thread[#1965,Execution worker Thread 5,5,main]) started.
:flutter_plugin_android_lifecycle:bundleLibCompileToJarDebug (Thread[#1964,Execution worker Thread 4,5,main]) started.

> Task :flutter_plugin_android_lifecycle:bundleLibCompileToJarDebug UP-TO-DATE
Caching disabled for task ':flutter_plugin_android_lifecycle:bundleLibCompileToJarDebug' because:
  Build cache is disabled
  Simple merging task
Skipping task ':flutter_plugin_android_lifecycle:bundleLibCompileToJarDebug' as it is up-to-date.
work action resolve classes.jar (project :flutter_plugin_android_lifecycle) (Thread[#1964,Execution worker Thread 4,5,main]) started.
Resolve mutations for :file_picker:compileDebugJavaWithJavac (Thread[#1963,Execution worker Thread 3,5,main]) started.
:file_picker:compileDebugJavaWithJavac (Thread[#1963,Execution worker Thread 3,5,main]) started.

> Task :file_picker:compileDebugJavaWithJavac FAILED
Custom actions are attached to task ':file_picker:compileDebugJavaWithJavac'.
Caching disabled for task ':file_picker:compileDebugJavaWithJavac' because:
  Build cache is disabled
Task ':file_picker:compileDebugJavaWithJavac' is not up-to-date because:
  Task has failed previously.
The input changes require a full rebuild for incremental task ':file_picker:compileDebugJavaWithJavac'.
Java compiler version 21 has deprecated support for compiling with source/target version 8.
Try one of the following options:
    1. [Recommended] Use Java toolchain with a lower language version
    2. Set a higher source/target version
    3. Use a lower version of the JDK running the build (if you're not using Java toolchain)
For more details on how to configure these settings, see https://developer.android.com/build/jdks.
To suppress this warning, set android.javaCompile.suppressSourceTargetDeprecationWarning=true in gradle.properties.
Compilation mode: in-process compilation
Full recompilation is required because no incremental change information is available. This is usually caused by clean builds or changing compiler arguments.
Compiling with toolchain 'C:\Program Files\Android\Android Studio\jbr'.
file or directory 'C:\Users\lucas\AppData\Local\Pub\Cache\hosted\pub.dev\file_picker-6.2.1\android\src\debug\java', not found
Compiling with JDK Java compiler API.
warning: [options] source value 8 is obsolete and will be removed in a future release
warning: [options] target value 8 is obsolete and will be removed in a future release
warning: [options] To suppress warnings about obsolete options, use -Xlint:-options.
C:\Users\lucas\AppData\Local\Pub\Cache\hosted\pub.dev\file_picker-6.2.1\android\src\main\java\com\mr\flutter\plugin\filepicker\FilePickerPlugin.java:122: error: cannot find symbol
    public static void registerWith(final io.flutter.plugin.common.PluginRegistry.Registrar registrar) {
                                                                                 ^
  symbol:   class Registrar
  location: interface PluginRegistry
C:\Users\lucas\AppData\Local\Pub\Cache\hosted\pub.dev\file_picker-6.2.1\android\src\main\java\com\mr\flutter\plugin\filepicker\FilePickerPlugin.java:251: error: cannot find symbol
            final PluginRegistry.Registrar registrar,
                                ^
  symbol:   class Registrar
  location: interface PluginRegistry
2 errors
3 warnings
Could not execute [report metric STATISTICS_COLLECT_METRICS_OVERHEAD]
Could not execute [report metric STATISTICS_COLLECT_METRICS_OVERHEAD]

[Incubating] Problems report is available at: file:///C:/Users/lucas/OneDrive/Desktop/app%20pagly/smartcart-ui-refresh/mobile_flutter/build/reports/problems/problems-report.html

FAILURE: Build failed with an exception.

* What went wrong:
Execution failed for task ':file_picker:compileDebugJavaWithJavac'.
> Compilation failed; see the compiler output below.
  warning: [options] target value 8 is obsolete and will be removed in a future release
  warning: [options] source value 8 is obsolete and will be removed in a future release
  C:\Users\lucas\AppData\Local\Pub\Cache\hosted\pub.dev\file_picker-6.2.1\android\src\main\java\com\mr\flutter\plugin\filepicker\FilePickerPlugin.java:122: error: cannot find symbol
      public static void registerWith(final io.flutter.plugin.common.PluginRegistry.Registrar registrar) {
                                                                                   ^
    symbol:   class Registrar
    location: interface PluginRegistry
  C:\Users\lucas\AppData\Local\Pub\Cache\hosted\pub.dev\file_picker-6.2.1\android\src\main\java\com\mr\flutter\plugin\filepicker\FilePickerPlugin.java:251: error: cannot find symbol
              final PluginRegistry.Registrar registrar,
                                  ^
    symbol:   class Registrar
    location: interface PluginRegistry
  warning: [options] To suppress warnings about obsolete options, use -Xlint:-options.
  2 errors
  3 warnings

* Try:
> Check your code and dependencies to fix the compilation error(s)
> Run with --scan to get full insights.

* Exception is:
org.gradle.api.tasks.TaskExecutionException: Execution failed for task ':file_picker:compileDebugJavaWithJavac'.
	at org.gradle.api.internal.tasks.execution.ExecuteActionsTaskExecuter.lambda$executeIfValid$1(ExecuteActionsTaskExecuter.java:130)
	at org.gradle.internal.Try$Failure.ifSuccessfulOrElse(Try.java:293)
	at org.gradle.api.internal.tasks.execution.ExecuteActionsTaskExecuter.executeIfValid(ExecuteActionsTaskExecuter.java:128)
	at org.gradle.api.internal.tasks.execution.ExecuteActionsTaskExecuter.execute(ExecuteActionsTaskExecuter.java:116)
	at org.gradle.api.internal.tasks.execution.ProblemsTaskPathTrackingTaskExecuter.execute(ProblemsTaskPathTrackingTaskExecuter.java:41)
	at org.gradle.api.internal.tasks.execution.FinalizePropertiesTaskExecuter.execute(FinalizePropertiesTaskExecuter.java:46)
	at org.gradle.api.internal.tasks.execution.ResolveTaskExecutionModeExecuter.execute(ResolveTaskExecutionModeExecuter.java:51)
	at org.gradle.api.internal.tasks.execution.SkipTaskWithNoActionsExecuter.execute(SkipTaskWithNoActionsExecuter.java:57)
	at org.gradle.api.internal.tasks.execution.SkipOnlyIfTaskExecuter.execute(SkipOnlyIfTaskExecuter.java:74)
	at org.gradle.api.internal.tasks.execution.CatchExceptionTaskExecuter.execute(CatchExceptionTaskExecuter.java:36)
	at org.gradle.api.internal.tasks.execution.EventFiringTaskExecuter$1.executeTask(EventFiringTaskExecuter.java:77)
	at org.gradle.api.internal.tasks.execution.EventFiringTaskExecuter$1.call(EventFiringTaskExecuter.java:55)
	at org.gradle.api.internal.tasks.execution.EventFiringTaskExecuter$1.call(EventFiringTaskExecuter.java:52)
	at org.gradle.internal.operations.DefaultBuildOperationRunner$CallableBuildOperationWorker.execute(DefaultBuildOperationRunner.java:210)
	at org.gradle.internal.operations.DefaultBuildOperationRunner$CallableBuildOperationWorker.execute(DefaultBuildOperationRunner.java:205)
	at org.gradle.internal.operations.DefaultBuildOperationRunner$2.execute(DefaultBuildOperationRunner.java:67)
	at org.gradle.internal.operations.DefaultBuildOperationRunner$2.execute(DefaultBuildOperationRunner.java:60)
	at org.gradle.internal.operations.DefaultBuildOperationRunner.execute(DefaultBuildOperationRunner.java:167)
	at org.gradle.internal.operations.DefaultBuildOperationRunner.execute(DefaultBuildOperationRunner.java:60)
	at org.gradle.internal.operations.DefaultBuildOperationRunner.call(DefaultBuildOperationRunner.java:54)
	at org.gradle.api.internal.tasks.execution.EventFiringTaskExecuter.execute(EventFiringTaskExecuter.java:52)
	at org.gradle.execution.plan.LocalTaskNodeExecutor.execute(LocalTaskNodeExecutor.java:42)
	at org.gradle.execution.taskgraph.DefaultTaskExecutionGraph$InvokeNodeExecutorsAction.execute(DefaultTaskExecutionGraph.java:331)
	at org.gradle.execution.taskgraph.DefaultTaskExecutionGraph$InvokeNodeExecutorsAction.execute(DefaultTaskExecutionGraph.java:318)
	at org.gradle.execution.taskgraph.DefaultTaskExecutionGraph$BuildOperationAwareExecutionAction.lambda$execute$0(DefaultTaskExecutionGraph.java:314)
	at org.gradle.internal.operations.CurrentBuildOperationRef.with(CurrentBuildOperationRef.java:85)
	at org.gradle.execution.taskgraph.DefaultTaskExecutionGraph$BuildOperationAwareExecutionAction.execute(DefaultTaskExecutionGraph.java:314)
	at org.gradle.execution.taskgraph.DefaultTaskExecutionGraph$BuildOperationAwareExecutionAction.execute(DefaultTaskExecutionGraph.java:303)
	at org.gradle.execution.plan.DefaultPlanExecutor$ExecutorWorker.execute(DefaultPlanExecutor.java:459)
	at org.gradle.execution.plan.DefaultPlanExecutor$ExecutorWorker.run(DefaultPlanExecutor.java:376)
	at org.gradle.internal.concurrent.ExecutorPolicy$CatchAndRecordFailures.onExecute(ExecutorPolicy.java:64)
	at org.gradle.internal.concurrent.AbstractManagedExecutor$1.run(AbstractManagedExecutor.java:48)
Caused by: org.gradle.api.internal.tasks.compile.CompilationFailedException: Compilation failed; see the compiler output below.
warning: [options] target value 8 is obsolete and will be removed in a future release
warning: [options] source value 8 is obsolete and will be removed in a future release
C:\Users\lucas\AppData\Local\Pub\Cache\hosted\pub.dev\file_picker-6.2.1\android\src\main\java\com\mr\flutter\plugin\filepicker\FilePickerPlugin.java:122: error: cannot find symbol
    public static void registerWith(final io.flutter.plugin.common.PluginRegistry.Registrar registrar) {
                                                                                 ^
  symbol:   class Registrar
  location: interface PluginRegistry
C:\Users\lucas\AppData\Local\Pub\Cache\hosted\pub.dev\file_picker-6.2.1\android\src\main\java\com\mr\flutter\plugin\filepicker\FilePickerPlugin.java:251: error: cannot find symbol
            final PluginRegistry.Registrar registrar,
                                ^
  symbol:   class Registrar
  location: interface PluginRegistry
warning: [options] To suppress warnings about obsolete options, use -Xlint:-options.
2 errors
3 warnings
	at org.gradle.api.internal.tasks.compile.JdkJavaCompiler.execute(JdkJavaCompiler.java:89)
	at org.gradle.api.internal.tasks.compile.JdkJavaCompiler.execute(JdkJavaCompiler.java:50)
	at org.gradle.api.internal.tasks.compile.NormalizingJavaCompiler.delegateAndHandleErrors(NormalizingJavaCompiler.java:98)
	at org.gradle.api.internal.tasks.compile.NormalizingJavaCompiler.execute(NormalizingJavaCompiler.java:52)
	at org.gradle.api.internal.tasks.compile.NormalizingJavaCompiler.execute(NormalizingJavaCompiler.java:38)
	at org.gradle.api.internal.tasks.compile.AnnotationProcessorDiscoveringCompiler.execute(AnnotationProcessorDiscoveringCompiler.java:52)
	at org.gradle.api.internal.tasks.compile.AnnotationProcessorDiscoveringCompiler.execute(AnnotationProcessorDiscoveringCompiler.java:38)
	at org.gradle.api.internal.tasks.compile.ModuleApplicationNameWritingCompiler.execute(ModuleApplicationNameWritingCompiler.java:46)
	at org.gradle.api.internal.tasks.compile.ModuleApplicationNameWritingCompiler.execute(ModuleApplicationNameWritingCompiler.java:36)
	at org.gradle.jvm.toolchain.internal.DefaultToolchainJavaCompiler.execute(DefaultToolchainJavaCompiler.java:57)
	at org.gradle.api.tasks.compile.JavaCompile.lambda$createToolchainCompiler$3(JavaCompile.java:206)
	at org.gradle.api.internal.tasks.compile.CleaningJavaCompiler.execute(CleaningJavaCompiler.java:53)
	at org.gradle.api.internal.tasks.compile.incremental.IncrementalCompilerFactory.lambda$createRebuildAllCompiler$0(IncrementalCompilerFactory.java:55)
	at org.gradle.api.internal.tasks.compile.incremental.SelectiveCompiler.execute(SelectiveCompiler.java:70)
	at org.gradle.api.internal.tasks.compile.incremental.SelectiveCompiler.execute(SelectiveCompiler.java:44)
	at org.gradle.api.internal.tasks.compile.incremental.IncrementalResultStoringCompiler.execute(IncrementalResultStoringCompiler.java:66)
	at org.gradle.api.internal.tasks.compile.incremental.IncrementalResultStoringCompiler.execute(IncrementalResultStoringCompiler.java:52)
	at org.gradle.api.internal.tasks.compile.CompileJavaBuildOperationReportingCompiler$1.call(CompileJavaBuildOperationReportingCompiler.java:64)
	at org.gradle.api.internal.tasks.compile.CompileJavaBuildOperationReportingCompiler$1.call(CompileJavaBuildOperationReportingCompiler.java:48)
	at org.gradle.internal.operations.DefaultBuildOperationRunner$CallableBuildOperationWorker.execute(DefaultBuildOperationRunner.java:210)
	at org.gradle.internal.operations.DefaultBuildOperationRunner$CallableBuildOperationWorker.execute(DefaultBuildOperationRunner.java:205)
	at org.gradle.internal.operations.DefaultBuildOperationRunner$2.execute(DefaultBuildOperationRunner.java:67)
	at org.gradle.internal.operations.DefaultBuildOperationRunner$2.execute(DefaultBuildOperationRunner.java:60)
	at org.gradle.internal.operations.DefaultBuildOperationRunner.execute(DefaultBuildOperationRunner.java:167)
	at org.gradle.internal.operations.DefaultBuildOperationRunner.execute(DefaultBuildOperationRunner.java:60)
	at org.gradle.internal.operations.DefaultBuildOperationRunner.call(DefaultBuildOperationRunner.java:54)
	at org.gradle.api.internal.tasks.compile.CompileJavaBuildOperationReportingCompiler.execute(CompileJavaBuildOperationReportingCompiler.java:48)
	at org.gradle.api.tasks.compile.JavaCompile.performCompilation(JavaCompile.java:224)
	at org.gradle.api.tasks.compile.JavaCompile.performIncrementalCompilation(JavaCompile.java:165)
	at org.gradle.api.tasks.compile.JavaCompile.compile(JavaCompile.java:150)
	at java.base/jdk.internal.reflect.DirectMethodHandleAccessor.invoke(Unknown Source)
	at org.gradle.internal.reflect.JavaMethod.invoke(JavaMethod.java:125)
	at org.gradle.api.internal.project.taskfactory.IncrementalTaskAction.doExecute(IncrementalTaskAction.java:45)
	at org.gradle.api.internal.project.taskfactory.StandardTaskAction.execute(StandardTaskAction.java:51)
	at org.gradle.api.internal.project.taskfactory.IncrementalTaskAction.execute(IncrementalTaskAction.java:26)
	at org.gradle.api.internal.project.taskfactory.StandardTaskAction.execute(StandardTaskAction.java:29)
	at org.gradle.api.internal.tasks.execution.TaskExecution$3.run(TaskExecution.java:244)
	at org.gradle.internal.operations.DefaultBuildOperationRunner$1.execute(DefaultBuildOperationRunner.java:30)
	at org.gradle.internal.operations.DefaultBuildOperationRunner$1.execute(DefaultBuildOperationRunner.java:27)
	at org.gradle.internal.operations.DefaultBuildOperationRunner$2.execute(DefaultBuildOperationRunner.java:67)
	at org.gradle.internal.operations.DefaultBuildOperationRunner$2.execute(DefaultBuildOperationRunner.java:60)
	at org.gradle.internal.operations.DefaultBuildOperationRunner.execute(DefaultBuildOperationRunner.java:167)
	at org.gradle.internal.operations.DefaultBuildOperationRunner.execute(DefaultBuildOperationRunner.java:60)
	at org.gradle.internal.operations.DefaultBuildOperationRunner.run(DefaultBuildOperationRunner.java:48)
	at org.gradle.api.internal.tasks.execution.TaskExecution.executeAction(TaskExecution.java:229)
	at org.gradle.api.internal.tasks.execution.TaskExecution.executeActions(TaskExecution.java:212)
	at org.gradle.api.internal.tasks.execution.TaskExecution.executeWithPreviousOutputFiles(TaskExecution.java:195)
	at org.gradle.api.internal.tasks.execution.TaskExecution.execute(TaskExecution.java:162)
	at org.gradle.internal.execution.steps.ExecuteStep.executeInternal(ExecuteStep.java:105)
	at org.gradle.internal.execution.steps.ExecuteStep.access$000(ExecuteStep.java:44)
	at org.gradle.internal.execution.steps.ExecuteStep$1.call(ExecuteStep.java:59)
	at org.gradle.internal.execution.steps.ExecuteStep$1.call(ExecuteStep.java:56)
	at org.gradle.internal.operations.DefaultBuildOperationRunner$CallableBuildOperationWorker.execute(DefaultBuildOperationRunner.java:210)
	at org.gradle.internal.operations.DefaultBuildOperationRunner$CallableBuildOperationWorker.execute(DefaultBuildOperationRunner.java:205)
	at org.gradle.internal.operations.DefaultBuildOperationRunner$2.execute(DefaultBuildOperationRunner.java:67)
	at org.gradle.internal.operations.DefaultBuildOperationRunner$2.execute(DefaultBuildOperationRunner.java:60)
	at org.gradle.internal.operations.DefaultBuildOperationRunner.execute(DefaultBuildOperationRunner.java:167)
	at org.gradle.internal.operations.DefaultBuildOperationRunner.execute(DefaultBuildOperationRunner.java:60)
	at org.gradle.internal.operations.DefaultBuildOperationRunner.call(DefaultBuildOperationRunner.java:54)
	at org.gradle.internal.execution.steps.ExecuteStep.execute(ExecuteStep.java:56)
	at org.gradle.internal.execution.steps.ExecuteStep.execute(ExecuteStep.java:44)
	at org.gradle.internal.execution.steps.CancelExecutionStep.execute(CancelExecutionStep.java:42)
	at org.gradle.internal.execution.steps.TimeoutStep.executeWithoutTimeout(TimeoutStep.java:75)
	at org.gradle.internal.execution.steps.TimeoutStep.execute(TimeoutStep.java:55)
	at org.gradle.internal.execution.steps.PreCreateOutputParentsStep.execute(PreCreateOutputParentsStep.java:50)
	at org.gradle.internal.execution.steps.PreCreateOutputParentsStep.execute(PreCreateOutputParentsStep.java:28)
	at org.gradle.internal.execution.steps.RemovePreviousOutputsStep.execute(RemovePreviousOutputsStep.java:67)
	at org.gradle.internal.execution.steps.RemovePreviousOutputsStep.execute(RemovePreviousOutputsStep.java:37)
	at org.gradle.internal.execution.steps.BroadcastChangingOutputsStep.execute(BroadcastChangingOutputsStep.java:61)
	at org.gradle.internal.execution.steps.BroadcastChangingOutputsStep.execute(BroadcastChangingOutputsStep.java:26)
	at org.gradle.internal.execution.steps.CaptureOutputsAfterExecutionStep.execute(CaptureOutputsAfterExecutionStep.java:69)
	at org.gradle.internal.execution.steps.CaptureOutputsAfterExecutionStep.execute(CaptureOutputsAfterExecutionStep.java:46)
	at org.gradle.internal.execution.steps.ResolveInputChangesStep.execute(ResolveInputChangesStep.java:40)
	at org.gradle.internal.execution.steps.ResolveInputChangesStep.execute(ResolveInputChangesStep.java:29)
	at org.gradle.internal.execution.steps.BuildCacheStep.executeWithoutCache(BuildCacheStep.java:189)
	at org.gradle.internal.execution.steps.BuildCacheStep.lambda$execute$1(BuildCacheStep.java:75)
	at org.gradle.internal.Either$Right.fold(Either.java:175)
	at org.gradle.internal.execution.caching.CachingState.fold(CachingState.java:62)
	at org.gradle.internal.execution.steps.BuildCacheStep.execute(BuildCacheStep.java:73)
	at org.gradle.internal.execution.steps.BuildCacheStep.execute(BuildCacheStep.java:48)
	at org.gradle.internal.execution.steps.StoreExecutionStateStep.execute(StoreExecutionStateStep.java:46)
	at org.gradle.internal.execution.steps.StoreExecutionStateStep.execute(StoreExecutionStateStep.java:35)
	at org.gradle.internal.execution.steps.SkipUpToDateStep.executeBecause(SkipUpToDateStep.java:75)
	at org.gradle.internal.execution.steps.SkipUpToDateStep.lambda$execute$2(SkipUpToDateStep.java:53)
	at org.gradle.internal.execution.steps.SkipUpToDateStep.execute(SkipUpToDateStep.java:53)
	at org.gradle.internal.execution.steps.SkipUpToDateStep.execute(SkipUpToDateStep.java:35)
	at org.gradle.internal.execution.steps.legacy.MarkSnapshottingInputsFinishedStep.execute(MarkSnapshottingInputsFinishedStep.java:37)
	at org.gradle.internal.execution.steps.legacy.MarkSnapshottingInputsFinishedStep.execute(MarkSnapshottingInputsFinishedStep.java:27)
	at org.gradle.internal.execution.steps.ResolveIncrementalCachingStateStep.executeDelegate(ResolveIncrementalCachingStateStep.java:49)
	at org.gradle.internal.execution.steps.ResolveIncrementalCachingStateStep.executeDelegate(ResolveIncrementalCachingStateStep.java:27)
	at org.gradle.internal.execution.steps.AbstractResolveCachingStateStep.execute(AbstractResolveCachingStateStep.java:71)
	at org.gradle.internal.execution.steps.AbstractResolveCachingStateStep.execute(AbstractResolveCachingStateStep.java:39)
	at org.gradle.internal.execution.steps.ResolveChangesStep.execute(ResolveChangesStep.java:65)
	at org.gradle.internal.execution.steps.ResolveChangesStep.execute(ResolveChangesStep.java:36)
	at org.gradle.internal.execution.steps.ValidateStep.execute(ValidateStep.java:107)
	at org.gradle.internal.execution.steps.ValidateStep.execute(ValidateStep.java:56)
	at org.gradle.internal.execution.steps.AbstractCaptureStateBeforeExecutionStep.execute(AbstractCaptureStateBeforeExecutionStep.java:64)
	at org.gradle.internal.execution.steps.AbstractCaptureStateBeforeExecutionStep.execute(AbstractCaptureStateBeforeExecutionStep.java:43)
	at org.gradle.internal.execution.steps.AbstractSkipEmptyWorkStep.executeWithNonEmptySources(AbstractSkipEmptyWorkStep.java:125)
	at org.gradle.internal.execution.steps.AbstractSkipEmptyWorkStep.execute(AbstractSkipEmptyWorkStep.java:61)
	at org.gradle.internal.execution.steps.AbstractSkipEmptyWorkStep.execute(AbstractSkipEmptyWorkStep.java:36)
	at org.gradle.internal.execution.steps.legacy.MarkSnapshottingInputsStartedStep.execute(MarkSnapshottingInputsStartedStep.java:38)
	at org.gradle.internal.execution.steps.LoadPreviousExecutionStateStep.execute(LoadPreviousExecutionStateStep.java:36)
	at org.gradle.internal.execution.steps.LoadPreviousExecutionStateStep.execute(LoadPreviousExecutionStateStep.java:23)
	at org.gradle.internal.execution.steps.HandleStaleOutputsStep.execute(HandleStaleOutputsStep.java:75)
	at org.gradle.internal.execution.steps.HandleStaleOutputsStep.execute(HandleStaleOutputsStep.java:41)
	at org.gradle.internal.execution.steps.AssignMutableWorkspaceStep.lambda$execute$0(AssignMutableWorkspaceStep.java:35)
	at org.gradle.api.internal.tasks.execution.TaskExecution$4.withWorkspace(TaskExecution.java:289)
	at org.gradle.internal.execution.steps.AssignMutableWorkspaceStep.execute(AssignMutableWorkspaceStep.java:31)
	at org.gradle.internal.execution.steps.AssignMutableWorkspaceStep.execute(AssignMutableWorkspaceStep.java:22)
	at org.gradle.internal.execution.steps.ChoosePipelineStep.execute(ChoosePipelineStep.java:40)
	at org.gradle.internal.execution.steps.ChoosePipelineStep.execute(ChoosePipelineStep.java:23)
	at org.gradle.internal.execution.steps.ExecuteWorkBuildOperationFiringStep.lambda$execute$2(ExecuteWorkBuildOperationFiringStep.java:67)
	at org.gradle.internal.execution.steps.ExecuteWorkBuildOperationFiringStep.execute(ExecuteWorkBuildOperationFiringStep.java:67)
	at org.gradle.internal.execution.steps.ExecuteWorkBuildOperationFiringStep.execute(ExecuteWorkBuildOperationFiringStep.java:39)
	at org.gradle.internal.execution.steps.IdentityCacheStep.execute(IdentityCacheStep.java:46)
	at org.gradle.internal.execution.steps.IdentityCacheStep.execute(IdentityCacheStep.java:34)
	at org.gradle.internal.execution.steps.IdentifyStep.execute(IdentifyStep.java:48)
	at org.gradle.internal.execution.steps.IdentifyStep.execute(IdentifyStep.java:35)
	at org.gradle.internal.execution.impl.DefaultExecutionEngine$1.execute(DefaultExecutionEngine.java:64)
	at org.gradle.api.internal.tasks.execution.ExecuteActionsTaskExecuter.executeIfValid(ExecuteActionsTaskExecuter.java:127)
	at org.gradle.api.internal.tasks.execution.ExecuteActionsTaskExecuter.execute(ExecuteActionsTaskExecuter.java:116)
	at org.gradle.api.internal.tasks.execution.ProblemsTaskPathTrackingTaskExecuter.execute(ProblemsTaskPathTrackingTaskExecuter.java:41)
	at org.gradle.api.internal.tasks.execution.FinalizePropertiesTaskExecuter.execute(FinalizePropertiesTaskExecuter.java:46)
	at org.gradle.api.internal.tasks.execution.ResolveTaskExecutionModeExecuter.execute(ResolveTaskExecutionModeExecuter.java:51)
	at org.gradle.api.internal.tasks.execution.SkipTaskWithNoActionsExecuter.execute(SkipTaskWithNoActionsExecuter.java:57)
	at org.gradle.api.internal.tasks.execution.SkipOnlyIfTaskExecuter.execute(SkipOnlyIfTaskExecuter.java:74)
	at org.gradle.api.internal.tasks.execution.CatchExceptionTaskExecuter.execute(CatchExceptionTaskExecuter.java:36)
	at org.gradle.api.internal.tasks.execution.EventFiringTaskExecuter$1.executeTask(EventFiringTaskExecuter.java:77)
	at org.gradle.api.internal.tasks.execution.EventFiringTaskExecuter$1.call(EventFiringTaskExecuter.java:55)
	at org.gradle.api.internal.tasks.execution.EventFiringTaskExecuter$1.call(EventFiringTaskExecuter.java:52)
	at org.gradle.internal.operations.DefaultBuildOperationRunner$CallableBuildOperationWorker.execute(DefaultBuildOperationRunner.java:210)
	at org.gradle.internal.operations.DefaultBuildOperationRunner$CallableBuildOperationWorker.execute(DefaultBuildOperationRunner.java:205)
	at org.gradle.internal.operations.DefaultBuildOperationRunner$2.execute(DefaultBuildOperationRunner.java:67)
	at org.gradle.internal.operations.DefaultBuildOperationRunner$2.execute(DefaultBuildOperationRunner.java:60)
	at org.gradle.internal.operations.DefaultBuildOperationRunner.execute(DefaultBuildOperationRunner.java:167)
	at org.gradle.internal.operations.DefaultBuildOperationRunner.execute(DefaultBuildOperationRunner.java:60)
	at org.gradle.internal.operations.DefaultBuildOperationRunner.call(DefaultBuildOperationRunner.java:54)
	at org.gradle.api.internal.tasks.execution.EventFiringTaskExecuter.execute(EventFiringTaskExecuter.java:52)
	at org.gradle.execution.plan.LocalTaskNodeExecutor.execute(LocalTaskNodeExecutor.java:42)
	at org.gradle.execution.taskgraph.DefaultTaskExecutionGraph$InvokeNodeExecutorsAction.execute(DefaultTaskExecutionGraph.java:331)
	at org.gradle.execution.taskgraph.DefaultTaskExecutionGraph$InvokeNodeExecutorsAction.execute(DefaultTaskExecutionGraph.java:318)
	at org.gradle.execution.taskgraph.DefaultTaskExecutionGraph$BuildOperationAwareExecutionAction.lambda$execute$0(DefaultTaskExecutionGraph.java:314)
	at org.gradle.internal.operations.CurrentBuildOperationRef.with(CurrentBuildOperationRef.java:85)
	at org.gradle.execution.taskgraph.DefaultTaskExecutionGraph$BuildOperationAwareExecutionAction.execute(DefaultTaskExecutionGraph.java:314)
	at org.gradle.execution.taskgraph.DefaultTaskExecutionGraph$BuildOperationAwareExecutionAction.execute(DefaultTaskExecutionGraph.java:303)
	at org.gradle.execution.plan.DefaultPlanExecutor$ExecutorWorker.execute(DefaultPlanExecutor.java:459)
	at org.gradle.execution.plan.DefaultPlanExecutor$ExecutorWorker.run(DefaultPlanExecutor.java:376)
	at org.gradle.internal.concurrent.ExecutorPolicy$CatchAndRecordFailures.onExecute(ExecutorPolicy.java:64)
	at org.gradle.internal.concurrent.AbstractManagedExecutor$1.run(AbstractManagedExecutor.java:48)


Deprecated Gradle features were used in this build, making it incompatible with Gradle 9.0.

You can use '--warning-mode all' to show the individual deprecation warnings and determine if they come from your own scripts or plugins.

For more on this, please refer to https://docs.gradle.org/8.14/userguide/command_line_interface.html#sec:command_line_warnings in the Gradle documentation.

BUILD FAILED in 9s
182 actionable tasks: 7 executed, 175 up-to-date
Watched directory hierarchies: [C:\src\flutter\packages\flutter_tools\gradle, C:\Users\lucas\OneDrive\Desktop\app pagly\smartcart-ui-refresh\mobile_flutter\android]
